[0.046s] Invoking command in '/home/fabian/yb_support/unilidar_sdk2/build/unitree_lidar_ros2': CMAKE_PREFIX_PATH=${CMAKE_PREFIX_PATH}:/home/fabian/yb_support/twist_stamper/install/twist_stamper:/home/fabian/youbot_ws/install/youbot:/opt/ros/rolling DEBUGINFOD_URLS=https://debuginfod.ubuntu.com /usr/bin/cmake /home/fabian/yb_support/unilidar_sdk2/unitree_lidar_ros2/src/unitree_lidar_ros2 -DAMENT_CMAKE_SYMLINK_INSTALL=1 -DCMAKE_INSTALL_PREFIX=/home/fabian/yb_support/unilidar_sdk2/install/unitree_lidar_ros2
[0.752s] -- The C compiler identification is GNU 13.3.0
[2.088s] -- The CXX compiler identification is GNU 13.3.0
[3.095s] -- Detecting C compiler ABI info
[3.745s] -- Detecting C compiler ABI info - done
[3.759s] -- Check for working C compiler: /usr/bin/cc - skipped
[3.763s] -- Detecting C compile features
[3.770s] -- Detecting C compile features - done
[3.986s] -- Detecting CXX compiler ABI info
[4.575s] -- Detecting CXX compiler ABI info - done
[4.603s] -- Check for working CXX compiler: /usr/bin/c++ - skipped
[4.604s] -- Detecting CXX compile features
[4.607s] -- Detecting CXX compile features - done
[4.858s] -- Found ament_cmake: 2.7.2 (/opt/ros/rolling/share/ament_cmake/cmake)
[5.361s] -- Found Python3: /usr/bin/python3 (found version "3.12.3") found components: Interpreter 
[5.707s] -- Override CMake install command with custom implementation using symlinks instead of copying resources
[6.285s] -- Found rclcpp: 29.4.0 (/opt/ros/rolling/share/rclcpp/cmake)
[7.498s] -- Found rosidl_generator_c: 4.9.3 (/opt/ros/rolling/share/rosidl_generator_c/cmake)
[7.629s] -- Found rosidl_generator_cpp: 4.9.3 (/opt/ros/rolling/share/rosidl_generator_cpp/cmake)
[7.916s] -- Using all available rosidl_typesupport_c: rosidl_typesupport_fastrtps_c;rosidl_typesupport_introspection_c
[8.015s] -- Using all available rosidl_typesupport_cpp: rosidl_typesupport_fastrtps_cpp;rosidl_typesupport_introspection_cpp
[8.636s] -- Found rmw_implementation_cmake: 7.8.1 (/opt/ros/rolling/share/rmw_implementation_cmake/cmake)
[8.657s] -- Found rmw_fastrtps_cpp: 9.3.1 (/opt/ros/rolling/share/rmw_fastrtps_cpp/cmake)
[9.005s] -- Found OpenSSL: /usr/lib/x86_64-linux-gnu/libcrypto.so (found version "3.0.13")  
[9.033s] -- Using RMW implementation 'rmw_fastrtps_cpp' as default
[9.541s] -- Found std_msgs: 5.5.0 (/opt/ros/rolling/share/std_msgs/cmake)
[9.592s] -- Found geometry_msgs: 5.5.0 (/opt/ros/rolling/share/geometry_msgs/cmake)
[9.654s] -- Found pcl_conversions: 2.6.3 (/opt/ros/rolling/share/pcl_conversions/cmake)
[9.977s] [33mCMake Warning (dev) at /usr/lib/x86_64-linux-gnu/cmake/pcl/Modules/FindFLANN.cmake:45 (find_package):
[9.977s]   Policy CMP0144 is not set: find_package uses upper-case <PACKAGENAME>_ROOT
[9.977s]   variables.  Run "cmake --help-policy CMP0144" for policy details.  Use the
[9.977s]   cmake_policy command to set the policy and suppress this warning.
[9.978s] 
[9.978s]   CMake variable FLANN_ROOT is set to:
[9.978s] 
[9.978s]     /usr
[9.978s] 
[9.978s]   For compatibility, find_package is ignoring the variable, but code in a
[9.978s]   .cmake module might still use it.
[9.979s] Call Stack (most recent call first):
[9.979s]   /usr/lib/x86_64-linux-gnu/cmake/pcl/PCLConfig.cmake:261 (find_package)
[9.979s]   /usr/lib/x86_64-linux-gnu/cmake/pcl/PCLConfig.cmake:306 (find_flann)
[9.979s]   /usr/lib/x86_64-linux-gnu/cmake/pcl/PCLConfig.cmake:570 (find_external_library)
[9.979s]   /opt/ros/rolling/share/pcl_conversions/cmake/ament_cmake_export_dependencies-extras.cmake:21 (find_package)
[9.980s]   /opt/ros/rolling/share/pcl_conversions/cmake/pcl_conversionsConfig.cmake:41 (include)
[9.980s]   CMakeLists.txt:22 (find_package)
[9.980s] This warning is for project developers.  Use -Wno-dev to suppress it.
[9.980s] [0m
[9.980s] -- Found flann version 1.9.2
[11.159s] -- Found OpenMP_CXX: -fopenmp (found version "4.5") 
[11.159s] -- Found OpenMP: TRUE (found version "4.5") found components: CXX 
[28.737s] -- Checking for module 'libusb-1.0'
[28.769s] --   Found libusb-1.0, version 1.0.27
[28.967s] -- Found libusb: /usr/lib/x86_64-linux-gnu/libusb-1.0.so  
[28.968s] -- OpenNI found (version: 1.5.4.0, include: /usr/include/ni, lib: /usr/lib/libOpenNI.so;libusb::libusb)
[29.330s] -- OpenNI2 found (version: 2.2.0.33, include: /usr/include/openni2, lib: /usr/lib/x86_64-linux-gnu/libOpenNI2.so;libusb::libusb)
[29.529s] -- Could NOT find Pcap (missing: PCAP_LIBRARIES PCAP_INCLUDE_DIRS) 
[30.725s] -- Found ZLIB: /usr/lib/x86_64-linux-gnu/libz.so (found version "1.3")  
[31.768s] -- Found PNG: /usr/lib/x86_64-linux-gnu/libpng.so (found version "1.6.43") 
[45.629s] -- OpenNI found (version: 1.5.4.0, include: /usr/include/ni, lib: /usr/lib/libOpenNI.so;libusb::libusb)
[45.640s] -- OpenNI2 found (version: 2.2.0.33, include: /usr/include/openni2, lib: /usr/lib/x86_64-linux-gnu/libOpenNI2.so;libusb::libusb)
[59.334s] -- Found Qhull version 8.0.2
[72.705s] -- OpenNI found (version: 1.5.4.0, include: /usr/include/ni, lib: /usr/lib/libOpenNI.so;libusb::libusb)
[86.354s] -- Found PCL_COMMON: /usr/lib/x86_64-linux-gnu/libpcl_common.so  
[86.355s] -- Found PCL_KDTREE: /usr/lib/x86_64-linux-gnu/libpcl_kdtree.so  
[86.356s] -- Found PCL_OCTREE: /usr/lib/x86_64-linux-gnu/libpcl_octree.so  
[86.357s] -- Found PCL_SEARCH: /usr/lib/x86_64-linux-gnu/libpcl_search.so  
[86.358s] -- Found PCL_SAMPLE_CONSENSUS: /usr/lib/x86_64-linux-gnu/libpcl_sample_consensus.so  
[86.359s] -- Found PCL_FILTERS: /usr/lib/x86_64-linux-gnu/libpcl_filters.so  
[86.360s] -- Found PCL_2D: /usr/include/pcl-1.14  
[86.360s] -- Found PCL_GEOMETRY: /usr/include/pcl-1.14  
[86.361s] -- Found PCL_IO: /usr/lib/x86_64-linux-gnu/libpcl_io.so  
[86.363s] -- Found PCL_FEATURES: /usr/lib/x86_64-linux-gnu/libpcl_features.so  
[86.364s] -- Found PCL_ML: /usr/lib/x86_64-linux-gnu/libpcl_ml.so  
[86.366s] -- Found PCL_SEGMENTATION: /usr/lib/x86_64-linux-gnu/libpcl_segmentation.so  
[86.367s] -- Found PCL_VISUALIZATION: /usr/lib/x86_64-linux-gnu/libpcl_visualization.so  
[86.368s] -- Found PCL_SURFACE: /usr/lib/x86_64-linux-gnu/libpcl_surface.so  
[86.369s] -- Found PCL_REGISTRATION: /usr/lib/x86_64-linux-gnu/libpcl_registration.so  
[86.371s] -- Found PCL_KEYPOINTS: /usr/lib/x86_64-linux-gnu/libpcl_keypoints.so  
[86.372s] -- Found PCL_TRACKING: /usr/lib/x86_64-linux-gnu/libpcl_tracking.so  
[86.374s] -- Found PCL_RECOGNITION: /usr/lib/x86_64-linux-gnu/libpcl_recognition.so  
[86.375s] -- Found PCL_STEREO: /usr/lib/x86_64-linux-gnu/libpcl_stereo.so  
[86.376s] -- Found PCL_APPS: /usr/lib/x86_64-linux-gnu/libpcl_apps.so  
[86.377s] -- Found PCL_IN_HAND_SCANNER: /usr/include/pcl-1.14  
[86.377s] -- Found PCL_MODELER: /usr/include/pcl-1.14  
[86.378s] -- Found PCL_POINT_CLOUD_EDITOR: /usr/include/pcl-1.14  
[86.379s] -- Found PCL_OUTOFCORE: /usr/lib/x86_64-linux-gnu/libpcl_outofcore.so  
[86.381s] -- Found PCL_PEOPLE: /usr/lib/x86_64-linux-gnu/libpcl_people.so  
[86.384s] [33mCMake Warning (dev) at CMakeLists.txt:23 (find_package):
[86.384s]   Policy CMP0074 is not set: find_package uses <PackageName>_ROOT variables.
[86.385s]   Run "cmake --help-policy CMP0074" for policy details.  Use the cmake_policy
[86.385s]   command to set the policy and suppress this warning.
[86.385s] 
[86.385s]   CMake variable PCL_ROOT is set to:
[86.385s] 
[86.385s]     /usr
[86.385s] 
[86.385s]   For compatibility, CMake is ignoring the variable.
[86.385s] This warning is for project developers.  Use -Wno-dev to suppress it.
[86.385s] [0m
[86.405s] -- Found tf2_ros: 0.40.1 (/opt/ros/rolling/share/tf2_ros/cmake)
[86.845s] -- Configuring done (86.7s)
[87.077s] -- Generating done (0.2s)
[87.085s] -- Build files have been written to: /home/fabian/yb_support/unilidar_sdk2/build/unitree_lidar_ros2
