[0.252s] DEBUG:colcon:Command line arguments: ['/usr/bin/colcon', 'build', '--packages-select', 'mecanum_drive_controller', '--allow-overriding', 'mecanum_drive_controller']
[0.252s] DEBUG:colcon:Parsed command line arguments: Namespace(log_base=None, log_level=None, verb_name='build', build_base='build', install_base='install', merge_install=False, symlink_install=False, test_result_base=None, continue_on_error=False, executor='parallel', parallel_workers=7, event_handlers=None, ignore_user_meta=False, metas=['./colcon.meta'], base_paths=['.'], packages_ignore=None, packages_ignore_regex=None, paths=None, packages_up_to=None, packages_up_to_regex=None, packages_above=None, packages_above_and_dependencies=None, packages_above_depth=None, packages_select_by_dep=None, packages_skip_by_dep=None, packages_skip_up_to=None, packages_select_build_failed=False, packages_skip_build_finished=False, packages_select_test_failures=False, packages_skip_test_passed=False, packages_select=['mecanum_drive_controller'], packages_skip=None, packages_select_regex=None, packages_skip_regex=None, packages_start=None, packages_end=None, allow_overriding=['mecanum_drive_controller'], cmake_args=None, cmake_target=None, cmake_target_skip_unavailable=False, cmake_clean_cache=False, cmake_clean_first=False, cmake_force_configure=False, ament_cmake_args=None, catkin_cmake_args=None, catkin_skip_building_tests=False, mixin_files=None, mixin=None, verb_parser=<colcon_mixin.mixin.mixin_argument.MixinArgumentDecorator object at 0x73083355ebd0>, verb_extension=<colcon_core.verb.build.BuildVerb object at 0x7308336baff0>, main=<bound method BuildVerb.main of <colcon_core.verb.build.BuildVerb object at 0x7308336baff0>>, mixin_verb=('build',))
[0.299s] Level 1:colcon.colcon_core.package_discovery:discover_packages(colcon_meta) check parameters
[0.299s] Level 1:colcon.colcon_core.package_discovery:discover_packages(recursive) check parameters
[0.299s] Level 1:colcon.colcon_core.package_discovery:discover_packages(ignore) check parameters
[0.299s] Level 1:colcon.colcon_core.package_discovery:discover_packages(path) check parameters
[0.299s] Level 1:colcon.colcon_core.package_discovery:discover_packages(colcon_meta) discover
[0.299s] Level 1:colcon.colcon_core.package_discovery:discover_packages(recursive) discover
[0.299s] INFO:colcon.colcon_core.package_discovery:Crawling recursively for packages in '/home/fabian/yb_support/mecanum_drive_controller'
[0.300s] Level 1:colcon.colcon_core.package_identification:_identify(.) by extensions ['ignore', 'ignore_ament_install']
[0.300s] Level 1:colcon.colcon_core.package_identification:_identify(.) by extension 'ignore'
[0.300s] Level 1:colcon.colcon_core.package_identification:_identify(.) by extension 'ignore_ament_install'
[0.300s] Level 1:colcon.colcon_core.package_identification:_identify(.) by extensions ['colcon_pkg']
[0.300s] Level 1:colcon.colcon_core.package_identification:_identify(.) by extension 'colcon_pkg'
[0.300s] Level 1:colcon.colcon_core.package_identification:_identify(.) by extensions ['colcon_meta']
[0.300s] Level 1:colcon.colcon_core.package_identification:_identify(.) by extension 'colcon_meta'
[0.300s] Level 1:colcon.colcon_core.package_identification:_identify(.) by extensions ['ros']
[0.300s] Level 1:colcon.colcon_core.package_identification:_identify(.) by extension 'ros'
[0.331s] DEBUG:colcon.colcon_core.package_identification:Package '.' with type 'ros.ament_cmake' and name 'mecanum_drive_controller'
[0.331s] Level 1:colcon.colcon_core.package_discovery:discover_packages(recursive) using defaults
[0.331s] Level 1:colcon.colcon_core.package_discovery:discover_packages(ignore) discover
[0.331s] Level 1:colcon.colcon_core.package_discovery:discover_packages(ignore) using defaults
[0.331s] Level 1:colcon.colcon_core.package_discovery:discover_packages(path) discover
[0.331s] Level 1:colcon.colcon_core.package_discovery:discover_packages(path) using defaults
[0.351s] Level 1:colcon.colcon_core.package_discovery:discover_packages(prefix_path) check parameters
[0.351s] Level 1:colcon.colcon_core.package_discovery:discover_packages(prefix_path) discover
[0.352s] WARNING:colcon.colcon_core.prefix_path.colcon:The path '/home/fabian/yb_support/unilidar_sdk2/install' in the environment variable COLCON_PREFIX_PATH doesn't exist
[0.352s] WARNING:colcon.colcon_ros.prefix_path.ament:The path '/home/fabian/yb_support/unilidar_sdk2/install/unitree_lidar_ros2' in the environment variable AMENT_PREFIX_PATH doesn't exist
[0.352s] WARNING:colcon.colcon_ros.prefix_path.ament:The path '/home/fabian/yb_support/mecanum_drive_controller/install/mecanum_drive_controller' in the environment variable AMENT_PREFIX_PATH doesn't exist
[0.353s] WARNING:colcon.colcon_ros.prefix_path.catkin:The path '/home/fabian/yb_support/unilidar_sdk2/install/unitree_lidar_ros2' in the environment variable CMAKE_PREFIX_PATH doesn't exist
[0.353s] WARNING:colcon.colcon_ros.prefix_path.catkin:The path '/home/fabian/yb_support/mecanum_drive_controller/install/mecanum_drive_controller' in the environment variable CMAKE_PREFIX_PATH doesn't exist
[0.355s] DEBUG:colcon.colcon_installed_package_information.package_discovery:Found 1 installed packages in /home/fabian/yb_support/pointcloud_to_laserscan/install
[0.355s] DEBUG:colcon.colcon_installed_package_information.package_discovery:Found 0 installed packages in /home/fabian/yb_support/mecanum_drive_controller/install
[0.355s] DEBUG:colcon.colcon_installed_package_information.package_discovery:Found 1 installed packages in /home/fabian/yb_support/twist_stamper/install
[0.356s] DEBUG:colcon.colcon_installed_package_information.package_discovery:Found 2 installed packages in /home/fabian/ros2_ws/install
[0.356s] DEBUG:colcon.colcon_installed_package_information.package_discovery:Found 1 installed packages in /home/fabian/youbot_ws/install
[0.357s] DEBUG:colcon.colcon_installed_package_information.package_discovery:Found 1 installed packages in /home/fabian/yb_ros_odrive/odrive_ros2_control/install
[0.357s] DEBUG:colcon.colcon_installed_package_information.package_discovery:Found 10 installed packages in /home/fabian/yahboom_rosmaster/install
[0.358s] DEBUG:colcon.colcon_installed_package_information.package_discovery:Found 1 installed packages in /home/fabian/yb_support/unilidar_sdk2/unitree_lidar_ros2/src/unitree_lidar_ros2/install
[0.358s] DEBUG:colcon.colcon_installed_package_information.package_discovery:Found 1 installed packages in /home/fabian/yb_lidar/unitree_lidar_ros2/install
[0.360s] DEBUG:colcon.colcon_installed_package_information.package_discovery:Found 366 installed packages in /opt/ros/rolling
[0.362s] Level 1:colcon.colcon_core.package_discovery:discover_packages(prefix_path) using defaults
[0.423s] Level 5:colcon.colcon_core.verb:set package 'mecanum_drive_controller' build argument 'cmake_args' from command line to 'None'
[0.423s] Level 5:colcon.colcon_core.verb:set package 'mecanum_drive_controller' build argument 'cmake_target' from command line to 'None'
[0.423s] Level 5:colcon.colcon_core.verb:set package 'mecanum_drive_controller' build argument 'cmake_target_skip_unavailable' from command line to 'False'
[0.423s] Level 5:colcon.colcon_core.verb:set package 'mecanum_drive_controller' build argument 'cmake_clean_cache' from command line to 'False'
[0.423s] Level 5:colcon.colcon_core.verb:set package 'mecanum_drive_controller' build argument 'cmake_clean_first' from command line to 'False'
[0.423s] Level 5:colcon.colcon_core.verb:set package 'mecanum_drive_controller' build argument 'cmake_force_configure' from command line to 'False'
[0.423s] Level 5:colcon.colcon_core.verb:set package 'mecanum_drive_controller' build argument 'ament_cmake_args' from command line to 'None'
[0.423s] Level 5:colcon.colcon_core.verb:set package 'mecanum_drive_controller' build argument 'catkin_cmake_args' from command line to 'None'
[0.423s] Level 5:colcon.colcon_core.verb:set package 'mecanum_drive_controller' build argument 'catkin_skip_building_tests' from command line to 'False'
[0.423s] DEBUG:colcon.colcon_core.verb:Building package 'mecanum_drive_controller' with the following arguments: {'ament_cmake_args': None, 'build_base': '/home/fabian/yb_support/mecanum_drive_controller/build/mecanum_drive_controller', 'catkin_cmake_args': None, 'catkin_skip_building_tests': False, 'cmake_args': None, 'cmake_clean_cache': False, 'cmake_clean_first': False, 'cmake_force_configure': False, 'cmake_target': None, 'cmake_target_skip_unavailable': False, 'install_base': '/home/fabian/yb_support/mecanum_drive_controller/install/mecanum_drive_controller', 'merge_install': False, 'path': '/home/fabian/yb_support/mecanum_drive_controller', 'symlink_install': False, 'test_result_base': None}
[0.423s] INFO:colcon.colcon_core.executor:Executing jobs using 'parallel' executor
[0.424s] DEBUG:colcon.colcon_parallel_executor.executor.parallel:run_until_complete
[0.425s] INFO:colcon.colcon_ros.task.ament_cmake.build:Building ROS package in '/home/fabian/yb_support/mecanum_drive_controller' with build type 'ament_cmake'
[0.425s] INFO:colcon.colcon_cmake.task.cmake.build:Building CMake package in '/home/fabian/yb_support/mecanum_drive_controller'
[0.427s] INFO:colcon.colcon_core.plugin_system:Skipping extension 'colcon_core.shell.bat': Not used on non-Windows systems
[0.427s] INFO:colcon.colcon_core.shell:Skip shell extension 'powershell' for command environment: Not usable outside of PowerShell
[0.427s] DEBUG:colcon.colcon_core.shell:Skip shell extension 'dsv' for command environment
[0.443s] DEBUG:colcon.colcon_core.event_handler.log_command:Invoking command in '/home/fabian/yb_support/mecanum_drive_controller/build/mecanum_drive_controller': CMAKE_PREFIX_PATH=${CMAKE_PREFIX_PATH}:/home/fabian/youbot_ws/install/youbot:/home/fabian/yb_support/twist_stamper/install/twist_stamper:/opt/ros/rolling DEBUGINFOD_URLS=https://debuginfod.ubuntu.com /usr/bin/cmake /home/fabian/yb_support/mecanum_drive_controller -DCMAKE_INSTALL_PREFIX=/home/fabian/yb_support/mecanum_drive_controller/install/mecanum_drive_controller
[5.032s] DEBUG:colcon.colcon_core.event_handler.log_command:Invoked command in '/home/fabian/yb_support/mecanum_drive_controller/build/mecanum_drive_controller' returned '0': CMAKE_PREFIX_PATH=${CMAKE_PREFIX_PATH}:/home/fabian/youbot_ws/install/youbot:/home/fabian/yb_support/twist_stamper/install/twist_stamper:/opt/ros/rolling DEBUGINFOD_URLS=https://debuginfod.ubuntu.com /usr/bin/cmake /home/fabian/yb_support/mecanum_drive_controller -DCMAKE_INSTALL_PREFIX=/home/fabian/yb_support/mecanum_drive_controller/install/mecanum_drive_controller
[5.034s] DEBUG:colcon.colcon_core.event_handler.log_command:Invoking command in '/home/fabian/yb_support/mecanum_drive_controller/build/mecanum_drive_controller': CMAKE_PREFIX_PATH=${CMAKE_PREFIX_PATH}:/home/fabian/youbot_ws/install/youbot:/home/fabian/yb_support/twist_stamper/install/twist_stamper:/opt/ros/rolling DEBUGINFOD_URLS=https://debuginfod.ubuntu.com /usr/bin/cmake --build /home/fabian/yb_support/mecanum_drive_controller/build/mecanum_drive_controller -- -j7 -l7
[22.356s] DEBUG:colcon.colcon_core.event_handler.log_command:Invoked command in '/home/fabian/yb_support/mecanum_drive_controller/build/mecanum_drive_controller' returned '0': CMAKE_PREFIX_PATH=${CMAKE_PREFIX_PATH}:/home/fabian/youbot_ws/install/youbot:/home/fabian/yb_support/twist_stamper/install/twist_stamper:/opt/ros/rolling DEBUGINFOD_URLS=https://debuginfod.ubuntu.com /usr/bin/cmake --build /home/fabian/yb_support/mecanum_drive_controller/build/mecanum_drive_controller -- -j7 -l7
[22.373s] DEBUG:colcon.colcon_core.event_handler.log_command:Invoking command in '/home/fabian/yb_support/mecanum_drive_controller/build/mecanum_drive_controller': CMAKE_PREFIX_PATH=${CMAKE_PREFIX_PATH}:/home/fabian/youbot_ws/install/youbot:/home/fabian/yb_support/twist_stamper/install/twist_stamper:/opt/ros/rolling DEBUGINFOD_URLS=https://debuginfod.ubuntu.com /usr/bin/cmake --install /home/fabian/yb_support/mecanum_drive_controller/build/mecanum_drive_controller
[22.409s] Level 1:colcon.colcon_core.environment:create_environment_scripts_only(mecanum_drive_controller)
[22.410s] DEBUG:colcon.colcon_core.event_handler.log_command:Invoked command in '/home/fabian/yb_support/mecanum_drive_controller/build/mecanum_drive_controller' returned '0': CMAKE_PREFIX_PATH=${CMAKE_PREFIX_PATH}:/home/fabian/youbot_ws/install/youbot:/home/fabian/yb_support/twist_stamper/install/twist_stamper:/opt/ros/rolling DEBUGINFOD_URLS=https://debuginfod.ubuntu.com /usr/bin/cmake --install /home/fabian/yb_support/mecanum_drive_controller/build/mecanum_drive_controller
[22.412s] Level 1:colcon.colcon_core.environment:checking '/home/fabian/yb_support/mecanum_drive_controller/install/mecanum_drive_controller' for CMake module files
[22.413s] Level 1:colcon.colcon_core.environment:checking '/home/fabian/yb_support/mecanum_drive_controller/install/mecanum_drive_controller' for CMake config files
[22.413s] Level 1:colcon.colcon_core.shell:create_environment_hook('mecanum_drive_controller', 'cmake_prefix_path')
[22.413s] INFO:colcon.colcon_core.shell:Creating environment hook '/home/fabian/yb_support/mecanum_drive_controller/install/mecanum_drive_controller/share/mecanum_drive_controller/hook/cmake_prefix_path.ps1'
[22.414s] INFO:colcon.colcon_core.shell:Creating environment descriptor '/home/fabian/yb_support/mecanum_drive_controller/install/mecanum_drive_controller/share/mecanum_drive_controller/hook/cmake_prefix_path.dsv'
[22.414s] INFO:colcon.colcon_core.shell:Creating environment hook '/home/fabian/yb_support/mecanum_drive_controller/install/mecanum_drive_controller/share/mecanum_drive_controller/hook/cmake_prefix_path.sh'
[22.415s] Level 1:colcon.colcon_core.environment:checking '/home/fabian/yb_support/mecanum_drive_controller/install/mecanum_drive_controller/lib'
[22.415s] Level 1:colcon.colcon_core.shell:create_environment_hook('mecanum_drive_controller', 'ld_library_path_lib')
[22.415s] INFO:colcon.colcon_core.shell:Creating environment hook '/home/fabian/yb_support/mecanum_drive_controller/install/mecanum_drive_controller/share/mecanum_drive_controller/hook/ld_library_path_lib.ps1'
[22.416s] INFO:colcon.colcon_core.shell:Creating environment descriptor '/home/fabian/yb_support/mecanum_drive_controller/install/mecanum_drive_controller/share/mecanum_drive_controller/hook/ld_library_path_lib.dsv'
[22.416s] INFO:colcon.colcon_core.shell:Creating environment hook '/home/fabian/yb_support/mecanum_drive_controller/install/mecanum_drive_controller/share/mecanum_drive_controller/hook/ld_library_path_lib.sh'
[22.416s] Level 1:colcon.colcon_core.environment:checking '/home/fabian/yb_support/mecanum_drive_controller/install/mecanum_drive_controller/bin'
[22.416s] Level 1:colcon.colcon_core.environment:checking '/home/fabian/yb_support/mecanum_drive_controller/install/mecanum_drive_controller/lib/pkgconfig/mecanum_drive_controller.pc'
[22.417s] Level 1:colcon.colcon_core.environment:checking '/home/fabian/yb_support/mecanum_drive_controller/install/mecanum_drive_controller/lib/python3.12/site-packages'
[22.417s] Level 1:colcon.colcon_core.environment:checking '/home/fabian/yb_support/mecanum_drive_controller/install/mecanum_drive_controller/bin'
[22.417s] INFO:colcon.colcon_core.shell:Creating package script '/home/fabian/yb_support/mecanum_drive_controller/install/mecanum_drive_controller/share/mecanum_drive_controller/package.ps1'
[22.418s] INFO:colcon.colcon_core.shell:Creating package descriptor '/home/fabian/yb_support/mecanum_drive_controller/install/mecanum_drive_controller/share/mecanum_drive_controller/package.dsv'
[22.418s] INFO:colcon.colcon_core.shell:Creating package script '/home/fabian/yb_support/mecanum_drive_controller/install/mecanum_drive_controller/share/mecanum_drive_controller/package.sh'
[22.419s] INFO:colcon.colcon_core.shell:Creating package script '/home/fabian/yb_support/mecanum_drive_controller/install/mecanum_drive_controller/share/mecanum_drive_controller/package.bash'
[22.420s] INFO:colcon.colcon_core.shell:Creating package script '/home/fabian/yb_support/mecanum_drive_controller/install/mecanum_drive_controller/share/mecanum_drive_controller/package.zsh'
[22.420s] Level 1:colcon.colcon_core.environment:create_file_with_runtime_dependencies(/home/fabian/yb_support/mecanum_drive_controller/install/mecanum_drive_controller/share/colcon-core/packages/mecanum_drive_controller)
[22.421s] Level 1:colcon.colcon_core.environment:create_environment_scripts_only(mecanum_drive_controller)
[22.421s] Level 1:colcon.colcon_core.environment:checking '/home/fabian/yb_support/mecanum_drive_controller/install/mecanum_drive_controller' for CMake module files
[22.422s] Level 1:colcon.colcon_core.environment:checking '/home/fabian/yb_support/mecanum_drive_controller/install/mecanum_drive_controller' for CMake config files
[22.422s] Level 1:colcon.colcon_core.shell:create_environment_hook('mecanum_drive_controller', 'cmake_prefix_path')
[22.422s] INFO:colcon.colcon_core.shell:Creating environment hook '/home/fabian/yb_support/mecanum_drive_controller/install/mecanum_drive_controller/share/mecanum_drive_controller/hook/cmake_prefix_path.ps1'
[22.423s] INFO:colcon.colcon_core.shell:Creating environment descriptor '/home/fabian/yb_support/mecanum_drive_controller/install/mecanum_drive_controller/share/mecanum_drive_controller/hook/cmake_prefix_path.dsv'
[22.423s] INFO:colcon.colcon_core.shell:Creating environment hook '/home/fabian/yb_support/mecanum_drive_controller/install/mecanum_drive_controller/share/mecanum_drive_controller/hook/cmake_prefix_path.sh'
[22.424s] Level 1:colcon.colcon_core.environment:checking '/home/fabian/yb_support/mecanum_drive_controller/install/mecanum_drive_controller/lib'
[22.424s] Level 1:colcon.colcon_core.shell:create_environment_hook('mecanum_drive_controller', 'ld_library_path_lib')
[22.424s] INFO:colcon.colcon_core.shell:Creating environment hook '/home/fabian/yb_support/mecanum_drive_controller/install/mecanum_drive_controller/share/mecanum_drive_controller/hook/ld_library_path_lib.ps1'
[22.425s] INFO:colcon.colcon_core.shell:Creating environment descriptor '/home/fabian/yb_support/mecanum_drive_controller/install/mecanum_drive_controller/share/mecanum_drive_controller/hook/ld_library_path_lib.dsv'
[22.425s] INFO:colcon.colcon_core.shell:Creating environment hook '/home/fabian/yb_support/mecanum_drive_controller/install/mecanum_drive_controller/share/mecanum_drive_controller/hook/ld_library_path_lib.sh'
[22.425s] Level 1:colcon.colcon_core.environment:checking '/home/fabian/yb_support/mecanum_drive_controller/install/mecanum_drive_controller/bin'
[22.425s] Level 1:colcon.colcon_core.environment:checking '/home/fabian/yb_support/mecanum_drive_controller/install/mecanum_drive_controller/lib/pkgconfig/mecanum_drive_controller.pc'
[22.426s] Level 1:colcon.colcon_core.environment:checking '/home/fabian/yb_support/mecanum_drive_controller/install/mecanum_drive_controller/lib/python3.12/site-packages'
[22.426s] Level 1:colcon.colcon_core.environment:checking '/home/fabian/yb_support/mecanum_drive_controller/install/mecanum_drive_controller/bin'
[22.426s] INFO:colcon.colcon_core.shell:Creating package script '/home/fabian/yb_support/mecanum_drive_controller/install/mecanum_drive_controller/share/mecanum_drive_controller/package.ps1'
[22.427s] INFO:colcon.colcon_core.shell:Creating package descriptor '/home/fabian/yb_support/mecanum_drive_controller/install/mecanum_drive_controller/share/mecanum_drive_controller/package.dsv'
[22.427s] INFO:colcon.colcon_core.shell:Creating package script '/home/fabian/yb_support/mecanum_drive_controller/install/mecanum_drive_controller/share/mecanum_drive_controller/package.sh'
[22.428s] INFO:colcon.colcon_core.shell:Creating package script '/home/fabian/yb_support/mecanum_drive_controller/install/mecanum_drive_controller/share/mecanum_drive_controller/package.bash'
[22.428s] INFO:colcon.colcon_core.shell:Creating package script '/home/fabian/yb_support/mecanum_drive_controller/install/mecanum_drive_controller/share/mecanum_drive_controller/package.zsh'
[22.429s] Level 1:colcon.colcon_core.environment:create_file_with_runtime_dependencies(/home/fabian/yb_support/mecanum_drive_controller/install/mecanum_drive_controller/share/colcon-core/packages/mecanum_drive_controller)
[22.429s] DEBUG:colcon.colcon_parallel_executor.executor.parallel:closing loop
[22.429s] DEBUG:colcon.colcon_parallel_executor.executor.parallel:loop closed
[22.429s] DEBUG:colcon.colcon_parallel_executor.executor.parallel:run_until_complete finished with '0'
[22.429s] DEBUG:colcon.colcon_core.event_reactor:joining thread
[22.501s] INFO:colcon.colcon_core.plugin_system:Skipping extension 'colcon_notification.desktop_notification.notify_send': Could not find 'notify-send'
[22.501s] INFO:colcon.colcon_core.plugin_system:Skipping extension 'colcon_notification.desktop_notification.terminal_notifier': Not used on non-Darwin systems
[22.502s] INFO:colcon.colcon_core.plugin_system:Skipping extension 'colcon_notification.desktop_notification.win32': Not used on non-Windows systems
[22.502s] INFO:colcon.colcon_notification.desktop_notification:Sending desktop notification using 'notify2'
[22.503s] DEBUG:colcon.colcon_notification.desktop_notification.notify2:Failed to initialize notify2: org.freedesktop.DBus.Error.ServiceUnknown: The name org.freedesktop.Notifications was not provided by any .service files
[22.503s] DEBUG:colcon.colcon_core.event_reactor:joined thread
[22.503s] INFO:colcon.colcon_core.shell:Creating prefix script '/home/fabian/yb_support/mecanum_drive_controller/install/local_setup.ps1'
[22.504s] INFO:colcon.colcon_core.shell:Creating prefix util module '/home/fabian/yb_support/mecanum_drive_controller/install/_local_setup_util_ps1.py'
[22.505s] INFO:colcon.colcon_core.shell:Creating prefix chain script '/home/fabian/yb_support/mecanum_drive_controller/install/setup.ps1'
[22.507s] INFO:colcon.colcon_core.shell:Creating prefix script '/home/fabian/yb_support/mecanum_drive_controller/install/local_setup.sh'
[22.508s] INFO:colcon.colcon_core.shell:Creating prefix util module '/home/fabian/yb_support/mecanum_drive_controller/install/_local_setup_util_sh.py'
[22.508s] INFO:colcon.colcon_core.shell:Creating prefix chain script '/home/fabian/yb_support/mecanum_drive_controller/install/setup.sh'
[22.510s] INFO:colcon.colcon_core.shell:Creating prefix script '/home/fabian/yb_support/mecanum_drive_controller/install/local_setup.bash'
[22.511s] INFO:colcon.colcon_core.shell:Creating prefix chain script '/home/fabian/yb_support/mecanum_drive_controller/install/setup.bash'
[22.513s] INFO:colcon.colcon_core.shell:Creating prefix script '/home/fabian/yb_support/mecanum_drive_controller/install/local_setup.zsh'
[22.513s] INFO:colcon.colcon_core.shell:Creating prefix chain script '/home/fabian/yb_support/mecanum_drive_controller/install/setup.zsh'
