[0.059s] Invoking command in '/home/fabian/unilidar_sdk2/build/unitree_lidar_ros': DEBUGINFOD_URLS=https://debuginfod.ubuntu.com /usr/bin/cmake /home/fabian/unilidar_sdk2/unitree_lidar_ros/src/unitree_lidar_ros -DCATKIN_INSTALL_INTO_PREFIX_ROOT=0 -DCATKIN_SYMLINK_INSTALL=ON -DCMAKE_INSTALL_PREFIX=/home/fabian/unilidar_sdk2/install/unitree_lidar_ros
[0.137s] [0mCMake Deprecation Warning at CMakeLists.txt:1 (cmake_minimum_required):
[0.137s]   Compatibility with CMake < 3.5 will be removed from a future version of
[0.138s]   CMake.
[0.138s] 
[0.138s]   Update the VERSION argument <min> value or use a ...<max> suffix to tell
[0.139s]   CMake that the project does not need compatibility with older versions.
[0.139s] 
[0.139s] [0m
[0.701s] -- The C compiler identification is GNU 13.3.0
[2.978s] -- The CXX compiler identification is GNU 13.3.0
[5.217s] -- Detecting C compiler ABI info
[6.221s] -- Detecting C compiler ABI info - done
[6.248s] -- Check for working C compiler: /usr/bin/cc - skipped
[6.248s] -- Detecting C compile features
[6.248s] -- Detecting C compile features - done
[6.590s] -- Detecting CXX compiler ABI info
[8.296s] -- Detecting CXX compiler ABI info - done
[8.358s] -- Check for working CXX compiler: /usr/bin/c++ - skipped
[8.358s] -- Detecting CXX compile features
[8.358s] -- Detecting CXX compile features - done
[9.013s] [33mCMake Warning (dev) at /usr/lib/x86_64-linux-gnu/cmake/pcl/Modules/FindFLANN.cmake:45 (find_package):
[9.013s]   Policy CMP0144 is not set: find_package uses upper-case <PACKAGENAME>_ROOT
[9.013s]   variables.  Run "cmake --help-policy CMP0144" for policy details.  Use the
[9.013s]   cmake_policy command to set the policy and suppress this warning.
[9.013s] 
[9.013s]   CMake variable FLANN_ROOT is set to:
[9.013s] 
[9.013s]     /usr
[9.013s] 
[9.014s]   For compatibility, find_package is ignoring the variable, but code in a
[9.014s]   .cmake module might still use it.
[9.014s] Call Stack (most recent call first):
[9.014s]   /usr/lib/x86_64-linux-gnu/cmake/pcl/PCLConfig.cmake:261 (find_package)
[9.014s]   /usr/lib/x86_64-linux-gnu/cmake/pcl/PCLConfig.cmake:306 (find_flann)
[9.014s]   /usr/lib/x86_64-linux-gnu/cmake/pcl/PCLConfig.cmake:570 (find_external_library)
[9.014s]   CMakeLists.txt:9 (find_package)
[9.014s] This warning is for project developers.  Use -Wno-dev to suppress it.
[9.014s] [0m
[9.036s] -- Found flann version 1.9.2
[11.994s] -- Found OpenMP_CXX: -fopenmp (found version "4.5") 
[11.994s] -- Found OpenMP: TRUE (found version "4.5") found components: CXX 
[28.956s] -- Checking for module 'libusb-1.0'
[28.975s] --   Found libusb-1.0, version 1.0.27
[29.149s] -- Found libusb: /usr/lib/x86_64-linux-gnu/libusb-1.0.so  
[29.150s] -- OpenNI found (version: 1.5.4.0, include: /usr/include/ni, lib: /usr/lib/libOpenNI.so;libusb::libusb)
[29.465s] -- OpenNI2 found (version: 2.2.0.33, include: /usr/include/openni2, lib: /usr/lib/x86_64-linux-gnu/libOpenNI2.so;libusb::libusb)
[29.593s] -- Could NOT find Pcap (missing: PCAP_LIBRARIES PCAP_INCLUDE_DIRS) 
[30.080s] -- Found ZLIB: /usr/lib/x86_64-linux-gnu/libz.so (found version "1.3")  
[30.455s] -- Found PNG: /usr/lib/x86_64-linux-gnu/libpng.so (found version "1.6.43") 
[41.566s] -- OpenNI found (version: 1.5.4.0, include: /usr/include/ni, lib: /usr/lib/libOpenNI.so;libusb::libusb)
[41.577s] -- OpenNI2 found (version: 2.2.0.33, include: /usr/include/openni2, lib: /usr/lib/x86_64-linux-gnu/libOpenNI2.so;libusb::libusb)
[53.111s] -- Found Qhull version 8.0.2
[61.814s] -- OpenNI found (version: 1.5.4.0, include: /usr/include/ni, lib: /usr/lib/libOpenNI.so;libusb::libusb)
[70.043s] -- Found PCL_COMMON: /usr/lib/x86_64-linux-gnu/libpcl_common.so  
[70.044s] -- Found PCL_KDTREE: /usr/lib/x86_64-linux-gnu/libpcl_kdtree.so  
[70.045s] -- Found PCL_OCTREE: /usr/lib/x86_64-linux-gnu/libpcl_octree.so  
[70.046s] -- Found PCL_SEARCH: /usr/lib/x86_64-linux-gnu/libpcl_search.so  
[70.048s] -- Found PCL_SAMPLE_CONSENSUS: /usr/lib/x86_64-linux-gnu/libpcl_sample_consensus.so  
[70.049s] -- Found PCL_FILTERS: /usr/lib/x86_64-linux-gnu/libpcl_filters.so  
[70.050s] -- Found PCL_2D: /usr/include/pcl-1.14  
[70.050s] -- Found PCL_GEOMETRY: /usr/include/pcl-1.14  
[70.051s] -- Found PCL_IO: /usr/lib/x86_64-linux-gnu/libpcl_io.so  
[70.052s] -- Found PCL_FEATURES: /usr/lib/x86_64-linux-gnu/libpcl_features.so  
[70.054s] -- Found PCL_ML: /usr/lib/x86_64-linux-gnu/libpcl_ml.so  
[70.055s] -- Found PCL_SEGMENTATION: /usr/lib/x86_64-linux-gnu/libpcl_segmentation.so  
[70.056s] -- Found PCL_VISUALIZATION: /usr/lib/x86_64-linux-gnu/libpcl_visualization.so  
[70.058s] -- Found PCL_SURFACE: /usr/lib/x86_64-linux-gnu/libpcl_surface.so  
[70.059s] -- Found PCL_REGISTRATION: /usr/lib/x86_64-linux-gnu/libpcl_registration.so  
[70.060s] -- Found PCL_KEYPOINTS: /usr/lib/x86_64-linux-gnu/libpcl_keypoints.so  
[70.062s] -- Found PCL_TRACKING: /usr/lib/x86_64-linux-gnu/libpcl_tracking.so  
[70.063s] -- Found PCL_RECOGNITION: /usr/lib/x86_64-linux-gnu/libpcl_recognition.so  
[70.065s] -- Found PCL_STEREO: /usr/lib/x86_64-linux-gnu/libpcl_stereo.so  
[70.066s] -- Found PCL_APPS: /usr/lib/x86_64-linux-gnu/libpcl_apps.so  
[70.067s] -- Found PCL_IN_HAND_SCANNER: /usr/include/pcl-1.14  
[70.068s] -- Found PCL_MODELER: /usr/include/pcl-1.14  
[70.068s] -- Found PCL_POINT_CLOUD_EDITOR: /usr/include/pcl-1.14  
[70.069s] -- Found PCL_OUTOFCORE: /usr/lib/x86_64-linux-gnu/libpcl_outofcore.so  
[70.071s] -- Found PCL_PEOPLE: /usr/lib/x86_64-linux-gnu/libpcl_people.so  
[71.745s] [31mCMake Error at CMakeLists.txt:11 (find_package):
[71.745s]   By not providing "Findcatkin.cmake" in CMAKE_MODULE_PATH this project has
[71.745s]   asked CMake to find a package configuration file provided by "catkin", but
[71.745s]   CMake did not find one.
[71.746s] 
[71.746s]   Could not find a package configuration file provided by "catkin" with any
[71.746s]   of the following names:
[71.746s] 
[71.746s]     catkinConfig.cmake
[71.746s]     catkin-config.cmake
[71.746s] 
[71.746s]   Add the installation prefix of "catkin" to CMAKE_PREFIX_PATH or set
[71.746s]   "catkin_DIR" to a directory containing one of the above files.  If "catkin"
[71.746s]   provides a separate development package or SDK, be sure it has been
[71.746s]   installed.
[71.746s] 
[71.746s] [0m
[71.746s] -- Configuring incomplete, errors occurred!
[71.765s] Invoked command in '/home/fabian/unilidar_sdk2/build/unitree_lidar_ros' returned '1': DEBUGINFOD_URLS=https://debuginfod.ubuntu.com /usr/bin/cmake /home/fabian/unilidar_sdk2/unitree_lidar_ros/src/unitree_lidar_ros -DCATKIN_INSTALL_INTO_PREFIX_ROOT=0 -DCATKIN_SYMLINK_INSTALL=ON -DCMAKE_INSTALL_PREFIX=/home/fabian/unilidar_sdk2/install/unitree_lidar_ros
