[0.017s] Invoking command in '/home/fabian/yb_support/pointcloud_to_laserscan/build/pointcloud_to_laserscan': CMAKE_PREFIX_PATH=${CMAKE_PREFIX_PATH}:/home/fabian/youbot_ws/install/youbot:/home/fabian/yb_support/twist_stamper/install/twist_stamper:/opt/ros/rolling DEBUGINFOD_URLS=https://debuginfod.ubuntu.com /usr/bin/cmake /home/fabian/yb_support/pointcloud_to_laserscan -DCMAKE_INSTALL_PREFIX=/home/fabian/yb_support/pointcloud_to_laserscan/install/pointcloud_to_laserscan
[0.210s] -- The C compiler identification is GNU 13.3.0
[1.142s] -- The CXX compiler identification is GNU 13.3.0
[2.017s] -- Detecting C compiler ABI info
[2.389s] -- Detecting C compiler ABI info - done
[2.406s] -- Check for working C compiler: /usr/bin/cc - skipped
[2.407s] -- Detecting C compile features
[2.408s] -- Detecting C compile features - done
[2.567s] -- Detecting CXX compiler ABI info
[2.937s] -- Detecting CXX compiler ABI info - done
[2.947s] -- Check for working CXX compiler: /usr/bin/c++ - skipped
[2.947s] -- Detecting CXX compile features
[2.948s] -- Detecting CXX compile features - done
[2.956s] -- Found ament_cmake: 2.7.2 (/opt/ros/rolling/share/ament_cmake/cmake)
[3.189s] -- Found Python3: /usr/bin/python3 (found version "3.12.3") found components: Interpreter 
[3.385s] -- Found laser_geometry: 2.10.0 (/opt/ros/rolling/share/laser_geometry/cmake)
[3.686s] -- Found rosidl_generator_c: 4.9.3 (/opt/ros/rolling/share/rosidl_generator_c/cmake)
[3.718s] -- Found rosidl_generator_cpp: 4.9.3 (/opt/ros/rolling/share/rosidl_generator_cpp/cmake)
[3.754s] -- Using all available rosidl_typesupport_c: rosidl_typesupport_fastrtps_c;rosidl_typesupport_introspection_c
[3.792s] -- Using all available rosidl_typesupport_cpp: rosidl_typesupport_fastrtps_cpp;rosidl_typesupport_introspection_cpp
[3.938s] -- Found message_filters: 7.1.0 (/opt/ros/rolling/share/message_filters/cmake)
[4.039s] -- Found rmw_implementation_cmake: 7.8.1 (/opt/ros/rolling/share/rmw_implementation_cmake/cmake)
[4.048s] -- Found rmw_fastrtps_cpp: 9.3.1 (/opt/ros/rolling/share/rmw_fastrtps_cpp/cmake)
[4.202s] -- Found OpenSSL: /usr/lib/x86_64-linux-gnu/libcrypto.so (found version "3.0.13")  
[4.218s] -- Using RMW implementation 'rmw_fastrtps_cpp' as default
[4.522s] -- Found rclcpp_components: 29.4.0 (/opt/ros/rolling/share/rclcpp_components/cmake)
[4.584s] -- Found tf2_ros: 0.40.1 (/opt/ros/rolling/share/tf2_ros/cmake)
[4.737s] -- Found tf2_sensor_msgs: 0.40.1 (/opt/ros/rolling/share/tf2_sensor_msgs/cmake)
[4.795s] -- Found ament_lint_auto: 0.19.1 (/opt/ros/rolling/share/ament_lint_auto/cmake)
[5.060s] -- Added test 'cppcheck' to perform static code analysis on C / C++ code
[5.060s] -- Configured cppcheck include dirs: $<BUILD_INTERFACE:/home/fabian/yb_support/pointcloud_to_laserscan/include>
[5.060s] -- Configured cppcheck exclude dirs and/or files: 
[5.075s] -- Added test 'cpplint' to check C / C++ code against the Google style
[5.076s] -- Configured cpplint exclude dirs and/or files: 
[5.080s] -- Added test 'flake8' to check Python code syntax and style conventions
[5.080s] -- Configured 'flake8' exclude dirs and/or files: 
[5.085s] -- Added test 'lint_cmake' to check CMake code style
[5.089s] -- Added test 'pep257' to check Python code against some of the docstring style conventions in PEP 257
[5.101s] -- Added test 'uncrustify' to check C / C++ code style
[5.101s] -- Configured uncrustify additional arguments: 
[5.104s] -- Added test 'xmllint' to check XML markup files
[5.109s] -- Configuring done (5.1s)
[5.150s] -- Generating done (0.0s)
[5.161s] -- Build files have been written to: /home/fabian/yb_support/pointcloud_to_laserscan/build/pointcloud_to_laserscan
[5.175s] Invoked command in '/home/fabian/yb_support/pointcloud_to_laserscan/build/pointcloud_to_laserscan' returned '0': CMAKE_PREFIX_PATH=${CMAKE_PREFIX_PATH}:/home/fabian/youbot_ws/install/youbot:/home/fabian/yb_support/twist_stamper/install/twist_stamper:/opt/ros/rolling DEBUGINFOD_URLS=https://debuginfod.ubuntu.com /usr/bin/cmake /home/fabian/yb_support/pointcloud_to_laserscan -DCMAKE_INSTALL_PREFIX=/home/fabian/yb_support/pointcloud_to_laserscan/install/pointcloud_to_laserscan
[5.176s] Invoking command in '/home/fabian/yb_support/pointcloud_to_laserscan/build/pointcloud_to_laserscan': CMAKE_PREFIX_PATH=${CMAKE_PREFIX_PATH}:/home/fabian/youbot_ws/install/youbot:/home/fabian/yb_support/twist_stamper/install/twist_stamper:/opt/ros/rolling DEBUGINFOD_URLS=https://debuginfod.ubuntu.com /usr/bin/cmake --build /home/fabian/yb_support/pointcloud_to_laserscan/build/pointcloud_to_laserscan -- -j7 -l7
[5.265s] [ 10%] [32mBuilding CXX object CMakeFiles/pointcloud_to_laserscan_node.dir/rclcpp_components/node_main_pointcloud_to_laserscan_node.cpp.o[0m
[5.267s] [ 20%] [32mBuilding CXX object CMakeFiles/laserscan_to_pointcloud_node.dir/rclcpp_components/node_main_laserscan_to_pointcloud_node.cpp.o[0m
[5.270s] [ 30%] [32mBuilding CXX object CMakeFiles/dummy_pointcloud_publisher.dir/src/dummy_pointcloud_publisher.cpp.o[0m
[5.270s] [ 40%] [32mBuilding CXX object CMakeFiles/laserscan_to_pointcloud.dir/src/laserscan_to_pointcloud_node.cpp.o[0m
[5.272s] [ 50%] [32mBuilding CXX object CMakeFiles/pointcloud_to_laserscan.dir/src/pointcloud_to_laserscan_node.cpp.o[0m
[12.609s] [ 60%] [32m[1mLinking CXX executable pointcloud_to_laserscan_node[0m
[12.715s] [ 70%] [32m[1mLinking CXX executable laserscan_to_pointcloud_node[0m
[13.045s] [ 70%] Built target pointcloud_to_laserscan_node
[13.170s] [ 70%] Built target laserscan_to_pointcloud_node
[14.303s] [ 80%] [32m[1mLinking CXX executable dummy_pointcloud_publisher[0m
[14.804s] [ 80%] Built target dummy_pointcloud_publisher
[24.936s] [ 90%] [32m[1mLinking CXX shared library liblaserscan_to_pointcloud.so[0m
[25.210s] [100%] [32m[1mLinking CXX shared library libpointcloud_to_laserscan.so[0m
[25.810s] [100%] Built target laserscan_to_pointcloud
[26.096s] [100%] Built target pointcloud_to_laserscan
[26.115s] Invoked command in '/home/fabian/yb_support/pointcloud_to_laserscan/build/pointcloud_to_laserscan' returned '0': CMAKE_PREFIX_PATH=${CMAKE_PREFIX_PATH}:/home/fabian/youbot_ws/install/youbot:/home/fabian/yb_support/twist_stamper/install/twist_stamper:/opt/ros/rolling DEBUGINFOD_URLS=https://debuginfod.ubuntu.com /usr/bin/cmake --build /home/fabian/yb_support/pointcloud_to_laserscan/build/pointcloud_to_laserscan -- -j7 -l7
[26.130s] Invoking command in '/home/fabian/yb_support/pointcloud_to_laserscan/build/pointcloud_to_laserscan': CMAKE_PREFIX_PATH=${CMAKE_PREFIX_PATH}:/home/fabian/youbot_ws/install/youbot:/home/fabian/yb_support/twist_stamper/install/twist_stamper:/opt/ros/rolling DEBUGINFOD_URLS=https://debuginfod.ubuntu.com /usr/bin/cmake --install /home/fabian/yb_support/pointcloud_to_laserscan/build/pointcloud_to_laserscan
[26.144s] -- Install configuration: ""
[26.145s] -- Installing: /home/fabian/yb_support/pointcloud_to_laserscan/install/pointcloud_to_laserscan/lib/pointcloud_to_laserscan/laserscan_to_pointcloud_node
[26.146s] -- Set non-toolchain portion of runtime path of "/home/fabian/yb_support/pointcloud_to_laserscan/install/pointcloud_to_laserscan/lib/pointcloud_to_laserscan/laserscan_to_pointcloud_node" to ""
[26.146s] -- Installing: /home/fabian/yb_support/pointcloud_to_laserscan/install/pointcloud_to_laserscan/lib/pointcloud_to_laserscan/pointcloud_to_laserscan_node
[26.147s] -- Set non-toolchain portion of runtime path of "/home/fabian/yb_support/pointcloud_to_laserscan/install/pointcloud_to_laserscan/lib/pointcloud_to_laserscan/pointcloud_to_laserscan_node" to ""
[26.147s] -- Installing: /home/fabian/yb_support/pointcloud_to_laserscan/install/pointcloud_to_laserscan/lib/liblaserscan_to_pointcloud.so
[26.157s] -- Set non-toolchain portion of runtime path of "/home/fabian/yb_support/pointcloud_to_laserscan/install/pointcloud_to_laserscan/lib/liblaserscan_to_pointcloud.so" to ""
[26.157s] -- Installing: /home/fabian/yb_support/pointcloud_to_laserscan/install/pointcloud_to_laserscan/lib/libpointcloud_to_laserscan.so
[26.169s] -- Set non-toolchain portion of runtime path of "/home/fabian/yb_support/pointcloud_to_laserscan/install/pointcloud_to_laserscan/lib/libpointcloud_to_laserscan.so" to ""
[26.169s] -- Installing: /home/fabian/yb_support/pointcloud_to_laserscan/install/pointcloud_to_laserscan/lib/pointcloud_to_laserscan/dummy_pointcloud_publisher
[26.172s] -- Set non-toolchain portion of runtime path of "/home/fabian/yb_support/pointcloud_to_laserscan/install/pointcloud_to_laserscan/lib/pointcloud_to_laserscan/dummy_pointcloud_publisher" to ""
[26.172s] -- Installing: /home/fabian/yb_support/pointcloud_to_laserscan/install/pointcloud_to_laserscan/include/pointcloud_to_laserscan/include
[26.173s] -- Installing: /home/fabian/yb_support/pointcloud_to_laserscan/install/pointcloud_to_laserscan/include/pointcloud_to_laserscan/include/pointcloud_to_laserscan
[26.174s] -- Installing: /home/fabian/yb_support/pointcloud_to_laserscan/install/pointcloud_to_laserscan/include/pointcloud_to_laserscan/include/pointcloud_to_laserscan/laserscan_to_pointcloud_node.hpp
[26.174s] -- Installing: /home/fabian/yb_support/pointcloud_to_laserscan/install/pointcloud_to_laserscan/include/pointcloud_to_laserscan/include/pointcloud_to_laserscan/pointcloud_to_laserscan_node.hpp
[26.174s] -- Installing: /home/fabian/yb_support/pointcloud_to_laserscan/install/pointcloud_to_laserscan/include/pointcloud_to_laserscan/include/pointcloud_to_laserscan/visibility_control.h
[26.175s] -- Installing: /home/fabian/yb_support/pointcloud_to_laserscan/install/pointcloud_to_laserscan/share/pointcloud_to_laserscan/launch
[26.175s] -- Installing: /home/fabian/yb_support/pointcloud_to_laserscan/install/pointcloud_to_laserscan/share/pointcloud_to_laserscan/launch/sample_pointcloud_to_laserscan_launch.py
[26.182s] -- Installing: /home/fabian/yb_support/pointcloud_to_laserscan/install/pointcloud_to_laserscan/share/pointcloud_to_laserscan/launch/sample_laserscan_to_pointcloud_launch.py
[26.184s] -- Installing: /home/fabian/yb_support/pointcloud_to_laserscan/install/pointcloud_to_laserscan/share/ament_index/resource_index/package_run_dependencies/pointcloud_to_laserscan
[26.185s] -- Installing: /home/fabian/yb_support/pointcloud_to_laserscan/install/pointcloud_to_laserscan/share/ament_index/resource_index/parent_prefix_path/pointcloud_to_laserscan
[26.185s] -- Installing: /home/fabian/yb_support/pointcloud_to_laserscan/install/pointcloud_to_laserscan/share/pointcloud_to_laserscan/environment/ament_prefix_path.sh
[26.186s] -- Installing: /home/fabian/yb_support/pointcloud_to_laserscan/install/pointcloud_to_laserscan/share/pointcloud_to_laserscan/environment/ament_prefix_path.dsv
[26.186s] -- Installing: /home/fabian/yb_support/pointcloud_to_laserscan/install/pointcloud_to_laserscan/share/pointcloud_to_laserscan/environment/path.sh
[26.186s] -- Installing: /home/fabian/yb_support/pointcloud_to_laserscan/install/pointcloud_to_laserscan/share/pointcloud_to_laserscan/environment/path.dsv
[26.187s] -- Installing: /home/fabian/yb_support/pointcloud_to_laserscan/install/pointcloud_to_laserscan/share/pointcloud_to_laserscan/local_setup.bash
[26.187s] -- Installing: /home/fabian/yb_support/pointcloud_to_laserscan/install/pointcloud_to_laserscan/share/pointcloud_to_laserscan/local_setup.sh
[26.187s] -- Installing: /home/fabian/yb_support/pointcloud_to_laserscan/install/pointcloud_to_laserscan/share/pointcloud_to_laserscan/local_setup.zsh
[26.188s] -- Installing: /home/fabian/yb_support/pointcloud_to_laserscan/install/pointcloud_to_laserscan/share/pointcloud_to_laserscan/local_setup.dsv
[26.188s] -- Installing: /home/fabian/yb_support/pointcloud_to_laserscan/install/pointcloud_to_laserscan/share/pointcloud_to_laserscan/package.dsv
[26.193s] -- Installing: /home/fabian/yb_support/pointcloud_to_laserscan/install/pointcloud_to_laserscan/share/ament_index/resource_index/packages/pointcloud_to_laserscan
[26.193s] -- Installing: /home/fabian/yb_support/pointcloud_to_laserscan/install/pointcloud_to_laserscan/share/ament_index/resource_index/rclcpp_components/pointcloud_to_laserscan
[26.194s] -- Installing: /home/fabian/yb_support/pointcloud_to_laserscan/install/pointcloud_to_laserscan/share/pointcloud_to_laserscan/cmake/ament_cmake_export_dependencies-extras.cmake
[26.194s] -- Installing: /home/fabian/yb_support/pointcloud_to_laserscan/install/pointcloud_to_laserscan/share/pointcloud_to_laserscan/cmake/pointcloud_to_laserscanConfig.cmake
[26.195s] -- Installing: /home/fabian/yb_support/pointcloud_to_laserscan/install/pointcloud_to_laserscan/share/pointcloud_to_laserscan/cmake/pointcloud_to_laserscanConfig-version.cmake
[26.195s] -- Installing: /home/fabian/yb_support/pointcloud_to_laserscan/install/pointcloud_to_laserscan/share/pointcloud_to_laserscan/package.xml
[26.197s] Invoked command in '/home/fabian/yb_support/pointcloud_to_laserscan/build/pointcloud_to_laserscan' returned '0': CMAKE_PREFIX_PATH=${CMAKE_PREFIX_PATH}:/home/fabian/youbot_ws/install/youbot:/home/fabian/yb_support/twist_stamper/install/twist_stamper:/opt/ros/rolling DEBUGINFOD_URLS=https://debuginfod.ubuntu.com /usr/bin/cmake --install /home/fabian/yb_support/pointcloud_to_laserscan/build/pointcloud_to_laserscan
