-- The CXX compiler identification is GNU 13.3.0
-- Detecting CXX compiler ABI info
-- Detecting CXX compiler ABI info - done
-- Check for working CXX compiler: /usr/bin/c++ - skipped
-- Detecting CXX compile features
-- Detecting CXX compile features - done
-- Found ament_cmake: 2.7.2 (/opt/ros/rolling/share/ament_cmake/cmake)
-- Found Python3: /usr/bin/python3 (found version "3.12.3") found components: Interpreter 
-- Found controller_interface: 4.27.0 (/opt/ros/rolling/share/controller_interface/cmake)
-- Found rosidl_generator_c: 4.9.3 (/opt/ros/rolling/share/rosidl_generator_c/cmake)
-- Found rosidl_generator_cpp: 4.9.3 (/opt/ros/rolling/share/rosidl_generator_cpp/cmake)
-- Using all available rosidl_typesupport_c: rosidl_typesupport_fastrtps_c;rosidl_typesupport_introspection_c
-- Using all available rosidl_typesupport_cpp: rosidl_typesupport_fastrtps_cpp;rosidl_typesupport_introspection_cpp
-- Found TinyXML2 via Config file: /usr/lib/x86_64-linux-gnu/cmake/tinyxml2
-- Found rmw_implementation_cmake: 7.8.1 (/opt/ros/rolling/share/rmw_implementation_cmake/cmake)
-- Found rmw_fastrtps_cpp: 9.3.1 (/opt/ros/rolling/share/rmw_fastrtps_cpp/cmake)
-- Found TinyXML2 via Config file: /usr/lib/x86_64-linux-gnu/cmake/tinyxml2
-- Found OpenSSL: /usr/lib/x86_64-linux-gnu/libcrypto.so (found version "3.0.13")  
-- Found TinyXML2 via Config file: /usr/lib/x86_64-linux-gnu/cmake/tinyxml2
-- Using RMW implementation 'rmw_fastrtps_cpp' as default
-- Found generate_parameter_library: 0.4.0 (/opt/ros/rolling/share/generate_parameter_library/cmake)
-- Found parameter_traits: 0.4.0 (/opt/ros/rolling/share/parameter_traits/cmake)
-- Found nav_msgs: 5.5.0 (/opt/ros/rolling/share/nav_msgs/cmake)
-- Found tf2: 0.40.1 (/opt/ros/rolling/share/tf2/cmake)
-- Found tf2_msgs: 0.40.1 (/opt/ros/rolling/share/tf2_msgs/cmake)
-- Found ament_cmake_gmock: 2.7.2 (/opt/ros/rolling/share/ament_cmake_gmock/cmake)
-- Found controller_manager: 4.27.0 (/opt/ros/rolling/share/controller_manager/cmake)
-- Found ros2_control_test_assets: 4.27.0 (/opt/ros/rolling/share/ros2_control_test_assets/cmake)
-- Configuring done (4.5s)
-- Generating done (0.0s)
-- Build files have been written to: /home/fabian/yb_support/mecanum_drive_controller/build/mecanum_drive_controller
[ 16%] [34m[1mRunning `/opt/ros/rolling/bin/generate_parameter_library_cpp /home/fabian/yb_support/mecanum_drive_controller/build/mecanum_drive_controller/include/mecanum_drive_controller/mecanum_drive_controller_parameters.hpp /home/fabian/yb_support/mecanum_drive_controller/src/mecanum_drive_controller_parameter.yaml `[0m
[ 33%] [34m[1mCreating deprecated header file /home/fabian/yb_support/mecanum_drive_controller/build/mecanum_drive_controller/include/mecanum_drive_controller_parameters.hpp[0m
[ 33%] Built target mecanum_drive_controller_parameters
[ 50%] [32mBuilding CXX object CMakeFiles/mecanum_drive_controller.dir/src/mecanum_drive_controller.cpp.o[0m
[ 66%] [32mBuilding CXX object CMakeFiles/mecanum_drive_controller.dir/src/speed_limiter.cpp.o[0m
[ 83%] [32mBuilding CXX object CMakeFiles/mecanum_drive_controller.dir/src/odometry.cpp.o[0m
[100%] [32m[1mLinking CXX shared library libmecanum_drive_controller.so[0m
[100%] Built target mecanum_drive_controller
-- Install configuration: ""
-- Installing: /home/fabian/yb_support/mecanum_drive_controller/install/mecanum_drive_controller/include/mecanum_drive_controller
-- Installing: /home/fabian/yb_support/mecanum_drive_controller/install/mecanum_drive_controller/include/mecanum_drive_controller/mecanum_drive_controller_parameters.hpp
-- Installing: /home/fabian/yb_support/mecanum_drive_controller/install/mecanum_drive_controller/share/mecanum_drive_controller/mecanum_drive_plugin.xml
-- Up-to-date: /home/fabian/yb_support/mecanum_drive_controller/install/mecanum_drive_controller/include/mecanum_drive_controller
-- Installing: /home/fabian/yb_support/mecanum_drive_controller/install/mecanum_drive_controller/include/mecanum_drive_controller/mecanum_drive_controller
-- Installing: /home/fabian/yb_support/mecanum_drive_controller/install/mecanum_drive_controller/include/mecanum_drive_controller/mecanum_drive_controller/speed_limiter.hpp
-- Installing: /home/fabian/yb_support/mecanum_drive_controller/install/mecanum_drive_controller/include/mecanum_drive_controller/mecanum_drive_controller/odometry.hpp
-- Installing: /home/fabian/yb_support/mecanum_drive_controller/install/mecanum_drive_controller/include/mecanum_drive_controller/mecanum_drive_controller/visibility_control.h
-- Installing: /home/fabian/yb_support/mecanum_drive_controller/install/mecanum_drive_controller/include/mecanum_drive_controller/mecanum_drive_controller/mecanum_drive_controller.hpp
-- Installing: /home/fabian/yb_support/mecanum_drive_controller/install/mecanum_drive_controller/lib/libmecanum_drive_controller.so
-- Set non-toolchain portion of runtime path of "/home/fabian/yb_support/mecanum_drive_controller/install/mecanum_drive_controller/lib/libmecanum_drive_controller.so" to ""
-- Installing: /home/fabian/yb_support/mecanum_drive_controller/install/mecanum_drive_controller/share/mecanum_drive_controller/environment/library_path.sh
-- Installing: /home/fabian/yb_support/mecanum_drive_controller/install/mecanum_drive_controller/share/mecanum_drive_controller/environment/library_path.dsv
-- Installing: /home/fabian/yb_support/mecanum_drive_controller/install/mecanum_drive_controller/share/ament_index/resource_index/package_run_dependencies/mecanum_drive_controller
-- Installing: /home/fabian/yb_support/mecanum_drive_controller/install/mecanum_drive_controller/share/ament_index/resource_index/parent_prefix_path/mecanum_drive_controller
-- Installing: /home/fabian/yb_support/mecanum_drive_controller/install/mecanum_drive_controller/share/mecanum_drive_controller/environment/ament_prefix_path.sh
-- Installing: /home/fabian/yb_support/mecanum_drive_controller/install/mecanum_drive_controller/share/mecanum_drive_controller/environment/ament_prefix_path.dsv
-- Installing: /home/fabian/yb_support/mecanum_drive_controller/install/mecanum_drive_controller/share/mecanum_drive_controller/environment/path.sh
-- Installing: /home/fabian/yb_support/mecanum_drive_controller/install/mecanum_drive_controller/share/mecanum_drive_controller/environment/path.dsv
-- Installing: /home/fabian/yb_support/mecanum_drive_controller/install/mecanum_drive_controller/share/mecanum_drive_controller/local_setup.bash
-- Installing: /home/fabian/yb_support/mecanum_drive_controller/install/mecanum_drive_controller/share/mecanum_drive_controller/local_setup.sh
-- Installing: /home/fabian/yb_support/mecanum_drive_controller/install/mecanum_drive_controller/share/mecanum_drive_controller/local_setup.zsh
-- Installing: /home/fabian/yb_support/mecanum_drive_controller/install/mecanum_drive_controller/share/mecanum_drive_controller/local_setup.dsv
-- Installing: /home/fabian/yb_support/mecanum_drive_controller/install/mecanum_drive_controller/share/mecanum_drive_controller/package.dsv
-- Installing: /home/fabian/yb_support/mecanum_drive_controller/install/mecanum_drive_controller/share/ament_index/resource_index/packages/mecanum_drive_controller
-- Installing: /home/fabian/yb_support/mecanum_drive_controller/install/mecanum_drive_controller/share/ament_index/resource_index/controller_interface__pluginlib__plugin/mecanum_drive_controller
-- Installing: /home/fabian/yb_support/mecanum_drive_controller/install/mecanum_drive_controller/share/mecanum_drive_controller/cmake/export_mecanum_drive_controllerExport.cmake
-- Installing: /home/fabian/yb_support/mecanum_drive_controller/install/mecanum_drive_controller/share/mecanum_drive_controller/cmake/export_mecanum_drive_controllerExport-noconfig.cmake
-- Installing: /home/fabian/yb_support/mecanum_drive_controller/install/mecanum_drive_controller/share/mecanum_drive_controller/cmake/ament_cmake_export_dependencies-extras.cmake
-- Installing: /home/fabian/yb_support/mecanum_drive_controller/install/mecanum_drive_controller/share/mecanum_drive_controller/cmake/ament_cmake_export_targets-extras.cmake
-- Installing: /home/fabian/yb_support/mecanum_drive_controller/install/mecanum_drive_controller/share/mecanum_drive_controller/cmake/mecanum_drive_controllerConfig.cmake
-- Installing: /home/fabian/yb_support/mecanum_drive_controller/install/mecanum_drive_controller/share/mecanum_drive_controller/cmake/mecanum_drive_controllerConfig-version.cmake
-- Installing: /home/fabian/yb_support/mecanum_drive_controller/install/mecanum_drive_controller/share/mecanum_drive_controller/package.xml
