[0.019s] Invoking command in '/home/fabian/unilidar_sdk2/unitree_lidar_ros2/src/unitree_lidar_ros2/build/unitree_lidar_ros2': CMAKE_PREFIX_PATH=${CMAKE_PREFIX_PATH}:/home/fabian/yb_support/twist_stamper/install/twist_stamper:/home/fabian/youbot_ws/install/youbot:/opt/ros/rolling DEBUGINFOD_URLS=https://debuginfod.ubuntu.com /usr/bin/cmake --build /home/fabian/unilidar_sdk2/unitree_lidar_ros2/src/unitree_lidar_ros2/build/unitree_lidar_ros2 -- -j7 -l7
[0.165s] [ 50%] [32mBuilding CXX object CMakeFiles/unitree_lidar_ros2_node.dir/src/unitree_lidar_ros2_node.cpp.o[0m
[17.879s] [100%] [32m[1mLinking CXX executable unitree_lidar_ros2_node[0m
[18.793s] [100%] Built target unitree_lidar_ros2_node
[18.819s] Invoked command in '/home/fabian/unilidar_sdk2/unitree_lidar_ros2/src/unitree_lidar_ros2/build/unitree_lidar_ros2' returned '0': CMAKE_PREFIX_PATH=${CMAKE_PREFIX_PATH}:/home/fabian/yb_support/twist_stamper/install/twist_stamper:/home/fabian/youbot_ws/install/youbot:/opt/ros/rolling DEBUGINFOD_URLS=https://debuginfod.ubuntu.com /usr/bin/cmake --build /home/fabian/unilidar_sdk2/unitree_lidar_ros2/src/unitree_lidar_ros2/build/unitree_lidar_ros2 -- -j7 -l7
[18.836s] Invoking command in '/home/fabian/unilidar_sdk2/unitree_lidar_ros2/src/unitree_lidar_ros2/build/unitree_lidar_ros2': CMAKE_PREFIX_PATH=${CMAKE_PREFIX_PATH}:/home/fabian/yb_support/twist_stamper/install/twist_stamper:/home/fabian/youbot_ws/install/youbot:/opt/ros/rolling DEBUGINFOD_URLS=https://debuginfod.ubuntu.com /usr/bin/cmake --install /home/fabian/unilidar_sdk2/unitree_lidar_ros2/src/unitree_lidar_ros2/build/unitree_lidar_ros2
[18.849s] -- Install configuration: ""
[18.849s] -- Execute custom install script
[18.850s] -- Up-to-date symlink: /home/fabian/unilidar_sdk2/unitree_lidar_ros2/src/unitree_lidar_ros2/install/unitree_lidar_ros2/lib/unitree_lidar_ros2/unitree_lidar_ros2_node
[18.850s] -- Up-to-date symlink: /home/fabian/unilidar_sdk2/unitree_lidar_ros2/src/unitree_lidar_ros2/install/unitree_lidar_ros2/share/unitree_lidar_ros2/view.rviz
[18.851s] -- Up-to-date symlink: /home/fabian/unilidar_sdk2/unitree_lidar_ros2/src/unitree_lidar_ros2/install/unitree_lidar_ros2/share/unitree_lidar_ros2/launch.py
[18.851s] -- Up-to-date symlink: /home/fabian/unilidar_sdk2/unitree_lidar_ros2/src/unitree_lidar_ros2/install/unitree_lidar_ros2/share/ament_index/resource_index/package_run_dependencies/unitree_lidar_ros2
[18.851s] -- Up-to-date symlink: /home/fabian/unilidar_sdk2/unitree_lidar_ros2/src/unitree_lidar_ros2/install/unitree_lidar_ros2/share/ament_index/resource_index/parent_prefix_path/unitree_lidar_ros2
[18.852s] -- Up-to-date symlink: /home/fabian/unilidar_sdk2/unitree_lidar_ros2/src/unitree_lidar_ros2/install/unitree_lidar_ros2/share/unitree_lidar_ros2/environment/ament_prefix_path.sh
[18.852s] -- Up-to-date symlink: /home/fabian/unilidar_sdk2/unitree_lidar_ros2/src/unitree_lidar_ros2/install/unitree_lidar_ros2/share/unitree_lidar_ros2/environment/ament_prefix_path.dsv
[18.852s] -- Up-to-date symlink: /home/fabian/unilidar_sdk2/unitree_lidar_ros2/src/unitree_lidar_ros2/install/unitree_lidar_ros2/share/unitree_lidar_ros2/environment/path.sh
[18.853s] -- Up-to-date symlink: /home/fabian/unilidar_sdk2/unitree_lidar_ros2/src/unitree_lidar_ros2/install/unitree_lidar_ros2/share/unitree_lidar_ros2/environment/path.dsv
[18.853s] -- Up-to-date symlink: /home/fabian/unilidar_sdk2/unitree_lidar_ros2/src/unitree_lidar_ros2/install/unitree_lidar_ros2/share/unitree_lidar_ros2/local_setup.bash
[18.853s] -- Up-to-date symlink: /home/fabian/unilidar_sdk2/unitree_lidar_ros2/src/unitree_lidar_ros2/install/unitree_lidar_ros2/share/unitree_lidar_ros2/local_setup.sh
[18.853s] -- Up-to-date symlink: /home/fabian/unilidar_sdk2/unitree_lidar_ros2/src/unitree_lidar_ros2/install/unitree_lidar_ros2/share/unitree_lidar_ros2/local_setup.zsh
[18.854s] -- Up-to-date symlink: /home/fabian/unilidar_sdk2/unitree_lidar_ros2/src/unitree_lidar_ros2/install/unitree_lidar_ros2/share/unitree_lidar_ros2/local_setup.dsv
[18.854s] -- Symlinking: /home/fabian/unilidar_sdk2/unitree_lidar_ros2/src/unitree_lidar_ros2/install/unitree_lidar_ros2/share/unitree_lidar_ros2/package.dsv
[18.870s] -- Up-to-date symlink: /home/fabian/unilidar_sdk2/unitree_lidar_ros2/src/unitree_lidar_ros2/install/unitree_lidar_ros2/share/ament_index/resource_index/packages/unitree_lidar_ros2
[18.870s] -- Up-to-date symlink: /home/fabian/unilidar_sdk2/unitree_lidar_ros2/src/unitree_lidar_ros2/install/unitree_lidar_ros2/share/unitree_lidar_ros2/cmake/unitree_lidar_ros2Config.cmake
[18.871s] -- Up-to-date symlink: /home/fabian/unilidar_sdk2/unitree_lidar_ros2/src/unitree_lidar_ros2/install/unitree_lidar_ros2/share/unitree_lidar_ros2/cmake/unitree_lidar_ros2Config-version.cmake
[18.871s] -- Up-to-date symlink: /home/fabian/unilidar_sdk2/unitree_lidar_ros2/src/unitree_lidar_ros2/install/unitree_lidar_ros2/share/unitree_lidar_ros2/package.xml
[18.873s] Invoked command in '/home/fabian/unilidar_sdk2/unitree_lidar_ros2/src/unitree_lidar_ros2/build/unitree_lidar_ros2' returned '0': CMAKE_PREFIX_PATH=${CMAKE_PREFIX_PATH}:/home/fabian/yb_support/twist_stamper/install/twist_stamper:/home/fabian/youbot_ws/install/youbot:/opt/ros/rolling DEBUGINFOD_URLS=https://debuginfod.ubuntu.com /usr/bin/cmake --install /home/fabian/unilidar_sdk2/unitree_lidar_ros2/src/unitree_lidar_ros2/build/unitree_lidar_ros2
