[0.257s] DEBUG:colcon:Command line arguments: ['/usr/bin/colcon', 'build', '--packages-select', 'pointcloud_to_laserscan']
[0.257s] DEBUG:colcon:Parsed command line arguments: Namespace(log_base=None, log_level=None, verb_name='build', build_base='build', install_base='install', merge_install=False, symlink_install=False, test_result_base=None, continue_on_error=False, executor='parallel', parallel_workers=7, event_handlers=None, ignore_user_meta=False, metas=['./colcon.meta'], base_paths=['.'], packages_ignore=None, packages_ignore_regex=None, paths=None, packages_up_to=None, packages_up_to_regex=None, packages_above=None, packages_above_and_dependencies=None, packages_above_depth=None, packages_select_by_dep=None, packages_skip_by_dep=None, packages_skip_up_to=None, packages_select_build_failed=False, packages_skip_build_finished=False, packages_select_test_failures=False, packages_skip_test_passed=False, packages_select=['pointcloud_to_laserscan'], packages_skip=None, packages_select_regex=None, packages_skip_regex=None, packages_start=None, packages_end=None, allow_overriding=[], cmake_args=None, cmake_target=None, cmake_target_skip_unavailable=False, cmake_clean_cache=False, cmake_clean_first=False, cmake_force_configure=False, ament_cmake_args=None, catkin_cmake_args=None, catkin_skip_building_tests=False, mixin_files=None, mixin=None, verb_parser=<colcon_mixin.mixin.mixin_argument.MixinArgumentDecorator object at 0x71966a38a8d0>, verb_extension=<colcon_core.verb.build.BuildVerb object at 0x71966a4b6510>, main=<bound method BuildVerb.main of <colcon_core.verb.build.BuildVerb object at 0x71966a4b6510>>, mixin_verb=('build',))
[0.303s] Level 1:colcon.colcon_core.package_discovery:discover_packages(colcon_meta) check parameters
[0.303s] Level 1:colcon.colcon_core.package_discovery:discover_packages(recursive) check parameters
[0.303s] Level 1:colcon.colcon_core.package_discovery:discover_packages(ignore) check parameters
[0.303s] Level 1:colcon.colcon_core.package_discovery:discover_packages(path) check parameters
[0.303s] Level 1:colcon.colcon_core.package_discovery:discover_packages(colcon_meta) discover
[0.304s] Level 1:colcon.colcon_core.package_discovery:discover_packages(recursive) discover
[0.304s] INFO:colcon.colcon_core.package_discovery:Crawling recursively for packages in '/home/fabian/yb_support/pointcloud_to_laserscan'
[0.304s] Level 1:colcon.colcon_core.package_identification:_identify(.) by extensions ['ignore', 'ignore_ament_install']
[0.304s] Level 1:colcon.colcon_core.package_identification:_identify(.) by extension 'ignore'
[0.304s] Level 1:colcon.colcon_core.package_identification:_identify(.) by extension 'ignore_ament_install'
[0.304s] Level 1:colcon.colcon_core.package_identification:_identify(.) by extensions ['colcon_pkg']
[0.304s] Level 1:colcon.colcon_core.package_identification:_identify(.) by extension 'colcon_pkg'
[0.304s] Level 1:colcon.colcon_core.package_identification:_identify(.) by extensions ['colcon_meta']
[0.304s] Level 1:colcon.colcon_core.package_identification:_identify(.) by extension 'colcon_meta'
[0.304s] Level 1:colcon.colcon_core.package_identification:_identify(.) by extensions ['ros']
[0.304s] Level 1:colcon.colcon_core.package_identification:_identify(.) by extension 'ros'
[0.334s] DEBUG:colcon.colcon_core.package_identification:Package '.' with type 'ros.ament_cmake' and name 'pointcloud_to_laserscan'
[0.334s] Level 1:colcon.colcon_core.package_discovery:discover_packages(recursive) using defaults
[0.334s] Level 1:colcon.colcon_core.package_discovery:discover_packages(ignore) discover
[0.334s] Level 1:colcon.colcon_core.package_discovery:discover_packages(ignore) using defaults
[0.334s] Level 1:colcon.colcon_core.package_discovery:discover_packages(path) discover
[0.334s] Level 1:colcon.colcon_core.package_discovery:discover_packages(path) using defaults
[0.353s] Level 1:colcon.colcon_core.package_discovery:discover_packages(prefix_path) check parameters
[0.353s] Level 1:colcon.colcon_core.package_discovery:discover_packages(prefix_path) discover
[0.354s] WARNING:colcon.colcon_core.prefix_path.colcon:The path '/home/fabian/yb_support/unilidar_sdk2/install' in the environment variable COLCON_PREFIX_PATH doesn't exist
[0.354s] WARNING:colcon.colcon_ros.prefix_path.ament:The path '/home/fabian/yb_support/unilidar_sdk2/install/unitree_lidar_ros2' in the environment variable AMENT_PREFIX_PATH doesn't exist
[0.355s] WARNING:colcon.colcon_ros.prefix_path.ament:The path '/home/fabian/yb_support/pointcloud_to_laserscan/install/pointcloud_to_laserscan' in the environment variable AMENT_PREFIX_PATH doesn't exist
[0.355s] WARNING:colcon.colcon_ros.prefix_path.catkin:The path '/home/fabian/yb_support/unilidar_sdk2/install/unitree_lidar_ros2' in the environment variable CMAKE_PREFIX_PATH doesn't exist
[0.356s] WARNING:colcon.colcon_ros.prefix_path.catkin:The path '/home/fabian/yb_support/pointcloud_to_laserscan/install/pointcloud_to_laserscan' in the environment variable CMAKE_PREFIX_PATH doesn't exist
[0.357s] DEBUG:colcon.colcon_installed_package_information.package_discovery:Found 0 installed packages in /home/fabian/yb_support/pointcloud_to_laserscan/install
[0.357s] DEBUG:colcon.colcon_installed_package_information.package_discovery:Found 1 installed packages in /home/fabian/yb_support/mecanum_drive_controller/install
[0.357s] DEBUG:colcon.colcon_installed_package_information.package_discovery:Found 1 installed packages in /home/fabian/yb_support/twist_stamper/install
[0.358s] DEBUG:colcon.colcon_installed_package_information.package_discovery:Found 2 installed packages in /home/fabian/ros2_ws/install
[0.358s] DEBUG:colcon.colcon_installed_package_information.package_discovery:Found 1 installed packages in /home/fabian/youbot_ws/install
[0.359s] DEBUG:colcon.colcon_installed_package_information.package_discovery:Found 1 installed packages in /home/fabian/yb_ros_odrive/odrive_ros2_control/install
[0.359s] DEBUG:colcon.colcon_installed_package_information.package_discovery:Found 10 installed packages in /home/fabian/yahboom_rosmaster/install
[0.360s] DEBUG:colcon.colcon_installed_package_information.package_discovery:Found 1 installed packages in /home/fabian/yb_support/unilidar_sdk2/unitree_lidar_ros2/src/unitree_lidar_ros2/install
[0.360s] DEBUG:colcon.colcon_installed_package_information.package_discovery:Found 1 installed packages in /home/fabian/yb_lidar/unitree_lidar_ros2/install
[0.362s] DEBUG:colcon.colcon_installed_package_information.package_discovery:Found 366 installed packages in /opt/ros/rolling
[0.364s] Level 1:colcon.colcon_core.package_discovery:discover_packages(prefix_path) using defaults
[0.424s] Level 5:colcon.colcon_core.verb:set package 'pointcloud_to_laserscan' build argument 'cmake_args' from command line to 'None'
[0.424s] Level 5:colcon.colcon_core.verb:set package 'pointcloud_to_laserscan' build argument 'cmake_target' from command line to 'None'
[0.424s] Level 5:colcon.colcon_core.verb:set package 'pointcloud_to_laserscan' build argument 'cmake_target_skip_unavailable' from command line to 'False'
[0.424s] Level 5:colcon.colcon_core.verb:set package 'pointcloud_to_laserscan' build argument 'cmake_clean_cache' from command line to 'False'
[0.424s] Level 5:colcon.colcon_core.verb:set package 'pointcloud_to_laserscan' build argument 'cmake_clean_first' from command line to 'False'
[0.424s] Level 5:colcon.colcon_core.verb:set package 'pointcloud_to_laserscan' build argument 'cmake_force_configure' from command line to 'False'
[0.424s] Level 5:colcon.colcon_core.verb:set package 'pointcloud_to_laserscan' build argument 'ament_cmake_args' from command line to 'None'
[0.424s] Level 5:colcon.colcon_core.verb:set package 'pointcloud_to_laserscan' build argument 'catkin_cmake_args' from command line to 'None'
[0.424s] Level 5:colcon.colcon_core.verb:set package 'pointcloud_to_laserscan' build argument 'catkin_skip_building_tests' from command line to 'False'
[0.424s] DEBUG:colcon.colcon_core.verb:Building package 'pointcloud_to_laserscan' with the following arguments: {'ament_cmake_args': None, 'build_base': '/home/fabian/yb_support/pointcloud_to_laserscan/build/pointcloud_to_laserscan', 'catkin_cmake_args': None, 'catkin_skip_building_tests': False, 'cmake_args': None, 'cmake_clean_cache': False, 'cmake_clean_first': False, 'cmake_force_configure': False, 'cmake_target': None, 'cmake_target_skip_unavailable': False, 'install_base': '/home/fabian/yb_support/pointcloud_to_laserscan/install/pointcloud_to_laserscan', 'merge_install': False, 'path': '/home/fabian/yb_support/pointcloud_to_laserscan', 'symlink_install': False, 'test_result_base': None}
[0.425s] INFO:colcon.colcon_core.executor:Executing jobs using 'parallel' executor
[0.426s] DEBUG:colcon.colcon_parallel_executor.executor.parallel:run_until_complete
[0.426s] INFO:colcon.colcon_ros.task.ament_cmake.build:Building ROS package in '/home/fabian/yb_support/pointcloud_to_laserscan' with build type 'ament_cmake'
[0.426s] INFO:colcon.colcon_cmake.task.cmake.build:Building CMake package in '/home/fabian/yb_support/pointcloud_to_laserscan'
[0.428s] INFO:colcon.colcon_core.plugin_system:Skipping extension 'colcon_core.shell.bat': Not used on non-Windows systems
[0.429s] INFO:colcon.colcon_core.shell:Skip shell extension 'powershell' for command environment: Not usable outside of PowerShell
[0.429s] DEBUG:colcon.colcon_core.shell:Skip shell extension 'dsv' for command environment
[0.444s] DEBUG:colcon.colcon_core.event_handler.log_command:Invoking command in '/home/fabian/yb_support/pointcloud_to_laserscan/build/pointcloud_to_laserscan': CMAKE_PREFIX_PATH=${CMAKE_PREFIX_PATH}:/home/fabian/youbot_ws/install/youbot:/home/fabian/yb_support/twist_stamper/install/twist_stamper:/opt/ros/rolling DEBUGINFOD_URLS=https://debuginfod.ubuntu.com /usr/bin/cmake /home/fabian/yb_support/pointcloud_to_laserscan -DCMAKE_INSTALL_PREFIX=/home/fabian/yb_support/pointcloud_to_laserscan/install/pointcloud_to_laserscan
[5.601s] DEBUG:colcon.colcon_core.event_handler.log_command:Invoked command in '/home/fabian/yb_support/pointcloud_to_laserscan/build/pointcloud_to_laserscan' returned '0': CMAKE_PREFIX_PATH=${CMAKE_PREFIX_PATH}:/home/fabian/youbot_ws/install/youbot:/home/fabian/yb_support/twist_stamper/install/twist_stamper:/opt/ros/rolling DEBUGINFOD_URLS=https://debuginfod.ubuntu.com /usr/bin/cmake /home/fabian/yb_support/pointcloud_to_laserscan -DCMAKE_INSTALL_PREFIX=/home/fabian/yb_support/pointcloud_to_laserscan/install/pointcloud_to_laserscan
[5.603s] DEBUG:colcon.colcon_core.event_handler.log_command:Invoking command in '/home/fabian/yb_support/pointcloud_to_laserscan/build/pointcloud_to_laserscan': CMAKE_PREFIX_PATH=${CMAKE_PREFIX_PATH}:/home/fabian/youbot_ws/install/youbot:/home/fabian/yb_support/twist_stamper/install/twist_stamper:/opt/ros/rolling DEBUGINFOD_URLS=https://debuginfod.ubuntu.com /usr/bin/cmake --build /home/fabian/yb_support/pointcloud_to_laserscan/build/pointcloud_to_laserscan -- -j7 -l7
[26.541s] DEBUG:colcon.colcon_core.event_handler.log_command:Invoked command in '/home/fabian/yb_support/pointcloud_to_laserscan/build/pointcloud_to_laserscan' returned '0': CMAKE_PREFIX_PATH=${CMAKE_PREFIX_PATH}:/home/fabian/youbot_ws/install/youbot:/home/fabian/yb_support/twist_stamper/install/twist_stamper:/opt/ros/rolling DEBUGINFOD_URLS=https://debuginfod.ubuntu.com /usr/bin/cmake --build /home/fabian/yb_support/pointcloud_to_laserscan/build/pointcloud_to_laserscan -- -j7 -l7
[26.557s] DEBUG:colcon.colcon_core.event_handler.log_command:Invoking command in '/home/fabian/yb_support/pointcloud_to_laserscan/build/pointcloud_to_laserscan': CMAKE_PREFIX_PATH=${CMAKE_PREFIX_PATH}:/home/fabian/youbot_ws/install/youbot:/home/fabian/yb_support/twist_stamper/install/twist_stamper:/opt/ros/rolling DEBUGINFOD_URLS=https://debuginfod.ubuntu.com /usr/bin/cmake --install /home/fabian/yb_support/pointcloud_to_laserscan/build/pointcloud_to_laserscan
[26.623s] Level 1:colcon.colcon_core.environment:create_environment_scripts_only(pointcloud_to_laserscan)
[26.624s] DEBUG:colcon.colcon_core.event_handler.log_command:Invoked command in '/home/fabian/yb_support/pointcloud_to_laserscan/build/pointcloud_to_laserscan' returned '0': CMAKE_PREFIX_PATH=${CMAKE_PREFIX_PATH}:/home/fabian/youbot_ws/install/youbot:/home/fabian/yb_support/twist_stamper/install/twist_stamper:/opt/ros/rolling DEBUGINFOD_URLS=https://debuginfod.ubuntu.com /usr/bin/cmake --install /home/fabian/yb_support/pointcloud_to_laserscan/build/pointcloud_to_laserscan
[26.626s] Level 1:colcon.colcon_core.environment:checking '/home/fabian/yb_support/pointcloud_to_laserscan/install/pointcloud_to_laserscan' for CMake module files
[26.626s] Level 1:colcon.colcon_core.environment:checking '/home/fabian/yb_support/pointcloud_to_laserscan/install/pointcloud_to_laserscan' for CMake config files
[26.627s] Level 1:colcon.colcon_core.shell:create_environment_hook('pointcloud_to_laserscan', 'cmake_prefix_path')
[26.627s] INFO:colcon.colcon_core.shell:Creating environment hook '/home/fabian/yb_support/pointcloud_to_laserscan/install/pointcloud_to_laserscan/share/pointcloud_to_laserscan/hook/cmake_prefix_path.ps1'
[26.628s] INFO:colcon.colcon_core.shell:Creating environment descriptor '/home/fabian/yb_support/pointcloud_to_laserscan/install/pointcloud_to_laserscan/share/pointcloud_to_laserscan/hook/cmake_prefix_path.dsv'
[26.628s] INFO:colcon.colcon_core.shell:Creating environment hook '/home/fabian/yb_support/pointcloud_to_laserscan/install/pointcloud_to_laserscan/share/pointcloud_to_laserscan/hook/cmake_prefix_path.sh'
[26.629s] Level 1:colcon.colcon_core.environment:checking '/home/fabian/yb_support/pointcloud_to_laserscan/install/pointcloud_to_laserscan/lib'
[26.629s] Level 1:colcon.colcon_core.shell:create_environment_hook('pointcloud_to_laserscan', 'ld_library_path_lib')
[26.630s] INFO:colcon.colcon_core.shell:Creating environment hook '/home/fabian/yb_support/pointcloud_to_laserscan/install/pointcloud_to_laserscan/share/pointcloud_to_laserscan/hook/ld_library_path_lib.ps1'
[26.630s] INFO:colcon.colcon_core.shell:Creating environment descriptor '/home/fabian/yb_support/pointcloud_to_laserscan/install/pointcloud_to_laserscan/share/pointcloud_to_laserscan/hook/ld_library_path_lib.dsv'
[26.630s] INFO:colcon.colcon_core.shell:Creating environment hook '/home/fabian/yb_support/pointcloud_to_laserscan/install/pointcloud_to_laserscan/share/pointcloud_to_laserscan/hook/ld_library_path_lib.sh'
[26.631s] Level 1:colcon.colcon_core.environment:checking '/home/fabian/yb_support/pointcloud_to_laserscan/install/pointcloud_to_laserscan/bin'
[26.631s] Level 1:colcon.colcon_core.environment:checking '/home/fabian/yb_support/pointcloud_to_laserscan/install/pointcloud_to_laserscan/lib/pkgconfig/pointcloud_to_laserscan.pc'
[26.631s] Level 1:colcon.colcon_core.environment:checking '/home/fabian/yb_support/pointcloud_to_laserscan/install/pointcloud_to_laserscan/lib/python3.12/site-packages'
[26.631s] Level 1:colcon.colcon_core.environment:checking '/home/fabian/yb_support/pointcloud_to_laserscan/install/pointcloud_to_laserscan/bin'
[26.631s] INFO:colcon.colcon_core.shell:Creating package script '/home/fabian/yb_support/pointcloud_to_laserscan/install/pointcloud_to_laserscan/share/pointcloud_to_laserscan/package.ps1'
[26.632s] INFO:colcon.colcon_core.shell:Creating package descriptor '/home/fabian/yb_support/pointcloud_to_laserscan/install/pointcloud_to_laserscan/share/pointcloud_to_laserscan/package.dsv'
[26.633s] INFO:colcon.colcon_core.shell:Creating package script '/home/fabian/yb_support/pointcloud_to_laserscan/install/pointcloud_to_laserscan/share/pointcloud_to_laserscan/package.sh'
[26.633s] INFO:colcon.colcon_core.shell:Creating package script '/home/fabian/yb_support/pointcloud_to_laserscan/install/pointcloud_to_laserscan/share/pointcloud_to_laserscan/package.bash'
[26.634s] INFO:colcon.colcon_core.shell:Creating package script '/home/fabian/yb_support/pointcloud_to_laserscan/install/pointcloud_to_laserscan/share/pointcloud_to_laserscan/package.zsh'
[26.634s] Level 1:colcon.colcon_core.environment:create_file_with_runtime_dependencies(/home/fabian/yb_support/pointcloud_to_laserscan/install/pointcloud_to_laserscan/share/colcon-core/packages/pointcloud_to_laserscan)
[26.636s] Level 1:colcon.colcon_core.environment:create_environment_scripts_only(pointcloud_to_laserscan)
[26.636s] Level 1:colcon.colcon_core.environment:checking '/home/fabian/yb_support/pointcloud_to_laserscan/install/pointcloud_to_laserscan' for CMake module files
[26.636s] Level 1:colcon.colcon_core.environment:checking '/home/fabian/yb_support/pointcloud_to_laserscan/install/pointcloud_to_laserscan' for CMake config files
[26.637s] Level 1:colcon.colcon_core.shell:create_environment_hook('pointcloud_to_laserscan', 'cmake_prefix_path')
[26.637s] INFO:colcon.colcon_core.shell:Creating environment hook '/home/fabian/yb_support/pointcloud_to_laserscan/install/pointcloud_to_laserscan/share/pointcloud_to_laserscan/hook/cmake_prefix_path.ps1'
[26.637s] INFO:colcon.colcon_core.shell:Creating environment descriptor '/home/fabian/yb_support/pointcloud_to_laserscan/install/pointcloud_to_laserscan/share/pointcloud_to_laserscan/hook/cmake_prefix_path.dsv'
[26.638s] INFO:colcon.colcon_core.shell:Creating environment hook '/home/fabian/yb_support/pointcloud_to_laserscan/install/pointcloud_to_laserscan/share/pointcloud_to_laserscan/hook/cmake_prefix_path.sh'
[26.638s] Level 1:colcon.colcon_core.environment:checking '/home/fabian/yb_support/pointcloud_to_laserscan/install/pointcloud_to_laserscan/lib'
[26.638s] Level 1:colcon.colcon_core.shell:create_environment_hook('pointcloud_to_laserscan', 'ld_library_path_lib')
[26.639s] INFO:colcon.colcon_core.shell:Creating environment hook '/home/fabian/yb_support/pointcloud_to_laserscan/install/pointcloud_to_laserscan/share/pointcloud_to_laserscan/hook/ld_library_path_lib.ps1'
[26.639s] INFO:colcon.colcon_core.shell:Creating environment descriptor '/home/fabian/yb_support/pointcloud_to_laserscan/install/pointcloud_to_laserscan/share/pointcloud_to_laserscan/hook/ld_library_path_lib.dsv'
[26.639s] INFO:colcon.colcon_core.shell:Creating environment hook '/home/fabian/yb_support/pointcloud_to_laserscan/install/pointcloud_to_laserscan/share/pointcloud_to_laserscan/hook/ld_library_path_lib.sh'
[26.640s] Level 1:colcon.colcon_core.environment:checking '/home/fabian/yb_support/pointcloud_to_laserscan/install/pointcloud_to_laserscan/bin'
[26.640s] Level 1:colcon.colcon_core.environment:checking '/home/fabian/yb_support/pointcloud_to_laserscan/install/pointcloud_to_laserscan/lib/pkgconfig/pointcloud_to_laserscan.pc'
[26.640s] Level 1:colcon.colcon_core.environment:checking '/home/fabian/yb_support/pointcloud_to_laserscan/install/pointcloud_to_laserscan/lib/python3.12/site-packages'
[26.640s] Level 1:colcon.colcon_core.environment:checking '/home/fabian/yb_support/pointcloud_to_laserscan/install/pointcloud_to_laserscan/bin'
[26.640s] INFO:colcon.colcon_core.shell:Creating package script '/home/fabian/yb_support/pointcloud_to_laserscan/install/pointcloud_to_laserscan/share/pointcloud_to_laserscan/package.ps1'
[26.641s] INFO:colcon.colcon_core.shell:Creating package descriptor '/home/fabian/yb_support/pointcloud_to_laserscan/install/pointcloud_to_laserscan/share/pointcloud_to_laserscan/package.dsv'
[26.642s] INFO:colcon.colcon_core.shell:Creating package script '/home/fabian/yb_support/pointcloud_to_laserscan/install/pointcloud_to_laserscan/share/pointcloud_to_laserscan/package.sh'
[26.643s] INFO:colcon.colcon_core.shell:Creating package script '/home/fabian/yb_support/pointcloud_to_laserscan/install/pointcloud_to_laserscan/share/pointcloud_to_laserscan/package.bash'
[26.643s] INFO:colcon.colcon_core.shell:Creating package script '/home/fabian/yb_support/pointcloud_to_laserscan/install/pointcloud_to_laserscan/share/pointcloud_to_laserscan/package.zsh'
[26.643s] Level 1:colcon.colcon_core.environment:create_file_with_runtime_dependencies(/home/fabian/yb_support/pointcloud_to_laserscan/install/pointcloud_to_laserscan/share/colcon-core/packages/pointcloud_to_laserscan)
[26.644s] DEBUG:colcon.colcon_parallel_executor.executor.parallel:closing loop
[26.645s] DEBUG:colcon.colcon_parallel_executor.executor.parallel:loop closed
[26.645s] DEBUG:colcon.colcon_parallel_executor.executor.parallel:run_until_complete finished with '0'
[26.645s] DEBUG:colcon.colcon_core.event_reactor:joining thread
[26.715s] INFO:colcon.colcon_core.plugin_system:Skipping extension 'colcon_notification.desktop_notification.notify_send': Could not find 'notify-send'
[26.715s] INFO:colcon.colcon_core.plugin_system:Skipping extension 'colcon_notification.desktop_notification.terminal_notifier': Not used on non-Darwin systems
[26.715s] INFO:colcon.colcon_core.plugin_system:Skipping extension 'colcon_notification.desktop_notification.win32': Not used on non-Windows systems
[26.715s] INFO:colcon.colcon_notification.desktop_notification:Sending desktop notification using 'notify2'
[26.716s] DEBUG:colcon.colcon_notification.desktop_notification.notify2:Failed to initialize notify2: org.freedesktop.DBus.Error.ServiceUnknown: The name org.freedesktop.Notifications was not provided by any .service files
[26.716s] DEBUG:colcon.colcon_core.event_reactor:joined thread
[26.716s] INFO:colcon.colcon_core.shell:Creating prefix script '/home/fabian/yb_support/pointcloud_to_laserscan/install/local_setup.ps1'
[26.717s] INFO:colcon.colcon_core.shell:Creating prefix util module '/home/fabian/yb_support/pointcloud_to_laserscan/install/_local_setup_util_ps1.py'
[26.718s] INFO:colcon.colcon_core.shell:Creating prefix chain script '/home/fabian/yb_support/pointcloud_to_laserscan/install/setup.ps1'
[26.720s] INFO:colcon.colcon_core.shell:Creating prefix script '/home/fabian/yb_support/pointcloud_to_laserscan/install/local_setup.sh'
[26.721s] INFO:colcon.colcon_core.shell:Creating prefix util module '/home/fabian/yb_support/pointcloud_to_laserscan/install/_local_setup_util_sh.py'
[26.721s] INFO:colcon.colcon_core.shell:Creating prefix chain script '/home/fabian/yb_support/pointcloud_to_laserscan/install/setup.sh'
[26.723s] INFO:colcon.colcon_core.shell:Creating prefix script '/home/fabian/yb_support/pointcloud_to_laserscan/install/local_setup.bash'
[26.724s] INFO:colcon.colcon_core.shell:Creating prefix chain script '/home/fabian/yb_support/pointcloud_to_laserscan/install/setup.bash'
[26.726s] INFO:colcon.colcon_core.shell:Creating prefix script '/home/fabian/yb_support/pointcloud_to_laserscan/install/local_setup.zsh'
[26.726s] INFO:colcon.colcon_core.shell:Creating prefix chain script '/home/fabian/yb_support/pointcloud_to_laserscan/install/setup.zsh'
