[0.048s] Invoking command in '/home/fabian/unilidar_sdk2/build/unitree_lidar_sdk': DEBUGINFOD_URLS=https://debuginfod.ubuntu.com /usr/bin/cmake /home/fabian/unilidar_sdk2/unitree_lidar_sdk -DCMAKE_INSTALL_PREFIX=/home/fabian/unilidar_sdk2/install/unitree_lidar_sdk
[0.096s] [0mCMake Deprecation Warning at CMakeLists.txt:1 (cmake_minimum_required):
[0.098s]   Compatibility with CMake < 3.5 will be removed from a future version of
[0.099s]   CMake.
[0.099s] 
[0.099s]   Update the VERSION argument <min> value or use a ...<max> suffix to tell
[0.099s]   CMake that the project does not need compatibility with older versions.
[0.099s] 
[0.099s] [0m
[0.595s] -- The C compiler identification is GNU 13.3.0
[2.548s] -- The CXX compiler identification is GNU 13.3.0
[4.346s] -- Detecting C compiler ABI info
[5.218s] -- Detecting C compiler ABI info - done
[5.249s] -- Check for working C compiler: /usr/bin/cc - skipped
[5.250s] -- Detecting C compile features
[5.252s] -- Detecting C compile features - done
[5.623s] -- Detecting CXX compiler ABI info
[6.682s] -- Detecting CXX compiler ABI info - done
[6.712s] -- Check for working CXX compiler: /usr/bin/c++ - skipped
[6.713s] -- Detecting CXX compile features
[6.720s] -- Detecting CXX compile features - done
[6.720s] -- Configuring done (6.6s)
[6.749s] -- Generating done (0.0s)
[6.757s] -- Build files have been written to: /home/fabian/unilidar_sdk2/build/unitree_lidar_sdk
[6.768s] Invoked command in '/home/fabian/unilidar_sdk2/build/unitree_lidar_sdk' returned '0': DEBUGINFOD_URLS=https://debuginfod.ubuntu.com /usr/bin/cmake /home/fabian/unilidar_sdk2/unitree_lidar_sdk -DCMAKE_INSTALL_PREFIX=/home/fabian/unilidar_sdk2/install/unitree_lidar_sdk
[6.771s] Invoking command in '/home/fabian/unilidar_sdk2/build/unitree_lidar_sdk': DEBUGINFOD_URLS=https://debuginfod.ubuntu.com /usr/bin/cmake --build /home/fabian/unilidar_sdk2/build/unitree_lidar_sdk -- -j7 -l7
[6.926s] [ 10%] [32mBuilding CXX object CMakeFiles/example_lidar_udp.dir/examples/example_lidar_udp.cpp.o[0m
[6.946s] [ 20%] [32mBuilding CXX object CMakeFiles/example_lidar_serial.dir/examples/example_lidar_serial.cpp.o[0m
[6.951s] [ 30%] [32mBuilding CXX object CMakeFiles/set_to_serial_mode.dir/examples/set_to_serial_mode.cpp.o[0m
[6.951s] [ 40%] [32mBuilding CXX object CMakeFiles/set_to_udp_mode.dir/examples/set_to_udp_mode.cpp.o[0m
[6.955s] [ 50%] [32mBuilding CXX object CMakeFiles/set_ip_address.dir/examples/set_ip_address.cpp.o[0m
[10.722s] [ 60%] [32m[1mLinking CXX executable /home/fabian/unilidar_sdk2/unitree_lidar_sdk/bin/example_lidar_udp[0m
[10.766s] [ 70%] [32m[1mLinking CXX executable /home/fabian/unilidar_sdk2/unitree_lidar_sdk/bin/set_ip_address[0m
[10.801s] [ 80%] [32m[1mLinking CXX executable /home/fabian/unilidar_sdk2/unitree_lidar_sdk/bin/set_to_udp_mode[0m
[10.883s] [ 90%] [32m[1mLinking CXX executable /home/fabian/unilidar_sdk2/unitree_lidar_sdk/bin/set_to_serial_mode[0m
[10.967s] [100%] [32m[1mLinking CXX executable /home/fabian/unilidar_sdk2/unitree_lidar_sdk/bin/example_lidar_serial[0m
[11.464s] [100%] Built target example_lidar_udp
[11.489s] [100%] Built target set_ip_address
[11.525s] [100%] Built target set_to_udp_mode
[11.641s] [100%] Built target set_to_serial_mode
[11.740s] [100%] Built target example_lidar_serial
[11.767s] Invoked command in '/home/fabian/unilidar_sdk2/build/unitree_lidar_sdk' returned '0': DEBUGINFOD_URLS=https://debuginfod.ubuntu.com /usr/bin/cmake --build /home/fabian/unilidar_sdk2/build/unitree_lidar_sdk -- -j7 -l7
