[0.570s] DEBUG:colcon:Command line arguments: ['/usr/bin/colcon', 'build', '--symlink-install']
[0.570s] DEBUG:colcon:Parsed command line arguments: Namespace(log_base=None, log_level=None, verb_name='build', build_base='build', install_base='install', merge_install=False, symlink_install=True, test_result_base=None, continue_on_error=False, executor='parallel', parallel_workers=7, event_handlers=None, ignore_user_meta=False, metas=['./colcon.meta'], base_paths=['.'], packages_ignore=None, packages_ignore_regex=None, paths=None, packages_up_to=None, packages_up_to_regex=None, packages_above=None, packages_above_and_dependencies=None, packages_above_depth=None, packages_select_by_dep=None, packages_skip_by_dep=None, packages_skip_up_to=None, packages_select_build_failed=False, packages_skip_build_finished=False, packages_select_test_failures=False, packages_skip_test_passed=False, packages_select=None, packages_skip=None, packages_select_regex=None, packages_skip_regex=None, packages_start=None, packages_end=None, allow_overriding=[], cmake_args=None, cmake_target=None, cmake_target_skip_unavailable=False, cmake_clean_cache=False, cmake_clean_first=False, cmake_force_configure=False, ament_cmake_args=None, catkin_cmake_args=None, catkin_skip_building_tests=False, mixin_files=None, mixin=None, verb_parser=<colcon_mixin.mixin.mixin_argument.MixinArgumentDecorator object at 0x79c17bd92570>, verb_extension=<colcon_core.verb.build.BuildVerb object at 0x79c17beba8a0>, main=<bound method BuildVerb.main of <colcon_core.verb.build.BuildVerb object at 0x79c17beba8a0>>, mixin_verb=('build',))
[0.685s] Level 1:colcon.colcon_core.package_discovery:discover_packages(colcon_meta) check parameters
[0.685s] Level 1:colcon.colcon_core.package_discovery:discover_packages(recursive) check parameters
[0.685s] Level 1:colcon.colcon_core.package_discovery:discover_packages(ignore) check parameters
[0.685s] Level 1:colcon.colcon_core.package_discovery:discover_packages(path) check parameters
[0.686s] Level 1:colcon.colcon_core.package_discovery:discover_packages(colcon_meta) discover
[0.686s] Level 1:colcon.colcon_core.package_discovery:discover_packages(recursive) discover
[0.686s] INFO:colcon.colcon_core.package_discovery:Crawling recursively for packages in '/home/fabian/unilidar_sdk2'
[0.686s] Level 1:colcon.colcon_core.package_identification:_identify(.) by extensions ['ignore', 'ignore_ament_install']
[0.686s] Level 1:colcon.colcon_core.package_identification:_identify(.) by extension 'ignore'
[0.687s] Level 1:colcon.colcon_core.package_identification:_identify(.) by extension 'ignore_ament_install'
[0.687s] Level 1:colcon.colcon_core.package_identification:_identify(.) by extensions ['colcon_pkg']
[0.687s] Level 1:colcon.colcon_core.package_identification:_identify(.) by extension 'colcon_pkg'
[0.687s] Level 1:colcon.colcon_core.package_identification:_identify(.) by extensions ['colcon_meta']
[0.687s] Level 1:colcon.colcon_core.package_identification:_identify(.) by extension 'colcon_meta'
[0.687s] Level 1:colcon.colcon_core.package_identification:_identify(.) by extensions ['ros']
[0.687s] Level 1:colcon.colcon_core.package_identification:_identify(.) by extension 'ros'
[0.753s] Level 1:colcon.colcon_core.package_identification:_identify(.) by extensions ['cmake', 'python']
[0.753s] Level 1:colcon.colcon_core.package_identification:_identify(.) by extension 'cmake'
[0.753s] Level 1:colcon.colcon_core.package_identification:_identify(.) by extension 'python'
[0.753s] Level 1:colcon.colcon_core.package_identification:_identify(.) by extensions ['python_setup_py']
[0.753s] Level 1:colcon.colcon_core.package_identification:_identify(.) by extension 'python_setup_py'
[0.754s] Level 1:colcon.colcon_core.package_identification:_identify(build) by extensions ['ignore', 'ignore_ament_install']
[0.754s] Level 1:colcon.colcon_core.package_identification:_identify(build) by extension 'ignore'
[0.754s] Level 1:colcon.colcon_core.package_identification:_identify(build) ignored
[0.758s] Level 1:colcon.colcon_core.package_identification:_identify(docs) by extensions ['ignore', 'ignore_ament_install']
[0.758s] Level 1:colcon.colcon_core.package_identification:_identify(docs) by extension 'ignore'
[0.758s] Level 1:colcon.colcon_core.package_identification:_identify(docs) by extension 'ignore_ament_install'
[0.758s] Level 1:colcon.colcon_core.package_identification:_identify(docs) by extensions ['colcon_pkg']
[0.758s] Level 1:colcon.colcon_core.package_identification:_identify(docs) by extension 'colcon_pkg'
[0.758s] Level 1:colcon.colcon_core.package_identification:_identify(docs) by extensions ['colcon_meta']
[0.758s] Level 1:colcon.colcon_core.package_identification:_identify(docs) by extension 'colcon_meta'
[0.758s] Level 1:colcon.colcon_core.package_identification:_identify(docs) by extensions ['ros']
[0.758s] Level 1:colcon.colcon_core.package_identification:_identify(docs) by extension 'ros'
[0.759s] Level 1:colcon.colcon_core.package_identification:_identify(docs) by extensions ['cmake', 'python']
[0.759s] Level 1:colcon.colcon_core.package_identification:_identify(docs) by extension 'cmake'
[0.759s] Level 1:colcon.colcon_core.package_identification:_identify(docs) by extension 'python'
[0.759s] Level 1:colcon.colcon_core.package_identification:_identify(docs) by extensions ['python_setup_py']
[0.759s] Level 1:colcon.colcon_core.package_identification:_identify(docs) by extension 'python_setup_py'
[0.759s] Level 1:colcon.colcon_core.package_identification:_identify(install) by extensions ['ignore', 'ignore_ament_install']
[0.759s] Level 1:colcon.colcon_core.package_identification:_identify(install) by extension 'ignore'
[0.759s] Level 1:colcon.colcon_core.package_identification:_identify(install) ignored
[0.759s] Level 1:colcon.colcon_core.package_identification:_identify(log) by extensions ['ignore', 'ignore_ament_install']
[0.759s] Level 1:colcon.colcon_core.package_identification:_identify(log) by extension 'ignore'
[0.759s] Level 1:colcon.colcon_core.package_identification:_identify(log) ignored
[0.760s] Level 1:colcon.colcon_core.package_identification:_identify(unitree_lidar_ros) by extensions ['ignore', 'ignore_ament_install']
[0.760s] Level 1:colcon.colcon_core.package_identification:_identify(unitree_lidar_ros) by extension 'ignore'
[0.760s] Level 1:colcon.colcon_core.package_identification:_identify(unitree_lidar_ros) by extension 'ignore_ament_install'
[0.761s] Level 1:colcon.colcon_core.package_identification:_identify(unitree_lidar_ros) by extensions ['colcon_pkg']
[0.761s] Level 1:colcon.colcon_core.package_identification:_identify(unitree_lidar_ros) by extension 'colcon_pkg'
[0.761s] Level 1:colcon.colcon_core.package_identification:_identify(unitree_lidar_ros) by extensions ['colcon_meta']
[0.761s] Level 1:colcon.colcon_core.package_identification:_identify(unitree_lidar_ros) by extension 'colcon_meta'
[0.761s] Level 1:colcon.colcon_core.package_identification:_identify(unitree_lidar_ros) by extensions ['ros']
[0.761s] Level 1:colcon.colcon_core.package_identification:_identify(unitree_lidar_ros) by extension 'ros'
[0.762s] Level 1:colcon.colcon_core.package_identification:_identify(unitree_lidar_ros) by extensions ['cmake', 'python']
[0.762s] Level 1:colcon.colcon_core.package_identification:_identify(unitree_lidar_ros) by extension 'cmake'
[0.762s] Level 1:colcon.colcon_core.package_identification:_identify(unitree_lidar_ros) by extension 'python'
[0.762s] Level 1:colcon.colcon_core.package_identification:_identify(unitree_lidar_ros) by extensions ['python_setup_py']
[0.762s] Level 1:colcon.colcon_core.package_identification:_identify(unitree_lidar_ros) by extension 'python_setup_py'
[0.762s] Level 1:colcon.colcon_core.package_identification:_identify(unitree_lidar_ros/src) by extensions ['ignore', 'ignore_ament_install']
[0.763s] Level 1:colcon.colcon_core.package_identification:_identify(unitree_lidar_ros/src) by extension 'ignore'
[0.763s] Level 1:colcon.colcon_core.package_identification:_identify(unitree_lidar_ros/src) by extension 'ignore_ament_install'
[0.763s] Level 1:colcon.colcon_core.package_identification:_identify(unitree_lidar_ros/src) by extensions ['colcon_pkg']
[0.763s] Level 1:colcon.colcon_core.package_identification:_identify(unitree_lidar_ros/src) by extension 'colcon_pkg'
[0.763s] Level 1:colcon.colcon_core.package_identification:_identify(unitree_lidar_ros/src) by extensions ['colcon_meta']
[0.763s] Level 1:colcon.colcon_core.package_identification:_identify(unitree_lidar_ros/src) by extension 'colcon_meta'
[0.763s] Level 1:colcon.colcon_core.package_identification:_identify(unitree_lidar_ros/src) by extensions ['ros']
[0.763s] Level 1:colcon.colcon_core.package_identification:_identify(unitree_lidar_ros/src) by extension 'ros'
[0.764s] Level 1:colcon.colcon_core.package_identification:_identify(unitree_lidar_ros/src) by extensions ['cmake', 'python']
[0.764s] Level 1:colcon.colcon_core.package_identification:_identify(unitree_lidar_ros/src) by extension 'cmake'
[0.764s] Level 1:colcon.colcon_core.package_identification:_identify(unitree_lidar_ros/src) by extension 'python'
[0.764s] Level 1:colcon.colcon_core.package_identification:_identify(unitree_lidar_ros/src) by extensions ['python_setup_py']
[0.764s] Level 1:colcon.colcon_core.package_identification:_identify(unitree_lidar_ros/src) by extension 'python_setup_py'
[0.765s] Level 1:colcon.colcon_core.package_identification:_identify(unitree_lidar_ros/src/unitree_lidar_ros) by extensions ['ignore', 'ignore_ament_install']
[0.765s] Level 1:colcon.colcon_core.package_identification:_identify(unitree_lidar_ros/src/unitree_lidar_ros) by extension 'ignore'
[0.766s] Level 1:colcon.colcon_core.package_identification:_identify(unitree_lidar_ros/src/unitree_lidar_ros) by extension 'ignore_ament_install'
[0.766s] Level 1:colcon.colcon_core.package_identification:_identify(unitree_lidar_ros/src/unitree_lidar_ros) by extensions ['colcon_pkg']
[0.766s] Level 1:colcon.colcon_core.package_identification:_identify(unitree_lidar_ros/src/unitree_lidar_ros) by extension 'colcon_pkg'
[0.766s] Level 1:colcon.colcon_core.package_identification:_identify(unitree_lidar_ros/src/unitree_lidar_ros) by extensions ['colcon_meta']
[0.766s] Level 1:colcon.colcon_core.package_identification:_identify(unitree_lidar_ros/src/unitree_lidar_ros) by extension 'colcon_meta'
[0.766s] Level 1:colcon.colcon_core.package_identification:_identify(unitree_lidar_ros/src/unitree_lidar_ros) by extensions ['ros']
[0.766s] Level 1:colcon.colcon_core.package_identification:_identify(unitree_lidar_ros/src/unitree_lidar_ros) by extension 'ros'
[0.775s] DEBUG:colcon.colcon_core.package_identification:Package 'unitree_lidar_ros/src/unitree_lidar_ros' with type 'ros.catkin' and name 'unitree_lidar_ros'
[0.776s] Level 1:colcon.colcon_core.package_identification:_identify(unitree_lidar_ros2) by extensions ['ignore', 'ignore_ament_install']
[0.776s] Level 1:colcon.colcon_core.package_identification:_identify(unitree_lidar_ros2) by extension 'ignore'
[0.776s] Level 1:colcon.colcon_core.package_identification:_identify(unitree_lidar_ros2) by extension 'ignore_ament_install'
[0.776s] Level 1:colcon.colcon_core.package_identification:_identify(unitree_lidar_ros2) by extensions ['colcon_pkg']
[0.776s] Level 1:colcon.colcon_core.package_identification:_identify(unitree_lidar_ros2) by extension 'colcon_pkg'
[0.777s] Level 1:colcon.colcon_core.package_identification:_identify(unitree_lidar_ros2) by extensions ['colcon_meta']
[0.777s] Level 1:colcon.colcon_core.package_identification:_identify(unitree_lidar_ros2) by extension 'colcon_meta'
[0.777s] Level 1:colcon.colcon_core.package_identification:_identify(unitree_lidar_ros2) by extensions ['ros']
[0.777s] Level 1:colcon.colcon_core.package_identification:_identify(unitree_lidar_ros2) by extension 'ros'
[0.777s] Level 1:colcon.colcon_core.package_identification:_identify(unitree_lidar_ros2) by extensions ['cmake', 'python']
[0.777s] Level 1:colcon.colcon_core.package_identification:_identify(unitree_lidar_ros2) by extension 'cmake'
[0.777s] Level 1:colcon.colcon_core.package_identification:_identify(unitree_lidar_ros2) by extension 'python'
[0.778s] Level 1:colcon.colcon_core.package_identification:_identify(unitree_lidar_ros2) by extensions ['python_setup_py']
[0.778s] Level 1:colcon.colcon_core.package_identification:_identify(unitree_lidar_ros2) by extension 'python_setup_py'
[0.779s] Level 1:colcon.colcon_core.package_identification:_identify(unitree_lidar_ros2/src) by extensions ['ignore', 'ignore_ament_install']
[0.779s] Level 1:colcon.colcon_core.package_identification:_identify(unitree_lidar_ros2/src) by extension 'ignore'
[0.779s] Level 1:colcon.colcon_core.package_identification:_identify(unitree_lidar_ros2/src) by extension 'ignore_ament_install'
[0.779s] Level 1:colcon.colcon_core.package_identification:_identify(unitree_lidar_ros2/src) by extensions ['colcon_pkg']
[0.779s] Level 1:colcon.colcon_core.package_identification:_identify(unitree_lidar_ros2/src) by extension 'colcon_pkg'
[0.779s] Level 1:colcon.colcon_core.package_identification:_identify(unitree_lidar_ros2/src) by extensions ['colcon_meta']
[0.779s] Level 1:colcon.colcon_core.package_identification:_identify(unitree_lidar_ros2/src) by extension 'colcon_meta'
[0.779s] Level 1:colcon.colcon_core.package_identification:_identify(unitree_lidar_ros2/src) by extensions ['ros']
[0.779s] Level 1:colcon.colcon_core.package_identification:_identify(unitree_lidar_ros2/src) by extension 'ros'
[0.780s] Level 1:colcon.colcon_core.package_identification:_identify(unitree_lidar_ros2/src) by extensions ['cmake', 'python']
[0.780s] Level 1:colcon.colcon_core.package_identification:_identify(unitree_lidar_ros2/src) by extension 'cmake'
[0.780s] Level 1:colcon.colcon_core.package_identification:_identify(unitree_lidar_ros2/src) by extension 'python'
[0.780s] Level 1:colcon.colcon_core.package_identification:_identify(unitree_lidar_ros2/src) by extensions ['python_setup_py']
[0.780s] Level 1:colcon.colcon_core.package_identification:_identify(unitree_lidar_ros2/src) by extension 'python_setup_py'
[0.781s] Level 1:colcon.colcon_core.package_identification:_identify(unitree_lidar_ros2/src/unitree_lidar_ros2) by extensions ['ignore', 'ignore_ament_install']
[0.781s] Level 1:colcon.colcon_core.package_identification:_identify(unitree_lidar_ros2/src/unitree_lidar_ros2) by extension 'ignore'
[0.781s] Level 1:colcon.colcon_core.package_identification:_identify(unitree_lidar_ros2/src/unitree_lidar_ros2) by extension 'ignore_ament_install'
[0.781s] Level 1:colcon.colcon_core.package_identification:_identify(unitree_lidar_ros2/src/unitree_lidar_ros2) by extensions ['colcon_pkg']
[0.781s] Level 1:colcon.colcon_core.package_identification:_identify(unitree_lidar_ros2/src/unitree_lidar_ros2) by extension 'colcon_pkg'
[0.781s] Level 1:colcon.colcon_core.package_identification:_identify(unitree_lidar_ros2/src/unitree_lidar_ros2) by extensions ['colcon_meta']
[0.781s] Level 1:colcon.colcon_core.package_identification:_identify(unitree_lidar_ros2/src/unitree_lidar_ros2) by extension 'colcon_meta'
[0.781s] Level 1:colcon.colcon_core.package_identification:_identify(unitree_lidar_ros2/src/unitree_lidar_ros2) by extensions ['ros']
[0.781s] Level 1:colcon.colcon_core.package_identification:_identify(unitree_lidar_ros2/src/unitree_lidar_ros2) by extension 'ros'
[0.785s] DEBUG:colcon.colcon_core.package_identification:Package 'unitree_lidar_ros2/src/unitree_lidar_ros2' with type 'ros.ament_cmake' and name 'unitree_lidar_ros2'
[0.786s] Level 1:colcon.colcon_core.package_identification:_identify(unitree_lidar_sdk) by extensions ['ignore', 'ignore_ament_install']
[0.786s] Level 1:colcon.colcon_core.package_identification:_identify(unitree_lidar_sdk) by extension 'ignore'
[0.787s] Level 1:colcon.colcon_core.package_identification:_identify(unitree_lidar_sdk) by extension 'ignore_ament_install'
[0.787s] Level 1:colcon.colcon_core.package_identification:_identify(unitree_lidar_sdk) by extensions ['colcon_pkg']
[0.787s] Level 1:colcon.colcon_core.package_identification:_identify(unitree_lidar_sdk) by extension 'colcon_pkg'
[0.787s] Level 1:colcon.colcon_core.package_identification:_identify(unitree_lidar_sdk) by extensions ['colcon_meta']
[0.787s] Level 1:colcon.colcon_core.package_identification:_identify(unitree_lidar_sdk) by extension 'colcon_meta'
[0.787s] Level 1:colcon.colcon_core.package_identification:_identify(unitree_lidar_sdk) by extensions ['ros']
[0.787s] Level 1:colcon.colcon_core.package_identification:_identify(unitree_lidar_sdk) by extension 'ros'
[0.788s] Level 1:colcon.colcon_core.package_identification:_identify(unitree_lidar_sdk) by extensions ['cmake', 'python']
[0.788s] Level 1:colcon.colcon_core.package_identification:_identify(unitree_lidar_sdk) by extension 'cmake'
[0.797s] Level 1:colcon.colcon_core.package_identification:_identify(unitree_lidar_sdk) by extension 'python'
[0.797s] DEBUG:colcon.colcon_core.package_identification:Package 'unitree_lidar_sdk' with type 'cmake' and name 'unitree_lidar_sdk'
[0.797s] Level 1:colcon.colcon_core.package_discovery:discover_packages(recursive) using defaults
[0.798s] Level 1:colcon.colcon_core.package_discovery:discover_packages(ignore) discover
[0.798s] Level 1:colcon.colcon_core.package_discovery:discover_packages(ignore) using defaults
[0.798s] Level 1:colcon.colcon_core.package_discovery:discover_packages(path) discover
[0.798s] Level 1:colcon.colcon_core.package_discovery:discover_packages(path) using defaults
[0.850s] Level 1:colcon.colcon_core.package_discovery:discover_packages(prefix_path) check parameters
[0.850s] Level 1:colcon.colcon_core.package_discovery:discover_packages(prefix_path) discover
[0.863s] DEBUG:colcon.colcon_installed_package_information.package_discovery:Found 1 installed packages in /home/fabian/yb_support/twist_stamper/install
[0.865s] DEBUG:colcon.colcon_installed_package_information.package_discovery:Found 2 installed packages in /home/fabian/ros2_ws/install
[0.867s] DEBUG:colcon.colcon_installed_package_information.package_discovery:Found 1 installed packages in /home/fabian/youbot_ws/install
[0.868s] DEBUG:colcon.colcon_installed_package_information.package_discovery:Found 1 installed packages in /home/fabian/yb_ros_odrive/odrive_ros2_control/install
[0.870s] DEBUG:colcon.colcon_installed_package_information.package_discovery:Found 1 installed packages in /home/fabian/yb_mecanum_drive_controller/install
[0.875s] DEBUG:colcon.colcon_installed_package_information.package_discovery:Found 366 installed packages in /opt/ros/rolling
[0.881s] Level 1:colcon.colcon_core.package_discovery:discover_packages(prefix_path) using defaults
[1.051s] Level 5:colcon.colcon_core.verb:set package 'unitree_lidar_ros' build argument 'cmake_args' from command line to 'None'
[1.052s] Level 5:colcon.colcon_core.verb:set package 'unitree_lidar_ros' build argument 'cmake_target' from command line to 'None'
[1.052s] Level 5:colcon.colcon_core.verb:set package 'unitree_lidar_ros' build argument 'cmake_target_skip_unavailable' from command line to 'False'
[1.052s] Level 5:colcon.colcon_core.verb:set package 'unitree_lidar_ros' build argument 'cmake_clean_cache' from command line to 'False'
[1.052s] Level 5:colcon.colcon_core.verb:set package 'unitree_lidar_ros' build argument 'cmake_clean_first' from command line to 'False'
[1.052s] Level 5:colcon.colcon_core.verb:set package 'unitree_lidar_ros' build argument 'cmake_force_configure' from command line to 'False'
[1.052s] Level 5:colcon.colcon_core.verb:set package 'unitree_lidar_ros' build argument 'ament_cmake_args' from command line to 'None'
[1.052s] Level 5:colcon.colcon_core.verb:set package 'unitree_lidar_ros' build argument 'catkin_cmake_args' from command line to 'None'
[1.052s] Level 5:colcon.colcon_core.verb:set package 'unitree_lidar_ros' build argument 'catkin_skip_building_tests' from command line to 'False'
[1.052s] DEBUG:colcon.colcon_core.verb:Building package 'unitree_lidar_ros' with the following arguments: {'ament_cmake_args': None, 'build_base': '/home/fabian/unilidar_sdk2/build/unitree_lidar_ros', 'catkin_cmake_args': None, 'catkin_skip_building_tests': False, 'cmake_args': None, 'cmake_clean_cache': False, 'cmake_clean_first': False, 'cmake_force_configure': False, 'cmake_target': None, 'cmake_target_skip_unavailable': False, 'install_base': '/home/fabian/unilidar_sdk2/install/unitree_lidar_ros', 'merge_install': False, 'path': '/home/fabian/unilidar_sdk2/unitree_lidar_ros/src/unitree_lidar_ros', 'symlink_install': True, 'test_result_base': None}
[1.052s] Level 5:colcon.colcon_core.verb:set package 'unitree_lidar_ros2' build argument 'cmake_args' from command line to 'None'
[1.052s] Level 5:colcon.colcon_core.verb:set package 'unitree_lidar_ros2' build argument 'cmake_target' from command line to 'None'
[1.052s] Level 5:colcon.colcon_core.verb:set package 'unitree_lidar_ros2' build argument 'cmake_target_skip_unavailable' from command line to 'False'
[1.052s] Level 5:colcon.colcon_core.verb:set package 'unitree_lidar_ros2' build argument 'cmake_clean_cache' from command line to 'False'
[1.052s] Level 5:colcon.colcon_core.verb:set package 'unitree_lidar_ros2' build argument 'cmake_clean_first' from command line to 'False'
[1.052s] Level 5:colcon.colcon_core.verb:set package 'unitree_lidar_ros2' build argument 'cmake_force_configure' from command line to 'False'
[1.052s] Level 5:colcon.colcon_core.verb:set package 'unitree_lidar_ros2' build argument 'ament_cmake_args' from command line to 'None'
[1.052s] Level 5:colcon.colcon_core.verb:set package 'unitree_lidar_ros2' build argument 'catkin_cmake_args' from command line to 'None'
[1.053s] Level 5:colcon.colcon_core.verb:set package 'unitree_lidar_ros2' build argument 'catkin_skip_building_tests' from command line to 'False'
[1.053s] DEBUG:colcon.colcon_core.verb:Building package 'unitree_lidar_ros2' with the following arguments: {'ament_cmake_args': None, 'build_base': '/home/fabian/unilidar_sdk2/build/unitree_lidar_ros2', 'catkin_cmake_args': None, 'catkin_skip_building_tests': False, 'cmake_args': None, 'cmake_clean_cache': False, 'cmake_clean_first': False, 'cmake_force_configure': False, 'cmake_target': None, 'cmake_target_skip_unavailable': False, 'install_base': '/home/fabian/unilidar_sdk2/install/unitree_lidar_ros2', 'merge_install': False, 'path': '/home/fabian/unilidar_sdk2/unitree_lidar_ros2/src/unitree_lidar_ros2', 'symlink_install': True, 'test_result_base': None}
[1.053s] Level 5:colcon.colcon_core.verb:set package 'unitree_lidar_sdk' build argument 'cmake_args' from command line to 'None'
[1.053s] Level 5:colcon.colcon_core.verb:set package 'unitree_lidar_sdk' build argument 'cmake_target' from command line to 'None'
[1.053s] Level 5:colcon.colcon_core.verb:set package 'unitree_lidar_sdk' build argument 'cmake_target_skip_unavailable' from command line to 'False'
[1.053s] Level 5:colcon.colcon_core.verb:set package 'unitree_lidar_sdk' build argument 'cmake_clean_cache' from command line to 'False'
[1.053s] Level 5:colcon.colcon_core.verb:set package 'unitree_lidar_sdk' build argument 'cmake_clean_first' from command line to 'False'
[1.053s] Level 5:colcon.colcon_core.verb:set package 'unitree_lidar_sdk' build argument 'cmake_force_configure' from command line to 'False'
[1.053s] Level 5:colcon.colcon_core.verb:set package 'unitree_lidar_sdk' build argument 'ament_cmake_args' from command line to 'None'
[1.053s] Level 5:colcon.colcon_core.verb:set package 'unitree_lidar_sdk' build argument 'catkin_cmake_args' from command line to 'None'
[1.053s] Level 5:colcon.colcon_core.verb:set package 'unitree_lidar_sdk' build argument 'catkin_skip_building_tests' from command line to 'False'
[1.053s] DEBUG:colcon.colcon_core.verb:Building package 'unitree_lidar_sdk' with the following arguments: {'ament_cmake_args': None, 'build_base': '/home/fabian/unilidar_sdk2/build/unitree_lidar_sdk', 'catkin_cmake_args': None, 'catkin_skip_building_tests': False, 'cmake_args': None, 'cmake_clean_cache': False, 'cmake_clean_first': False, 'cmake_force_configure': False, 'cmake_target': None, 'cmake_target_skip_unavailable': False, 'install_base': '/home/fabian/unilidar_sdk2/install/unitree_lidar_sdk', 'merge_install': False, 'path': '/home/fabian/unilidar_sdk2/unitree_lidar_sdk', 'symlink_install': True, 'test_result_base': None}
[1.053s] INFO:colcon.colcon_core.executor:Executing jobs using 'parallel' executor
[1.055s] DEBUG:colcon.colcon_parallel_executor.executor.parallel:run_until_complete
[1.055s] INFO:colcon.colcon_ros.task.catkin.build:Building ROS package in '/home/fabian/unilidar_sdk2/unitree_lidar_ros/src/unitree_lidar_ros' with build type 'catkin'
[1.055s] INFO:colcon.colcon_cmake.task.cmake.build:Building CMake package in '/home/fabian/unilidar_sdk2/unitree_lidar_ros/src/unitree_lidar_ros'
[1.062s] INFO:colcon.colcon_core.plugin_system:Skipping extension 'colcon_core.shell.bat': Not used on non-Windows systems
[1.062s] INFO:colcon.colcon_core.shell:Skip shell extension 'powershell' for command environment: Not usable outside of PowerShell
[1.062s] DEBUG:colcon.colcon_core.shell:Skip shell extension 'dsv' for command environment
[1.076s] INFO:colcon.colcon_ros.task.ament_cmake.build:Building ROS package in '/home/fabian/unilidar_sdk2/unitree_lidar_ros2/src/unitree_lidar_ros2' with build type 'ament_cmake'
[1.076s] INFO:colcon.colcon_cmake.task.cmake.build:Building CMake package in '/home/fabian/unilidar_sdk2/unitree_lidar_ros2/src/unitree_lidar_ros2'
[1.077s] INFO:colcon.colcon_core.shell:Skip shell extension 'powershell' for command environment: Not usable outside of PowerShell
[1.077s] DEBUG:colcon.colcon_core.shell:Skip shell extension 'dsv' for command environment
[1.092s] INFO:colcon.colcon_cmake.task.cmake.build:Building CMake package in '/home/fabian/unilidar_sdk2/unitree_lidar_sdk'
[1.093s] INFO:colcon.colcon_core.shell:Skip shell extension 'powershell' for command environment: Not usable outside of PowerShell
[1.093s] DEBUG:colcon.colcon_core.shell:Skip shell extension 'dsv' for command environment
[1.116s] DEBUG:colcon.colcon_core.event_handler.log_command:Invoking command in '/home/fabian/unilidar_sdk2/build/unitree_lidar_ros': DEBUGINFOD_URLS=https://debuginfod.ubuntu.com /usr/bin/cmake /home/fabian/unilidar_sdk2/unitree_lidar_ros/src/unitree_lidar_ros -DCATKIN_INSTALL_INTO_PREFIX_ROOT=0 -DCATKIN_SYMLINK_INSTALL=ON -DCMAKE_INSTALL_PREFIX=/home/fabian/unilidar_sdk2/install/unitree_lidar_ros
[1.126s] DEBUG:colcon.colcon_core.event_handler.log_command:Invoking command in '/home/fabian/unilidar_sdk2/build/unitree_lidar_ros2': CMAKE_PREFIX_PATH=${CMAKE_PREFIX_PATH}:/home/fabian/yb_support/twist_stamper/install/twist_stamper:/home/fabian/youbot_ws/install/youbot:/opt/ros/rolling DEBUGINFOD_URLS=https://debuginfod.ubuntu.com /usr/bin/cmake /home/fabian/unilidar_sdk2/unitree_lidar_ros2/src/unitree_lidar_ros2 -DAMENT_CMAKE_SYMLINK_INSTALL=1 -DCMAKE_INSTALL_PREFIX=/home/fabian/unilidar_sdk2/install/unitree_lidar_ros2
[1.142s] DEBUG:colcon.colcon_core.event_handler.log_command:Invoking command in '/home/fabian/unilidar_sdk2/build/unitree_lidar_sdk': DEBUGINFOD_URLS=https://debuginfod.ubuntu.com /usr/bin/cmake /home/fabian/unilidar_sdk2/unitree_lidar_sdk -DCMAKE_INSTALL_PREFIX=/home/fabian/unilidar_sdk2/install/unitree_lidar_sdk
[7.862s] DEBUG:colcon.colcon_core.event_handler.log_command:Invoked command in '/home/fabian/unilidar_sdk2/build/unitree_lidar_sdk' returned '0': DEBUGINFOD_URLS=https://debuginfod.ubuntu.com /usr/bin/cmake /home/fabian/unilidar_sdk2/unitree_lidar_sdk -DCMAKE_INSTALL_PREFIX=/home/fabian/unilidar_sdk2/install/unitree_lidar_sdk
[7.865s] DEBUG:colcon.colcon_core.event_handler.log_command:Invoking command in '/home/fabian/unilidar_sdk2/build/unitree_lidar_sdk': DEBUGINFOD_URLS=https://debuginfod.ubuntu.com /usr/bin/cmake --build /home/fabian/unilidar_sdk2/build/unitree_lidar_sdk -- -j7 -l7
[12.861s] DEBUG:colcon.colcon_core.event_handler.log_command:Invoked command in '/home/fabian/unilidar_sdk2/build/unitree_lidar_sdk' returned '0': DEBUGINFOD_URLS=https://debuginfod.ubuntu.com /usr/bin/cmake --build /home/fabian/unilidar_sdk2/build/unitree_lidar_sdk -- -j7 -l7
[12.862s] WARNING:colcon.colcon_cmake.task.cmake.build:Could not run installation step for package 'unitree_lidar_sdk' because it has no 'install' target
[12.862s] Level 1:colcon.colcon_core.environment:create_environment_scripts_only(unitree_lidar_sdk)
[12.869s] Level 1:colcon.colcon_core.environment:checking '/home/fabian/unilidar_sdk2/install/unitree_lidar_sdk' for CMake module files
[12.870s] Level 1:colcon.colcon_core.environment:checking '/home/fabian/unilidar_sdk2/install/unitree_lidar_sdk' for CMake config files
[12.871s] Level 1:colcon.colcon_core.environment:checking '/home/fabian/unilidar_sdk2/install/unitree_lidar_sdk/bin'
[12.871s] Level 1:colcon.colcon_core.environment:checking '/home/fabian/unilidar_sdk2/install/unitree_lidar_sdk/lib/pkgconfig/unitree_lidar_sdk.pc'
[12.871s] Level 1:colcon.colcon_core.environment:checking '/home/fabian/unilidar_sdk2/install/unitree_lidar_sdk/lib/python3.12/site-packages'
[12.872s] Level 1:colcon.colcon_core.environment:checking '/home/fabian/unilidar_sdk2/install/unitree_lidar_sdk/bin'
[12.872s] INFO:colcon.colcon_core.shell:Creating package script '/home/fabian/unilidar_sdk2/install/unitree_lidar_sdk/share/unitree_lidar_sdk/package.ps1'
[12.875s] INFO:colcon.colcon_core.shell:Creating package descriptor '/home/fabian/unilidar_sdk2/install/unitree_lidar_sdk/share/unitree_lidar_sdk/package.dsv'
[12.876s] INFO:colcon.colcon_core.shell:Creating package script '/home/fabian/unilidar_sdk2/install/unitree_lidar_sdk/share/unitree_lidar_sdk/package.sh'
[12.879s] INFO:colcon.colcon_core.shell:Creating package script '/home/fabian/unilidar_sdk2/install/unitree_lidar_sdk/share/unitree_lidar_sdk/package.bash'
[12.880s] INFO:colcon.colcon_core.shell:Creating package script '/home/fabian/unilidar_sdk2/install/unitree_lidar_sdk/share/unitree_lidar_sdk/package.zsh'
[12.881s] Level 1:colcon.colcon_core.environment:create_file_with_runtime_dependencies(/home/fabian/unilidar_sdk2/install/unitree_lidar_sdk/share/colcon-core/packages/unitree_lidar_sdk)
[71.690s] DEBUG:colcon.colcon_core.event_handler.log_command:Invoked command in '/home/fabian/unilidar_sdk2/build/unitree_lidar_ros2' returned '0': CMAKE_PREFIX_PATH=${CMAKE_PREFIX_PATH}:/home/fabian/yb_support/twist_stamper/install/twist_stamper:/home/fabian/youbot_ws/install/youbot:/opt/ros/rolling DEBUGINFOD_URLS=https://debuginfod.ubuntu.com /usr/bin/cmake /home/fabian/unilidar_sdk2/unitree_lidar_ros2/src/unitree_lidar_ros2 -DAMENT_CMAKE_SYMLINK_INSTALL=1 -DCMAKE_INSTALL_PREFIX=/home/fabian/unilidar_sdk2/install/unitree_lidar_ros2
[71.692s] DEBUG:colcon.colcon_core.event_handler.log_command:Invoking command in '/home/fabian/unilidar_sdk2/build/unitree_lidar_ros2': CMAKE_PREFIX_PATH=${CMAKE_PREFIX_PATH}:/home/fabian/yb_support/twist_stamper/install/twist_stamper:/home/fabian/youbot_ws/install/youbot:/opt/ros/rolling DEBUGINFOD_URLS=https://debuginfod.ubuntu.com /usr/bin/cmake --build /home/fabian/unilidar_sdk2/build/unitree_lidar_ros2 -- -j7 -l7
[72.822s] DEBUG:colcon.colcon_core.event_handler.log_command:Invoked command in '/home/fabian/unilidar_sdk2/build/unitree_lidar_ros' returned '1': DEBUGINFOD_URLS=https://debuginfod.ubuntu.com /usr/bin/cmake /home/fabian/unilidar_sdk2/unitree_lidar_ros/src/unitree_lidar_ros -DCATKIN_INSTALL_INTO_PREFIX_ROOT=0 -DCATKIN_SYMLINK_INSTALL=ON -DCMAKE_INSTALL_PREFIX=/home/fabian/unilidar_sdk2/install/unitree_lidar_ros
[72.842s] Level 1:colcon.colcon_core.environment:create_environment_scripts_only(unitree_lidar_ros)
[72.842s] Level 1:colcon.colcon_core.environment:checking '/home/fabian/unilidar_sdk2/install/unitree_lidar_ros' for CMake module files
[72.842s] Level 1:colcon.colcon_core.environment:checking '/home/fabian/unilidar_sdk2/install/unitree_lidar_ros' for CMake config files
[72.842s] Level 1:colcon.colcon_core.environment:checking '/home/fabian/unilidar_sdk2/install/unitree_lidar_ros/bin'
[72.842s] Level 1:colcon.colcon_core.environment:checking '/home/fabian/unilidar_sdk2/install/unitree_lidar_ros/lib/pkgconfig/unitree_lidar_ros.pc'
[72.843s] Level 1:colcon.colcon_core.environment:checking '/home/fabian/unilidar_sdk2/install/unitree_lidar_ros/lib/python3.12/site-packages'
[72.843s] Level 1:colcon.colcon_core.environment:checking '/home/fabian/unilidar_sdk2/install/unitree_lidar_ros/bin'
[72.843s] INFO:colcon.colcon_core.shell:Creating package script '/home/fabian/unilidar_sdk2/install/unitree_lidar_ros/share/unitree_lidar_ros/package.ps1'
[72.845s] INFO:colcon.colcon_core.shell:Creating package descriptor '/home/fabian/unilidar_sdk2/install/unitree_lidar_ros/share/unitree_lidar_ros/package.dsv'
[72.845s] INFO:colcon.colcon_core.shell:Creating package script '/home/fabian/unilidar_sdk2/install/unitree_lidar_ros/share/unitree_lidar_ros/package.sh'
[72.845s] INFO:colcon.colcon_core.shell:Creating package script '/home/fabian/unilidar_sdk2/install/unitree_lidar_ros/share/unitree_lidar_ros/package.bash'
[72.846s] INFO:colcon.colcon_core.shell:Creating package script '/home/fabian/unilidar_sdk2/install/unitree_lidar_ros/share/unitree_lidar_ros/package.zsh'
[72.846s] Level 1:colcon.colcon_core.environment:create_file_with_runtime_dependencies(/home/fabian/unilidar_sdk2/install/unitree_lidar_ros/share/colcon-core/packages/unitree_lidar_ros)
[92.315s] DEBUG:colcon.colcon_parallel_executor.executor.parallel:closing loop
[92.316s] DEBUG:colcon.colcon_parallel_executor.executor.parallel:loop closed
[92.316s] DEBUG:colcon.colcon_parallel_executor.executor.parallel:run_until_complete finished with '1'
[92.317s] DEBUG:colcon.colcon_core.event_reactor:joining thread
[92.456s] INFO:colcon.colcon_core.plugin_system:Skipping extension 'colcon_notification.desktop_notification.notify_send': Could not find 'notify-send'
[92.456s] INFO:colcon.colcon_core.plugin_system:Skipping extension 'colcon_notification.desktop_notification.terminal_notifier': Not used on non-Darwin systems
[92.456s] INFO:colcon.colcon_core.plugin_system:Skipping extension 'colcon_notification.desktop_notification.win32': Not used on non-Windows systems
[92.456s] INFO:colcon.colcon_notification.desktop_notification:Sending desktop notification using 'notify2'
[92.459s] DEBUG:colcon.colcon_notification.desktop_notification.notify2:Failed to initialize notify2: org.freedesktop.DBus.Error.ServiceUnknown: The name org.freedesktop.Notifications was not provided by any .service files
[92.459s] DEBUG:colcon.colcon_core.event_reactor:joined thread
[92.459s] INFO:colcon.colcon_core.shell:Creating prefix script '/home/fabian/unilidar_sdk2/install/local_setup.ps1'
[92.460s] INFO:colcon.colcon_core.shell:Creating prefix util module '/home/fabian/unilidar_sdk2/install/_local_setup_util_ps1.py'
[92.462s] INFO:colcon.colcon_core.shell:Creating prefix chain script '/home/fabian/unilidar_sdk2/install/setup.ps1'
[92.463s] INFO:colcon.colcon_core.shell:Creating prefix script '/home/fabian/unilidar_sdk2/install/local_setup.sh'
[92.464s] INFO:colcon.colcon_core.shell:Creating prefix util module '/home/fabian/unilidar_sdk2/install/_local_setup_util_sh.py'
[92.464s] INFO:colcon.colcon_core.shell:Creating prefix chain script '/home/fabian/unilidar_sdk2/install/setup.sh'
[92.466s] INFO:colcon.colcon_core.shell:Creating prefix script '/home/fabian/unilidar_sdk2/install/local_setup.bash'
[92.466s] INFO:colcon.colcon_core.shell:Creating prefix chain script '/home/fabian/unilidar_sdk2/install/setup.bash'
[92.467s] INFO:colcon.colcon_core.shell:Creating prefix script '/home/fabian/unilidar_sdk2/install/local_setup.zsh'
[92.468s] INFO:colcon.colcon_core.shell:Creating prefix chain script '/home/fabian/unilidar_sdk2/install/setup.zsh'
