[0.019s] Invoking command in '/home/nbf2/support/tutorial_interfaces/build/tutorial_interfaces': CMAKE_PREFIX_PATH=${CMAKE_PREFIX_PATH}:/home/nbf2/youbot_ws/install/youbot:/home/nbf2/twist_stamper/install/twist_stamper:/opt/ros/rolling DEBUGINFOD_URLS=https://debuginfod.ubuntu.com /usr/bin/cmake --build /home/nbf2/support/tutorial_interfaces/build/tutorial_interfaces -- -j12 -l12
[0.048s] -- Found ament_cmake: 2.8.2 (/opt/ros/rolling/share/ament_cmake/cmake)
[0.239s] -- Found rosidl_default_generators: 1.8.0 (/opt/ros/rolling/share/rosidl_default_generators/cmake)
[0.241s] -- Using all available rosidl_typesupport_c: rosidl_typesupport_fastrtps_c;rosidl_typesupport_introspection_c
[0.267s] -- Using all available rosidl_typesupport_cpp: rosidl_typesupport_fastrtps_cpp;rosidl_typesupport_introspection_cpp
[0.285s] -- Found rosidl_adapter: 4.10.0 (/opt/ros/rolling/share/rosidl_adapter/cmake)
[0.828s] -- Found ament_cmake_ros_core: 0.15.0 (/opt/ros/rolling/share/ament_cmake_ros_core/cmake)
[1.252s] -- Using all available rosidl_typesupport_c: rosidl_typesupport_fastrtps_c;rosidl_typesupport_introspection_c
[1.792s] -- Using all available rosidl_typesupport_cpp: rosidl_typesupport_fastrtps_cpp;rosidl_typesupport_introspection_cpp
[2.200s] -- Found Python3: /usr/bin/python3 (found version "3.12.3") found components: Interpreter Development NumPy Development.Module Development.Embed 
[2.228s] -- Found ament_lint_auto: 0.20.0 (/opt/ros/rolling/share/ament_lint_auto/cmake)
[2.239s] -- Added test 'cppcheck' to perform static code analysis on C / C++ code
[2.240s] -- Configured cppcheck include dirs: $<BUILD_INTERFACE:/home/nbf2/support/tutorial_interfaces/build/tutorial_interfaces/rosidl_generator_c>;$<BUILD_INTERFACE:/home/nbf2/support/tutorial_interfaces/build/tutorial_interfaces/rosidl_typesupport_fastrtps_c>;$<BUILD_INTERFACE:/home/nbf2/support/tutorial_interfaces/build/tutorial_interfaces/rosidl_typesupport_introspection_c>;$<BUILD_INTERFACE:/home/nbf2/support/tutorial_interfaces/build/tutorial_interfaces/rosidl_generator_cpp>;$<BUILD_INTERFACE:/home/nbf2/support/tutorial_interfaces/build/tutorial_interfaces/rosidl_typesupport_fastrtps_cpp>;$<BUILD_INTERFACE:/home/nbf2/support/tutorial_interfaces/build/tutorial_interfaces/rosidl_typesupport_introspection_cpp>;/home/nbf2/support/tutorial_interfaces/build/tutorial_interfaces/rosidl_generator_c;/home/nbf2/support/tutorial_interfaces/build/tutorial_interfaces/rosidl_generator_py
[2.240s] -- Configured cppcheck exclude dirs and/or files: 
[2.241s] -- Added test 'flake8' to check Python code syntax and style conventions
[2.241s] -- Configured 'flake8' exclude dirs and/or files: 
[2.243s] -- Added test 'lint_cmake' to check CMake code style
[2.244s] -- Added test 'pep257' to check Python code against some of the docstring style conventions in PEP 257
[2.250s] -- Added test 'uncrustify' to check C / C++ code style
[2.250s] -- Configured uncrustify additional arguments: 
[2.251s] -- Added test 'xmllint' to check XML markup files
[2.253s] -- Configuring done (2.2s)
[2.275s] -- Generating done (0.0s)
[2.282s] -- Build files have been written to: /home/nbf2/support/tutorial_interfaces/build/tutorial_interfaces
[2.322s] [  2%] [34m[1mGenerating type hashes for ROS interfaces[0m
[2.330s] [  2%] Built target ament_cmake_python_copy_tutorial_interfaces
[2.489s] [  2%] Built target tutorial_interfaces__rosidl_generator_type_description
[2.503s] [  4%] [34m[1mGenerating C code for ROS interfaces[0m
[2.513s] [  6%] [34m[1mGenerating C++ code for ROS interfaces[0m
[2.522s] running egg_info
[2.524s] creating tutorial_interfaces.egg-info
[2.553s] writing tutorial_interfaces.egg-info/PKG-INFO
[2.553s] writing dependency_links to tutorial_interfaces.egg-info/dependency_links.txt
[2.553s] writing top-level names to tutorial_interfaces.egg-info/top_level.txt
[2.553s] writing manifest file 'tutorial_interfaces.egg-info/SOURCES.txt'
[2.628s] reading manifest file 'tutorial_interfaces.egg-info/SOURCES.txt'
[2.628s] writing manifest file 'tutorial_interfaces.egg-info/SOURCES.txt'
[2.652s] [  6%] Built target ament_cmake_python_build_tutorial_interfaces_egg
[2.728s] [  6%] Built target tutorial_interfaces__cpp
[2.781s] [  9%] [32mBuilding C object CMakeFiles/tutorial_interfaces__rosidl_generator_c.dir/rosidl_generator_c/tutorial_interfaces/msg/detail/num__functions.c.o[0m
[2.787s] [ 11%] [32mBuilding C object CMakeFiles/tutorial_interfaces__rosidl_generator_c.dir/rosidl_generator_c/tutorial_interfaces/msg/detail/num__type_support.c.o[0m
[2.788s] [ 13%] [32mBuilding C object CMakeFiles/tutorial_interfaces__rosidl_generator_c.dir/rosidl_generator_c/tutorial_interfaces/srv/detail/add_three_ints__description.c.o[0m
[2.788s] [ 15%] [32mBuilding C object CMakeFiles/tutorial_interfaces__rosidl_generator_c.dir/rosidl_generator_c/tutorial_interfaces/msg/detail/num__description.c.o[0m
[2.789s] [ 18%] [32mBuilding C object CMakeFiles/tutorial_interfaces__rosidl_generator_c.dir/rosidl_generator_c/tutorial_interfaces/srv/detail/add_three_ints__functions.c.o[0m
[2.789s] [ 20%] [32mBuilding C object CMakeFiles/tutorial_interfaces__rosidl_generator_c.dir/rosidl_generator_c/tutorial_interfaces/srv/detail/add_three_ints__type_support.c.o[0m
[2.870s] [ 22%] [32m[1mLinking C shared library libtutorial_interfaces__rosidl_generator_c.so[0m
[2.906s] [ 22%] Built target tutorial_interfaces__rosidl_generator_c
[2.923s] [ 25%] [34m[1mGenerating C introspection for ROS interfaces[0m
[2.924s] [ 27%] [34m[1mGenerating C++ type support for eProsima Fast-RTPS[0m
[2.927s] [ 29%] [34m[1mGenerating C++ type support dispatch for ROS interfaces[0m
[2.928s] [ 31%] [34m[1mGenerating C type support for eProsima Fast-RTPS[0m
[2.928s] [ 34%] [34m[1mGenerating C type support dispatch for ROS interfaces[0m
[2.929s] [ 36%] [34m[1mGenerating C++ introspection for ROS interfaces[0m
[3.158s] [ 40%] [32mBuilding C object CMakeFiles/tutorial_interfaces__rosidl_typesupport_introspection_c.dir/rosidl_typesupport_introspection_c/tutorial_interfaces/msg/detail/num__type_support.c.o[0m
[3.158s] [ 40%] [32mBuilding C object CMakeFiles/tutorial_interfaces__rosidl_typesupport_introspection_c.dir/rosidl_typesupport_introspection_c/tutorial_interfaces/srv/detail/add_three_ints__type_support.c.o[0m
[3.192s] [ 43%] [32mBuilding CXX object CMakeFiles/tutorial_interfaces__rosidl_typesupport_c.dir/rosidl_typesupport_c/tutorial_interfaces/msg/num__type_support.cpp.o[0m
[3.195s] [ 45%] [32mBuilding CXX object CMakeFiles/tutorial_interfaces__rosidl_typesupport_c.dir/rosidl_typesupport_c/tutorial_interfaces/srv/add_three_ints__type_support.cpp.o[0m
[3.212s] [ 50%] [32m[1mLinking C shared library libtutorial_interfaces__rosidl_typesupport_introspection_c.so[0m
[3.213s] [ 50%] [32mBuilding CXX object CMakeFiles/tutorial_interfaces__rosidl_typesupport_fastrtps_cpp.dir/rosidl_typesupport_fastrtps_cpp/tutorial_interfaces/srv/detail/dds_fastrtps/add_three_ints__type_support.cpp.o[0m
[3.213s] [ 52%] [32mBuilding CXX object CMakeFiles/tutorial_interfaces__rosidl_typesupport_fastrtps_cpp.dir/rosidl_typesupport_fastrtps_cpp/tutorial_interfaces/msg/detail/dds_fastrtps/num__type_support.cpp.o[0m
[3.243s] [ 52%] Built target tutorial_interfaces__rosidl_typesupport_introspection_c
[3.251s] [ 54%] [32m[1mLinking CXX shared library libtutorial_interfaces__rosidl_typesupport_c.so[0m
[3.265s] [ 56%] [32mBuilding CXX object CMakeFiles/tutorial_interfaces__rosidl_typesupport_cpp.dir/rosidl_typesupport_cpp/tutorial_interfaces/msg/num__type_support.cpp.o[0m
[3.270s] [ 59%] [32mBuilding CXX object CMakeFiles/tutorial_interfaces__rosidl_typesupport_cpp.dir/rosidl_typesupport_cpp/tutorial_interfaces/srv/add_three_ints__type_support.cpp.o[0m
[3.291s] [ 59%] Built target tutorial_interfaces__rosidl_typesupport_c
[3.296s] [ 61%] [32mBuilding CXX object CMakeFiles/tutorial_interfaces__rosidl_typesupport_fastrtps_c.dir/rosidl_typesupport_fastrtps_c/tutorial_interfaces/msg/detail/num__type_support_c.cpp.o[0m
[3.296s] [ 63%] [32mBuilding CXX object CMakeFiles/tutorial_interfaces__rosidl_typesupport_fastrtps_c.dir/rosidl_typesupport_fastrtps_c/tutorial_interfaces/srv/detail/add_three_ints__type_support_c.cpp.o[0m
[3.307s] [ 65%] [32mBuilding CXX object CMakeFiles/tutorial_interfaces__rosidl_typesupport_introspection_cpp.dir/rosidl_typesupport_introspection_cpp/tutorial_interfaces/msg/detail/num__type_support.cpp.o[0m
[3.308s] [ 68%] [32mBuilding CXX object CMakeFiles/tutorial_interfaces__rosidl_typesupport_introspection_cpp.dir/rosidl_typesupport_introspection_cpp/tutorial_interfaces/srv/detail/add_three_ints__type_support.cpp.o[0m
[3.604s] [ 70%] [32m[1mLinking CXX shared library libtutorial_interfaces__rosidl_typesupport_introspection_cpp.so[0m
[3.703s] [ 70%] Built target tutorial_interfaces__rosidl_typesupport_introspection_cpp
[3.758s] [ 72%] [32m[1mLinking CXX shared library libtutorial_interfaces__rosidl_typesupport_cpp.so[0m
[3.817s] [ 75%] [32m[1mLinking CXX shared library libtutorial_interfaces__rosidl_typesupport_fastrtps_cpp.so[0m
[3.822s] [ 75%] Built target tutorial_interfaces__rosidl_typesupport_cpp
[3.868s] [ 77%] [32m[1mLinking CXX shared library libtutorial_interfaces__rosidl_typesupport_fastrtps_c.so[0m
[3.879s] [ 77%] Built target tutorial_interfaces__rosidl_typesupport_fastrtps_cpp
[3.913s] [ 77%] Built target tutorial_interfaces__rosidl_typesupport_fastrtps_c
[3.941s] [ 77%] Built target tutorial_interfaces
[3.972s] [ 79%] [34m[1mGenerating Python code for ROS interfaces[0m
[4.246s] [ 79%] Built target tutorial_interfaces__py
[4.276s] [ 81%] [32mBuilding C object CMakeFiles/tutorial_interfaces__rosidl_generator_py.dir/rosidl_generator_py/tutorial_interfaces/msg/_num_s.c.o[0m
[4.278s] [ 84%] [32mBuilding C object CMakeFiles/tutorial_interfaces__rosidl_generator_py.dir/rosidl_generator_py/tutorial_interfaces/srv/_add_three_ints_s.c.o[0m
[4.390s] [ 86%] [32m[1mLinking C shared library libtutorial_interfaces__rosidl_generator_py.so[0m
[4.442s] [ 86%] Built target tutorial_interfaces__rosidl_generator_py
[4.468s] [ 88%] [32mBuilding C object CMakeFiles/tutorial_interfaces_s__rosidl_typesupport_c.dir/rosidl_generator_py/tutorial_interfaces/_tutorial_interfaces_s.ep.rosidl_typesupport_c.c.o[0m
[4.469s] [ 90%] [32mBuilding C object CMakeFiles/tutorial_interfaces_s__rosidl_typesupport_introspection_c.dir/rosidl_generator_py/tutorial_interfaces/_tutorial_interfaces_s.ep.rosidl_typesupport_introspection_c.c.o[0m
[4.472s] [ 93%] [32mBuilding C object CMakeFiles/tutorial_interfaces_s__rosidl_typesupport_fastrtps_c.dir/rosidl_generator_py/tutorial_interfaces/_tutorial_interfaces_s.ep.rosidl_typesupport_fastrtps_c.c.o[0m
[4.543s] [ 95%] [32m[1mLinking C shared module rosidl_generator_py/tutorial_interfaces/tutorial_interfaces_s__rosidl_typesupport_introspection_c.so[0m
[4.551s] [ 97%] [32m[1mLinking C shared module rosidl_generator_py/tutorial_interfaces/tutorial_interfaces_s__rosidl_typesupport_fastrtps_c.so[0m
[4.571s] [ 97%] Built target tutorial_interfaces_s__rosidl_typesupport_introspection_c
[4.577s] [ 97%] Built target tutorial_interfaces_s__rosidl_typesupport_fastrtps_c
[4.592s] [100%] [32m[1mLinking C shared module rosidl_generator_py/tutorial_interfaces/tutorial_interfaces_s__rosidl_typesupport_c.so[0m
[4.634s] [100%] Built target tutorial_interfaces_s__rosidl_typesupport_c
[4.650s] Invoked command in '/home/nbf2/support/tutorial_interfaces/build/tutorial_interfaces' returned '0': CMAKE_PREFIX_PATH=${CMAKE_PREFIX_PATH}:/home/nbf2/youbot_ws/install/youbot:/home/nbf2/twist_stamper/install/twist_stamper:/opt/ros/rolling DEBUGINFOD_URLS=https://debuginfod.ubuntu.com /usr/bin/cmake --build /home/nbf2/support/tutorial_interfaces/build/tutorial_interfaces -- -j12 -l12
[4.663s] Invoking command in '/home/nbf2/support/tutorial_interfaces/build/tutorial_interfaces': CMAKE_PREFIX_PATH=${CMAKE_PREFIX_PATH}:/home/nbf2/youbot_ws/install/youbot:/home/nbf2/twist_stamper/install/twist_stamper:/opt/ros/rolling DEBUGINFOD_URLS=https://debuginfod.ubuntu.com /usr/bin/cmake --install /home/nbf2/support/tutorial_interfaces/build/tutorial_interfaces
[4.676s] -- Install configuration: ""
[4.676s] -- Installing: /home/nbf2/support/tutorial_interfaces/install/tutorial_interfaces/share/ament_index/resource_index/rosidl_interfaces/tutorial_interfaces
[4.676s] -- Installing: /home/nbf2/support/tutorial_interfaces/install/tutorial_interfaces/share/tutorial_interfaces/msg/Num.json
[4.676s] -- Installing: /home/nbf2/support/tutorial_interfaces/install/tutorial_interfaces/share/tutorial_interfaces/srv/AddThreeInts.json
[4.676s] -- Installing: /home/nbf2/support/tutorial_interfaces/install/tutorial_interfaces/include/tutorial_interfaces/tutorial_interfaces
[4.676s] -- Installing: /home/nbf2/support/tutorial_interfaces/install/tutorial_interfaces/include/tutorial_interfaces/tutorial_interfaces/msg
[4.677s] -- Installing: /home/nbf2/support/tutorial_interfaces/install/tutorial_interfaces/include/tutorial_interfaces/tutorial_interfaces/msg/num.h
[4.677s] -- Installing: /home/nbf2/support/tutorial_interfaces/install/tutorial_interfaces/include/tutorial_interfaces/tutorial_interfaces/msg/detail
[4.677s] -- Installing: /home/nbf2/support/tutorial_interfaces/install/tutorial_interfaces/include/tutorial_interfaces/tutorial_interfaces/msg/detail/num__functions.c
[4.677s] -- Installing: /home/nbf2/support/tutorial_interfaces/install/tutorial_interfaces/include/tutorial_interfaces/tutorial_interfaces/msg/detail/num__type_support.c
[4.677s] -- Installing: /home/nbf2/support/tutorial_interfaces/install/tutorial_interfaces/include/tutorial_interfaces/tutorial_interfaces/msg/detail/num__type_support.h
[4.677s] -- Installing: /home/nbf2/support/tutorial_interfaces/install/tutorial_interfaces/include/tutorial_interfaces/tutorial_interfaces/msg/detail/num__struct.h
[4.677s] -- Installing: /home/nbf2/support/tutorial_interfaces/install/tutorial_interfaces/include/tutorial_interfaces/tutorial_interfaces/msg/detail/num__description.c
[4.677s] -- Installing: /home/nbf2/support/tutorial_interfaces/install/tutorial_interfaces/include/tutorial_interfaces/tutorial_interfaces/msg/detail/num__functions.h
[4.677s] -- Installing: /home/nbf2/support/tutorial_interfaces/install/tutorial_interfaces/include/tutorial_interfaces/tutorial_interfaces/msg/rosidl_generator_c__visibility_control.h
[4.677s] -- Installing: /home/nbf2/support/tutorial_interfaces/install/tutorial_interfaces/include/tutorial_interfaces/tutorial_interfaces/srv
[4.678s] -- Installing: /home/nbf2/support/tutorial_interfaces/install/tutorial_interfaces/include/tutorial_interfaces/tutorial_interfaces/srv/add_three_ints.h
[4.678s] -- Installing: /home/nbf2/support/tutorial_interfaces/install/tutorial_interfaces/include/tutorial_interfaces/tutorial_interfaces/srv/detail
[4.678s] -- Installing: /home/nbf2/support/tutorial_interfaces/install/tutorial_interfaces/include/tutorial_interfaces/tutorial_interfaces/srv/detail/add_three_ints__type_support.c
[4.678s] -- Installing: /home/nbf2/support/tutorial_interfaces/install/tutorial_interfaces/include/tutorial_interfaces/tutorial_interfaces/srv/detail/add_three_ints__functions.h
[4.678s] -- Installing: /home/nbf2/support/tutorial_interfaces/install/tutorial_interfaces/include/tutorial_interfaces/tutorial_interfaces/srv/detail/add_three_ints__functions.c
[4.678s] -- Installing: /home/nbf2/support/tutorial_interfaces/install/tutorial_interfaces/include/tutorial_interfaces/tutorial_interfaces/srv/detail/add_three_ints__struct.h
[4.678s] -- Installing: /home/nbf2/support/tutorial_interfaces/install/tutorial_interfaces/include/tutorial_interfaces/tutorial_interfaces/srv/detail/add_three_ints__description.c
[4.678s] -- Installing: /home/nbf2/support/tutorial_interfaces/install/tutorial_interfaces/include/tutorial_interfaces/tutorial_interfaces/srv/detail/add_three_ints__type_support.h
[4.678s] -- Installing: /home/nbf2/support/tutorial_interfaces/install/tutorial_interfaces/share/tutorial_interfaces/environment/library_path.sh
[4.679s] -- Installing: /home/nbf2/support/tutorial_interfaces/install/tutorial_interfaces/share/tutorial_interfaces/environment/library_path.dsv
[4.679s] -- Installing: /home/nbf2/support/tutorial_interfaces/install/tutorial_interfaces/lib/libtutorial_interfaces__rosidl_generator_c.so
[4.679s] -- Set non-toolchain portion of runtime path of "/home/nbf2/support/tutorial_interfaces/install/tutorial_interfaces/lib/libtutorial_interfaces__rosidl_generator_c.so" to ""
[4.679s] -- Up-to-date: /home/nbf2/support/tutorial_interfaces/install/tutorial_interfaces/include/tutorial_interfaces/tutorial_interfaces
[4.679s] -- Up-to-date: /home/nbf2/support/tutorial_interfaces/install/tutorial_interfaces/include/tutorial_interfaces/tutorial_interfaces/msg
[4.680s] -- Up-to-date: /home/nbf2/support/tutorial_interfaces/install/tutorial_interfaces/include/tutorial_interfaces/tutorial_interfaces/msg/detail
[4.680s] -- Installing: /home/nbf2/support/tutorial_interfaces/install/tutorial_interfaces/include/tutorial_interfaces/tutorial_interfaces/msg/detail/num__rosidl_typesupport_fastrtps_c.h
[4.680s] -- Installing: /home/nbf2/support/tutorial_interfaces/install/tutorial_interfaces/include/tutorial_interfaces/tutorial_interfaces/msg/rosidl_typesupport_fastrtps_c__visibility_control.h
[4.680s] -- Up-to-date: /home/nbf2/support/tutorial_interfaces/install/tutorial_interfaces/include/tutorial_interfaces/tutorial_interfaces/srv
[4.680s] -- Up-to-date: /home/nbf2/support/tutorial_interfaces/install/tutorial_interfaces/include/tutorial_interfaces/tutorial_interfaces/srv/detail
[4.680s] -- Installing: /home/nbf2/support/tutorial_interfaces/install/tutorial_interfaces/include/tutorial_interfaces/tutorial_interfaces/srv/detail/add_three_ints__rosidl_typesupport_fastrtps_c.h
[4.680s] -- Installing: /home/nbf2/support/tutorial_interfaces/install/tutorial_interfaces/lib/libtutorial_interfaces__rosidl_typesupport_fastrtps_c.so
[4.680s] -- Set non-toolchain portion of runtime path of "/home/nbf2/support/tutorial_interfaces/install/tutorial_interfaces/lib/libtutorial_interfaces__rosidl_typesupport_fastrtps_c.so" to ""
[4.680s] -- Up-to-date: /home/nbf2/support/tutorial_interfaces/install/tutorial_interfaces/include/tutorial_interfaces/tutorial_interfaces
[4.680s] -- Up-to-date: /home/nbf2/support/tutorial_interfaces/install/tutorial_interfaces/include/tutorial_interfaces/tutorial_interfaces/msg
[4.680s] -- Up-to-date: /home/nbf2/support/tutorial_interfaces/install/tutorial_interfaces/include/tutorial_interfaces/tutorial_interfaces/msg/detail
[4.681s] -- Up-to-date: /home/nbf2/support/tutorial_interfaces/install/tutorial_interfaces/include/tutorial_interfaces/tutorial_interfaces/msg/detail/num__type_support.c
[4.681s] -- Installing: /home/nbf2/support/tutorial_interfaces/install/tutorial_interfaces/include/tutorial_interfaces/tutorial_interfaces/msg/detail/num__rosidl_typesupport_introspection_c.h
[4.681s] -- Installing: /home/nbf2/support/tutorial_interfaces/install/tutorial_interfaces/include/tutorial_interfaces/tutorial_interfaces/msg/rosidl_typesupport_introspection_c__visibility_control.h
[4.681s] -- Up-to-date: /home/nbf2/support/tutorial_interfaces/install/tutorial_interfaces/include/tutorial_interfaces/tutorial_interfaces/srv
[4.681s] -- Up-to-date: /home/nbf2/support/tutorial_interfaces/install/tutorial_interfaces/include/tutorial_interfaces/tutorial_interfaces/srv/detail
[4.681s] -- Up-to-date: /home/nbf2/support/tutorial_interfaces/install/tutorial_interfaces/include/tutorial_interfaces/tutorial_interfaces/srv/detail/add_three_ints__type_support.c
[4.681s] -- Installing: /home/nbf2/support/tutorial_interfaces/install/tutorial_interfaces/include/tutorial_interfaces/tutorial_interfaces/srv/detail/add_three_ints__rosidl_typesupport_introspection_c.h
[4.681s] -- Installing: /home/nbf2/support/tutorial_interfaces/install/tutorial_interfaces/lib/libtutorial_interfaces__rosidl_typesupport_introspection_c.so
[4.682s] -- Set non-toolchain portion of runtime path of "/home/nbf2/support/tutorial_interfaces/install/tutorial_interfaces/lib/libtutorial_interfaces__rosidl_typesupport_introspection_c.so" to ""
[4.682s] -- Installing: /home/nbf2/support/tutorial_interfaces/install/tutorial_interfaces/lib/libtutorial_interfaces__rosidl_typesupport_c.so
[4.682s] -- Set non-toolchain portion of runtime path of "/home/nbf2/support/tutorial_interfaces/install/tutorial_interfaces/lib/libtutorial_interfaces__rosidl_typesupport_c.so" to ""
[4.682s] -- Up-to-date: /home/nbf2/support/tutorial_interfaces/install/tutorial_interfaces/include/tutorial_interfaces/tutorial_interfaces
[4.682s] -- Up-to-date: /home/nbf2/support/tutorial_interfaces/install/tutorial_interfaces/include/tutorial_interfaces/tutorial_interfaces/msg
[4.682s] -- Up-to-date: /home/nbf2/support/tutorial_interfaces/install/tutorial_interfaces/include/tutorial_interfaces/tutorial_interfaces/msg/detail
[4.682s] -- Installing: /home/nbf2/support/tutorial_interfaces/install/tutorial_interfaces/include/tutorial_interfaces/tutorial_interfaces/msg/detail/num__struct.hpp
[4.682s] -- Installing: /home/nbf2/support/tutorial_interfaces/install/tutorial_interfaces/include/tutorial_interfaces/tutorial_interfaces/msg/detail/num__type_support.hpp
[4.683s] -- Installing: /home/nbf2/support/tutorial_interfaces/install/tutorial_interfaces/include/tutorial_interfaces/tutorial_interfaces/msg/detail/num__traits.hpp
[4.683s] -- Installing: /home/nbf2/support/tutorial_interfaces/install/tutorial_interfaces/include/tutorial_interfaces/tutorial_interfaces/msg/detail/num__builder.hpp
[4.683s] -- Installing: /home/nbf2/support/tutorial_interfaces/install/tutorial_interfaces/include/tutorial_interfaces/tutorial_interfaces/msg/rosidl_generator_cpp__visibility_control.hpp
[4.683s] -- Installing: /home/nbf2/support/tutorial_interfaces/install/tutorial_interfaces/include/tutorial_interfaces/tutorial_interfaces/msg/num.hpp
[4.683s] -- Up-to-date: /home/nbf2/support/tutorial_interfaces/install/tutorial_interfaces/include/tutorial_interfaces/tutorial_interfaces/srv
[4.683s] -- Installing: /home/nbf2/support/tutorial_interfaces/install/tutorial_interfaces/include/tutorial_interfaces/tutorial_interfaces/srv/add_three_ints.hpp
[4.683s] -- Up-to-date: /home/nbf2/support/tutorial_interfaces/install/tutorial_interfaces/include/tutorial_interfaces/tutorial_interfaces/srv/detail
[4.683s] -- Installing: /home/nbf2/support/tutorial_interfaces/install/tutorial_interfaces/include/tutorial_interfaces/tutorial_interfaces/srv/detail/add_three_ints__builder.hpp
[4.683s] -- Installing: /home/nbf2/support/tutorial_interfaces/install/tutorial_interfaces/include/tutorial_interfaces/tutorial_interfaces/srv/detail/add_three_ints__type_support.hpp
[4.684s] -- Installing: /home/nbf2/support/tutorial_interfaces/install/tutorial_interfaces/include/tutorial_interfaces/tutorial_interfaces/srv/detail/add_three_ints__traits.hpp
[4.684s] -- Installing: /home/nbf2/support/tutorial_interfaces/install/tutorial_interfaces/include/tutorial_interfaces/tutorial_interfaces/srv/detail/add_three_ints__struct.hpp
[4.684s] -- Up-to-date: /home/nbf2/support/tutorial_interfaces/install/tutorial_interfaces/include/tutorial_interfaces/tutorial_interfaces
[4.684s] -- Up-to-date: /home/nbf2/support/tutorial_interfaces/install/tutorial_interfaces/include/tutorial_interfaces/tutorial_interfaces/msg
[4.684s] -- Installing: /home/nbf2/support/tutorial_interfaces/install/tutorial_interfaces/include/tutorial_interfaces/tutorial_interfaces/msg/rosidl_typesupport_fastrtps_cpp__visibility_control.h
[4.684s] -- Up-to-date: /home/nbf2/support/tutorial_interfaces/install/tutorial_interfaces/include/tutorial_interfaces/tutorial_interfaces/msg/detail
[4.684s] -- Installing: /home/nbf2/support/tutorial_interfaces/install/tutorial_interfaces/include/tutorial_interfaces/tutorial_interfaces/msg/detail/num__rosidl_typesupport_fastrtps_cpp.hpp
[4.684s] -- Installing: /home/nbf2/support/tutorial_interfaces/install/tutorial_interfaces/include/tutorial_interfaces/tutorial_interfaces/msg/detail/dds_fastrtps
[4.684s] -- Up-to-date: /home/nbf2/support/tutorial_interfaces/install/tutorial_interfaces/include/tutorial_interfaces/tutorial_interfaces/srv
[4.685s] -- Up-to-date: /home/nbf2/support/tutorial_interfaces/install/tutorial_interfaces/include/tutorial_interfaces/tutorial_interfaces/srv/detail
[4.685s] -- Installing: /home/nbf2/support/tutorial_interfaces/install/tutorial_interfaces/include/tutorial_interfaces/tutorial_interfaces/srv/detail/dds_fastrtps
[4.685s] -- Installing: /home/nbf2/support/tutorial_interfaces/install/tutorial_interfaces/include/tutorial_interfaces/tutorial_interfaces/srv/detail/add_three_ints__rosidl_typesupport_fastrtps_cpp.hpp
[4.685s] -- Installing: /home/nbf2/support/tutorial_interfaces/install/tutorial_interfaces/lib/libtutorial_interfaces__rosidl_typesupport_fastrtps_cpp.so
[4.685s] -- Set non-toolchain portion of runtime path of "/home/nbf2/support/tutorial_interfaces/install/tutorial_interfaces/lib/libtutorial_interfaces__rosidl_typesupport_fastrtps_cpp.so" to ""
[4.685s] -- Up-to-date: /home/nbf2/support/tutorial_interfaces/install/tutorial_interfaces/include/tutorial_interfaces/tutorial_interfaces
[4.685s] -- Up-to-date: /home/nbf2/support/tutorial_interfaces/install/tutorial_interfaces/include/tutorial_interfaces/tutorial_interfaces/msg
[4.685s] -- Up-to-date: /home/nbf2/support/tutorial_interfaces/install/tutorial_interfaces/include/tutorial_interfaces/tutorial_interfaces/msg/detail
[4.685s] -- Installing: /home/nbf2/support/tutorial_interfaces/install/tutorial_interfaces/include/tutorial_interfaces/tutorial_interfaces/msg/detail/num__rosidl_typesupport_introspection_cpp.hpp
[4.685s] -- Installing: /home/nbf2/support/tutorial_interfaces/install/tutorial_interfaces/include/tutorial_interfaces/tutorial_interfaces/msg/detail/num__type_support.cpp
[4.686s] -- Up-to-date: /home/nbf2/support/tutorial_interfaces/install/tutorial_interfaces/include/tutorial_interfaces/tutorial_interfaces/srv
[4.686s] -- Up-to-date: /home/nbf2/support/tutorial_interfaces/install/tutorial_interfaces/include/tutorial_interfaces/tutorial_interfaces/srv/detail
[4.686s] -- Installing: /home/nbf2/support/tutorial_interfaces/install/tutorial_interfaces/include/tutorial_interfaces/tutorial_interfaces/srv/detail/add_three_ints__rosidl_typesupport_introspection_cpp.hpp
[4.686s] -- Installing: /home/nbf2/support/tutorial_interfaces/install/tutorial_interfaces/include/tutorial_interfaces/tutorial_interfaces/srv/detail/add_three_ints__type_support.cpp
[4.686s] -- Installing: /home/nbf2/support/tutorial_interfaces/install/tutorial_interfaces/lib/libtutorial_interfaces__rosidl_typesupport_introspection_cpp.so
[4.686s] -- Set non-toolchain portion of runtime path of "/home/nbf2/support/tutorial_interfaces/install/tutorial_interfaces/lib/libtutorial_interfaces__rosidl_typesupport_introspection_cpp.so" to ""
[4.686s] -- Installing: /home/nbf2/support/tutorial_interfaces/install/tutorial_interfaces/lib/libtutorial_interfaces__rosidl_typesupport_cpp.so
[4.686s] -- Set non-toolchain portion of runtime path of "/home/nbf2/support/tutorial_interfaces/install/tutorial_interfaces/lib/libtutorial_interfaces__rosidl_typesupport_cpp.so" to ""
[4.686s] -- Installing: /home/nbf2/support/tutorial_interfaces/install/tutorial_interfaces/share/tutorial_interfaces/environment/pythonpath.sh
[4.687s] -- Installing: /home/nbf2/support/tutorial_interfaces/install/tutorial_interfaces/share/tutorial_interfaces/environment/pythonpath.dsv
[4.687s] -- Installing: /home/nbf2/support/tutorial_interfaces/install/tutorial_interfaces/lib/python3.12/site-packages/tutorial_interfaces-0.0.0-py3.12.egg-info
[4.687s] -- Installing: /home/nbf2/support/tutorial_interfaces/install/tutorial_interfaces/lib/python3.12/site-packages/tutorial_interfaces-0.0.0-py3.12.egg-info/PKG-INFO
[4.687s] -- Installing: /home/nbf2/support/tutorial_interfaces/install/tutorial_interfaces/lib/python3.12/site-packages/tutorial_interfaces-0.0.0-py3.12.egg-info/dependency_links.txt
[4.687s] -- Installing: /home/nbf2/support/tutorial_interfaces/install/tutorial_interfaces/lib/python3.12/site-packages/tutorial_interfaces-0.0.0-py3.12.egg-info/top_level.txt
[4.687s] -- Installing: /home/nbf2/support/tutorial_interfaces/install/tutorial_interfaces/lib/python3.12/site-packages/tutorial_interfaces-0.0.0-py3.12.egg-info/SOURCES.txt
[4.687s] -- Installing: /home/nbf2/support/tutorial_interfaces/install/tutorial_interfaces/lib/python3.12/site-packages/tutorial_interfaces
[4.687s] -- Installing: /home/nbf2/support/tutorial_interfaces/install/tutorial_interfaces/lib/python3.12/site-packages/tutorial_interfaces/msg
[4.687s] -- Installing: /home/nbf2/support/tutorial_interfaces/install/tutorial_interfaces/lib/python3.12/site-packages/tutorial_interfaces/msg/_num_s.c
[4.687s] -- Installing: /home/nbf2/support/tutorial_interfaces/install/tutorial_interfaces/lib/python3.12/site-packages/tutorial_interfaces/msg/_num.py
[4.688s] -- Installing: /home/nbf2/support/tutorial_interfaces/install/tutorial_interfaces/lib/python3.12/site-packages/tutorial_interfaces/msg/__init__.py
[4.688s] -- Installing: /home/nbf2/support/tutorial_interfaces/install/tutorial_interfaces/lib/python3.12/site-packages/tutorial_interfaces/tutorial_interfaces_s__rosidl_typesupport_introspection_c.so
[4.688s] -- Installing: /home/nbf2/support/tutorial_interfaces/install/tutorial_interfaces/lib/python3.12/site-packages/tutorial_interfaces/_tutorial_interfaces_s.ep.rosidl_typesupport_c.c
[4.688s] -- Installing: /home/nbf2/support/tutorial_interfaces/install/tutorial_interfaces/lib/python3.12/site-packages/tutorial_interfaces/_tutorial_interfaces_s.ep.rosidl_typesupport_fastrtps_c.c
[4.688s] -- Installing: /home/nbf2/support/tutorial_interfaces/install/tutorial_interfaces/lib/python3.12/site-packages/tutorial_interfaces/tutorial_interfaces_s__rosidl_typesupport_c.so
[4.688s] -- Installing: /home/nbf2/support/tutorial_interfaces/install/tutorial_interfaces/lib/python3.12/site-packages/tutorial_interfaces/tutorial_interfaces_s__rosidl_typesupport_fastrtps_c.so
[4.688s] -- Installing: /home/nbf2/support/tutorial_interfaces/install/tutorial_interfaces/lib/python3.12/site-packages/tutorial_interfaces/__init__.py
[4.688s] -- Installing: /home/nbf2/support/tutorial_interfaces/install/tutorial_interfaces/lib/python3.12/site-packages/tutorial_interfaces/_tutorial_interfaces_s.ep.rosidl_typesupport_introspection_c.c
[4.688s] -- Installing: /home/nbf2/support/tutorial_interfaces/install/tutorial_interfaces/lib/python3.12/site-packages/tutorial_interfaces/srv
[4.688s] -- Installing: /home/nbf2/support/tutorial_interfaces/install/tutorial_interfaces/lib/python3.12/site-packages/tutorial_interfaces/srv/_add_three_ints.py
[4.688s] -- Installing: /home/nbf2/support/tutorial_interfaces/install/tutorial_interfaces/lib/python3.12/site-packages/tutorial_interfaces/srv/__init__.py
[4.689s] -- Installing: /home/nbf2/support/tutorial_interfaces/install/tutorial_interfaces/lib/python3.12/site-packages/tutorial_interfaces/srv/_add_three_ints_s.c
[4.723s] Listing '/home/nbf2/support/tutorial_interfaces/install/tutorial_interfaces/lib/python3.12/site-packages/tutorial_interfaces'...
[4.723s] Compiling '/home/nbf2/support/tutorial_interfaces/install/tutorial_interfaces/lib/python3.12/site-packages/tutorial_interfaces/__init__.py'...
[4.723s] Listing '/home/nbf2/support/tutorial_interfaces/install/tutorial_interfaces/lib/python3.12/site-packages/tutorial_interfaces/msg'...
[4.724s] Compiling '/home/nbf2/support/tutorial_interfaces/install/tutorial_interfaces/lib/python3.12/site-packages/tutorial_interfaces/msg/__init__.py'...
[4.724s] Compiling '/home/nbf2/support/tutorial_interfaces/install/tutorial_interfaces/lib/python3.12/site-packages/tutorial_interfaces/msg/_num.py'...
[4.724s] Listing '/home/nbf2/support/tutorial_interfaces/install/tutorial_interfaces/lib/python3.12/site-packages/tutorial_interfaces/srv'...
[4.724s] Compiling '/home/nbf2/support/tutorial_interfaces/install/tutorial_interfaces/lib/python3.12/site-packages/tutorial_interfaces/srv/__init__.py'...
[4.724s] Compiling '/home/nbf2/support/tutorial_interfaces/install/tutorial_interfaces/lib/python3.12/site-packages/tutorial_interfaces/srv/_add_three_ints.py'...
[4.727s] -- Installing: /home/nbf2/support/tutorial_interfaces/install/tutorial_interfaces/lib/python3.12/site-packages/tutorial_interfaces/tutorial_interfaces_s__rosidl_typesupport_fastrtps_c.so
[4.727s] -- Set non-toolchain portion of runtime path of "/home/nbf2/support/tutorial_interfaces/install/tutorial_interfaces/lib/python3.12/site-packages/tutorial_interfaces/tutorial_interfaces_s__rosidl_typesupport_fastrtps_c.so" to ""
[4.728s] -- Installing: /home/nbf2/support/tutorial_interfaces/install/tutorial_interfaces/lib/python3.12/site-packages/tutorial_interfaces/tutorial_interfaces_s__rosidl_typesupport_introspection_c.so
[4.728s] -- Set non-toolchain portion of runtime path of "/home/nbf2/support/tutorial_interfaces/install/tutorial_interfaces/lib/python3.12/site-packages/tutorial_interfaces/tutorial_interfaces_s__rosidl_typesupport_introspection_c.so" to ""
[4.728s] -- Installing: /home/nbf2/support/tutorial_interfaces/install/tutorial_interfaces/lib/python3.12/site-packages/tutorial_interfaces/tutorial_interfaces_s__rosidl_typesupport_c.so
[4.728s] -- Set non-toolchain portion of runtime path of "/home/nbf2/support/tutorial_interfaces/install/tutorial_interfaces/lib/python3.12/site-packages/tutorial_interfaces/tutorial_interfaces_s__rosidl_typesupport_c.so" to ""
[4.728s] -- Installing: /home/nbf2/support/tutorial_interfaces/install/tutorial_interfaces/lib/libtutorial_interfaces__rosidl_generator_py.so
[4.728s] -- Set non-toolchain portion of runtime path of "/home/nbf2/support/tutorial_interfaces/install/tutorial_interfaces/lib/libtutorial_interfaces__rosidl_generator_py.so" to ""
[4.728s] -- Installing: /home/nbf2/support/tutorial_interfaces/install/tutorial_interfaces/share/tutorial_interfaces/msg/Num.idl
[4.728s] -- Installing: /home/nbf2/support/tutorial_interfaces/install/tutorial_interfaces/share/tutorial_interfaces/srv/AddThreeInts.idl
[4.729s] -- Installing: /home/nbf2/support/tutorial_interfaces/install/tutorial_interfaces/share/tutorial_interfaces/msg/Num.msg
[4.729s] -- Installing: /home/nbf2/support/tutorial_interfaces/install/tutorial_interfaces/share/tutorial_interfaces/srv/AddThreeInts.srv
[4.729s] -- Installing: /home/nbf2/support/tutorial_interfaces/install/tutorial_interfaces/share/ament_index/resource_index/package_run_dependencies/tutorial_interfaces
[4.729s] -- Up-to-date: /home/nbf2/support/tutorial_interfaces/install/tutorial_interfaces/share/ament_index/resource_index/parent_prefix_path/tutorial_interfaces
[4.729s] -- Up-to-date: /home/nbf2/support/tutorial_interfaces/install/tutorial_interfaces/share/tutorial_interfaces/environment/ament_prefix_path.sh
[4.729s] -- Up-to-date: /home/nbf2/support/tutorial_interfaces/install/tutorial_interfaces/share/tutorial_interfaces/environment/ament_prefix_path.dsv
[4.729s] -- Up-to-date: /home/nbf2/support/tutorial_interfaces/install/tutorial_interfaces/share/tutorial_interfaces/environment/path.sh
[4.730s] -- Up-to-date: /home/nbf2/support/tutorial_interfaces/install/tutorial_interfaces/share/tutorial_interfaces/environment/path.dsv
[4.730s] -- Up-to-date: /home/nbf2/support/tutorial_interfaces/install/tutorial_interfaces/share/tutorial_interfaces/local_setup.bash
[4.730s] -- Installing: /home/nbf2/support/tutorial_interfaces/install/tutorial_interfaces/share/tutorial_interfaces/local_setup.sh
[4.730s] -- Up-to-date: /home/nbf2/support/tutorial_interfaces/install/tutorial_interfaces/share/tutorial_interfaces/local_setup.zsh
[4.730s] -- Installing: /home/nbf2/support/tutorial_interfaces/install/tutorial_interfaces/share/tutorial_interfaces/local_setup.dsv
[4.730s] -- Installing: /home/nbf2/support/tutorial_interfaces/install/tutorial_interfaces/share/tutorial_interfaces/package.dsv
[4.730s] -- Up-to-date: /home/nbf2/support/tutorial_interfaces/install/tutorial_interfaces/share/ament_index/resource_index/packages/tutorial_interfaces
[4.730s] -- Installing: /home/nbf2/support/tutorial_interfaces/install/tutorial_interfaces/share/tutorial_interfaces/cmake/export_tutorial_interfaces__rosidl_generator_cExport.cmake
[4.730s] -- Installing: /home/nbf2/support/tutorial_interfaces/install/tutorial_interfaces/share/tutorial_interfaces/cmake/export_tutorial_interfaces__rosidl_generator_cExport-noconfig.cmake
[4.731s] -- Installing: /home/nbf2/support/tutorial_interfaces/install/tutorial_interfaces/share/tutorial_interfaces/cmake/export_tutorial_interfaces__rosidl_typesupport_fastrtps_cExport.cmake
[4.731s] -- Installing: /home/nbf2/support/tutorial_interfaces/install/tutorial_interfaces/share/tutorial_interfaces/cmake/export_tutorial_interfaces__rosidl_typesupport_fastrtps_cExport-noconfig.cmake
[4.731s] -- Installing: /home/nbf2/support/tutorial_interfaces/install/tutorial_interfaces/share/tutorial_interfaces/cmake/tutorial_interfaces__rosidl_typesupport_introspection_cExport.cmake
[4.731s] -- Installing: /home/nbf2/support/tutorial_interfaces/install/tutorial_interfaces/share/tutorial_interfaces/cmake/tutorial_interfaces__rosidl_typesupport_introspection_cExport-noconfig.cmake
[4.731s] -- Installing: /home/nbf2/support/tutorial_interfaces/install/tutorial_interfaces/share/tutorial_interfaces/cmake/tutorial_interfaces__rosidl_typesupport_cExport.cmake
[4.731s] -- Installing: /home/nbf2/support/tutorial_interfaces/install/tutorial_interfaces/share/tutorial_interfaces/cmake/tutorial_interfaces__rosidl_typesupport_cExport-noconfig.cmake
[4.731s] -- Installing: /home/nbf2/support/tutorial_interfaces/install/tutorial_interfaces/share/tutorial_interfaces/cmake/export_tutorial_interfaces__rosidl_generator_cppExport.cmake
[4.731s] -- Installing: /home/nbf2/support/tutorial_interfaces/install/tutorial_interfaces/share/tutorial_interfaces/cmake/export_tutorial_interfaces__rosidl_typesupport_fastrtps_cppExport.cmake
[4.732s] -- Installing: /home/nbf2/support/tutorial_interfaces/install/tutorial_interfaces/share/tutorial_interfaces/cmake/export_tutorial_interfaces__rosidl_typesupport_fastrtps_cppExport-noconfig.cmake
[4.732s] -- Installing: /home/nbf2/support/tutorial_interfaces/install/tutorial_interfaces/share/tutorial_interfaces/cmake/tutorial_interfaces__rosidl_typesupport_introspection_cppExport.cmake
[4.732s] -- Installing: /home/nbf2/support/tutorial_interfaces/install/tutorial_interfaces/share/tutorial_interfaces/cmake/tutorial_interfaces__rosidl_typesupport_introspection_cppExport-noconfig.cmake
[4.732s] -- Installing: /home/nbf2/support/tutorial_interfaces/install/tutorial_interfaces/share/tutorial_interfaces/cmake/tutorial_interfaces__rosidl_typesupport_cppExport.cmake
[4.732s] -- Installing: /home/nbf2/support/tutorial_interfaces/install/tutorial_interfaces/share/tutorial_interfaces/cmake/tutorial_interfaces__rosidl_typesupport_cppExport-noconfig.cmake
[4.732s] -- Installing: /home/nbf2/support/tutorial_interfaces/install/tutorial_interfaces/share/tutorial_interfaces/cmake/export_tutorial_interfaces__rosidl_generator_pyExport.cmake
[4.732s] -- Installing: /home/nbf2/support/tutorial_interfaces/install/tutorial_interfaces/share/tutorial_interfaces/cmake/export_tutorial_interfaces__rosidl_generator_pyExport-noconfig.cmake
[4.732s] -- Installing: /home/nbf2/support/tutorial_interfaces/install/tutorial_interfaces/share/tutorial_interfaces/cmake/rosidl_cmake-extras.cmake
[4.732s] -- Installing: /home/nbf2/support/tutorial_interfaces/install/tutorial_interfaces/share/tutorial_interfaces/cmake/ament_cmake_export_dependencies-extras.cmake
[4.732s] -- Installing: /home/nbf2/support/tutorial_interfaces/install/tutorial_interfaces/share/tutorial_interfaces/cmake/ament_cmake_export_include_directories-extras.cmake
[4.733s] -- Installing: /home/nbf2/support/tutorial_interfaces/install/tutorial_interfaces/share/tutorial_interfaces/cmake/ament_cmake_export_libraries-extras.cmake
[4.733s] -- Installing: /home/nbf2/support/tutorial_interfaces/install/tutorial_interfaces/share/tutorial_interfaces/cmake/ament_cmake_export_targets-extras.cmake
[4.733s] -- Installing: /home/nbf2/support/tutorial_interfaces/install/tutorial_interfaces/share/tutorial_interfaces/cmake/rosidl_cmake_export_typesupport_targets-extras.cmake
[4.733s] -- Installing: /home/nbf2/support/tutorial_interfaces/install/tutorial_interfaces/share/tutorial_interfaces/cmake/rosidl_cmake_export_typesupport_libraries-extras.cmake
[4.733s] -- Installing: /home/nbf2/support/tutorial_interfaces/install/tutorial_interfaces/share/tutorial_interfaces/cmake/tutorial_interfacesConfig.cmake
[4.734s] -- Up-to-date: /home/nbf2/support/tutorial_interfaces/install/tutorial_interfaces/share/tutorial_interfaces/cmake/tutorial_interfacesConfig-version.cmake
[4.734s] -- Installing: /home/nbf2/support/tutorial_interfaces/install/tutorial_interfaces/share/tutorial_interfaces/package.xml
[4.734s] Invoked command in '/home/nbf2/support/tutorial_interfaces/build/tutorial_interfaces' returned '0': CMAKE_PREFIX_PATH=${CMAKE_PREFIX_PATH}:/home/nbf2/youbot_ws/install/youbot:/home/nbf2/twist_stamper/install/twist_stamper:/opt/ros/rolling DEBUGINFOD_URLS=https://debuginfod.ubuntu.com /usr/bin/cmake --install /home/nbf2/support/tutorial_interfaces/build/tutorial_interfaces
