[0.235s] DEBUG:colcon:Command line arguments: ['/usr/bin/colcon', 'build', '--symlink-install', '--allow-overriding', 'mecanum_drive_controller']
[0.235s] DEBUG:colcon:Parsed command line arguments: Namespace(log_base=None, log_level=None, verb_name='build', build_base='build', install_base='install', merge_install=False, symlink_install=True, test_result_base=None, continue_on_error=False, executor='parallel', parallel_workers=7, event_handlers=None, ignore_user_meta=False, metas=['./colcon.meta'], base_paths=['.'], packages_ignore=None, packages_ignore_regex=None, paths=None, packages_up_to=None, packages_up_to_regex=None, packages_above=None, packages_above_and_dependencies=None, packages_above_depth=None, packages_select_by_dep=None, packages_skip_by_dep=None, packages_skip_up_to=None, packages_select_build_failed=False, packages_skip_build_finished=False, packages_select_test_failures=False, packages_skip_test_passed=False, packages_select=None, packages_skip=None, packages_select_regex=None, packages_skip_regex=None, packages_start=None, packages_end=None, allow_overriding=['mecanum_drive_controller'], cmake_args=None, cmake_target=None, cmake_target_skip_unavailable=False, cmake_clean_cache=False, cmake_clean_first=False, cmake_force_configure=False, ament_cmake_args=None, catkin_cmake_args=None, catkin_skip_building_tests=False, mixin_files=None, mixin=None, verb_parser=<colcon_mixin.mixin.mixin_argument.MixinArgumentDecorator object at 0x73743129e600>, verb_extension=<colcon_core.verb.build.BuildVerb object at 0x7374313c6e40>, main=<bound method BuildVerb.main of <colcon_core.verb.build.BuildVerb object at 0x7374313c6e40>>, mixin_verb=('build',))
[0.284s] Level 1:colcon.colcon_core.package_discovery:discover_packages(colcon_meta) check parameters
[0.284s] Level 1:colcon.colcon_core.package_discovery:discover_packages(recursive) check parameters
[0.284s] Level 1:colcon.colcon_core.package_discovery:discover_packages(ignore) check parameters
[0.284s] Level 1:colcon.colcon_core.package_discovery:discover_packages(path) check parameters
[0.284s] Level 1:colcon.colcon_core.package_discovery:discover_packages(colcon_meta) discover
[0.284s] Level 1:colcon.colcon_core.package_discovery:discover_packages(recursive) discover
[0.284s] INFO:colcon.colcon_core.package_discovery:Crawling recursively for packages in '/home/fabian/yb_support/mecanum_drive_controller'
[0.284s] Level 1:colcon.colcon_core.package_identification:_identify(.) by extensions ['ignore', 'ignore_ament_install']
[0.284s] Level 1:colcon.colcon_core.package_identification:_identify(.) by extension 'ignore'
[0.284s] Level 1:colcon.colcon_core.package_identification:_identify(.) by extension 'ignore_ament_install'
[0.284s] Level 1:colcon.colcon_core.package_identification:_identify(.) by extensions ['colcon_pkg']
[0.284s] Level 1:colcon.colcon_core.package_identification:_identify(.) by extension 'colcon_pkg'
[0.284s] Level 1:colcon.colcon_core.package_identification:_identify(.) by extensions ['colcon_meta']
[0.284s] Level 1:colcon.colcon_core.package_identification:_identify(.) by extension 'colcon_meta'
[0.284s] Level 1:colcon.colcon_core.package_identification:_identify(.) by extensions ['ros']
[0.284s] Level 1:colcon.colcon_core.package_identification:_identify(.) by extension 'ros'
[0.317s] DEBUG:colcon.colcon_core.package_identification:Package '.' with type 'ros.ament_cmake' and name 'mecanum_drive_controller'
[0.317s] Level 1:colcon.colcon_core.package_discovery:discover_packages(recursive) using defaults
[0.317s] Level 1:colcon.colcon_core.package_discovery:discover_packages(ignore) discover
[0.318s] Level 1:colcon.colcon_core.package_discovery:discover_packages(ignore) using defaults
[0.318s] Level 1:colcon.colcon_core.package_discovery:discover_packages(path) discover
[0.318s] Level 1:colcon.colcon_core.package_discovery:discover_packages(path) using defaults
[0.337s] Level 1:colcon.colcon_core.package_discovery:discover_packages(prefix_path) check parameters
[0.337s] Level 1:colcon.colcon_core.package_discovery:discover_packages(prefix_path) discover
[0.340s] DEBUG:colcon.colcon_installed_package_information.package_discovery:Found 1 installed packages in /home/fabian/yb_support/twist_stamper/install
[0.340s] DEBUG:colcon.colcon_installed_package_information.package_discovery:Found 2 installed packages in /home/fabian/ros2_ws/install
[0.341s] DEBUG:colcon.colcon_installed_package_information.package_discovery:Found 1 installed packages in /home/fabian/youbot_ws/install
[0.341s] DEBUG:colcon.colcon_installed_package_information.package_discovery:Found 1 installed packages in /home/fabian/yb_ros_odrive/odrive_ros2_control/install
[0.342s] DEBUG:colcon.colcon_installed_package_information.package_discovery:Found 1 installed packages in /home/fabian/yb_mecanum_drive_controller/install
[0.344s] DEBUG:colcon.colcon_installed_package_information.package_discovery:Found 366 installed packages in /opt/ros/rolling
[0.345s] Level 1:colcon.colcon_core.package_discovery:discover_packages(prefix_path) using defaults
[0.408s] Level 5:colcon.colcon_core.verb:set package 'mecanum_drive_controller' build argument 'cmake_args' from command line to 'None'
[0.408s] Level 5:colcon.colcon_core.verb:set package 'mecanum_drive_controller' build argument 'cmake_target' from command line to 'None'
[0.408s] Level 5:colcon.colcon_core.verb:set package 'mecanum_drive_controller' build argument 'cmake_target_skip_unavailable' from command line to 'False'
[0.408s] Level 5:colcon.colcon_core.verb:set package 'mecanum_drive_controller' build argument 'cmake_clean_cache' from command line to 'False'
[0.408s] Level 5:colcon.colcon_core.verb:set package 'mecanum_drive_controller' build argument 'cmake_clean_first' from command line to 'False'
[0.408s] Level 5:colcon.colcon_core.verb:set package 'mecanum_drive_controller' build argument 'cmake_force_configure' from command line to 'False'
[0.408s] Level 5:colcon.colcon_core.verb:set package 'mecanum_drive_controller' build argument 'ament_cmake_args' from command line to 'None'
[0.408s] Level 5:colcon.colcon_core.verb:set package 'mecanum_drive_controller' build argument 'catkin_cmake_args' from command line to 'None'
[0.408s] Level 5:colcon.colcon_core.verb:set package 'mecanum_drive_controller' build argument 'catkin_skip_building_tests' from command line to 'False'
[0.408s] DEBUG:colcon.colcon_core.verb:Building package 'mecanum_drive_controller' with the following arguments: {'ament_cmake_args': None, 'build_base': '/home/fabian/yb_support/mecanum_drive_controller/build/mecanum_drive_controller', 'catkin_cmake_args': None, 'catkin_skip_building_tests': False, 'cmake_args': None, 'cmake_clean_cache': False, 'cmake_clean_first': False, 'cmake_force_configure': False, 'cmake_target': None, 'cmake_target_skip_unavailable': False, 'install_base': '/home/fabian/yb_support/mecanum_drive_controller/install/mecanum_drive_controller', 'merge_install': False, 'path': '/home/fabian/yb_support/mecanum_drive_controller', 'symlink_install': True, 'test_result_base': None}
[0.408s] INFO:colcon.colcon_core.executor:Executing jobs using 'parallel' executor
[0.409s] DEBUG:colcon.colcon_parallel_executor.executor.parallel:run_until_complete
[0.410s] INFO:colcon.colcon_ros.task.ament_cmake.build:Building ROS package in '/home/fabian/yb_support/mecanum_drive_controller' with build type 'ament_cmake'
[0.410s] INFO:colcon.colcon_cmake.task.cmake.build:Building CMake package in '/home/fabian/yb_support/mecanum_drive_controller'
[0.412s] INFO:colcon.colcon_core.plugin_system:Skipping extension 'colcon_core.shell.bat': Not used on non-Windows systems
[0.412s] INFO:colcon.colcon_core.shell:Skip shell extension 'powershell' for command environment: Not usable outside of PowerShell
[0.413s] DEBUG:colcon.colcon_core.shell:Skip shell extension 'dsv' for command environment
[0.425s] DEBUG:colcon.colcon_core.event_handler.log_command:Invoking command in '/home/fabian/yb_support/mecanum_drive_controller/build/mecanum_drive_controller': CMAKE_PREFIX_PATH=${CMAKE_PREFIX_PATH}:/home/fabian/yb_support/twist_stamper/install/twist_stamper:/home/fabian/youbot_ws/install/youbot:/opt/ros/rolling DEBUGINFOD_URLS=https://debuginfod.ubuntu.com /usr/bin/cmake /home/fabian/yb_support/mecanum_drive_controller -DAMENT_CMAKE_SYMLINK_INSTALL=1 -DCMAKE_INSTALL_PREFIX=/home/fabian/yb_support/mecanum_drive_controller/install/mecanum_drive_controller
[5.258s] DEBUG:colcon.colcon_core.event_handler.log_command:Invoked command in '/home/fabian/yb_support/mecanum_drive_controller/build/mecanum_drive_controller' returned '0': CMAKE_PREFIX_PATH=${CMAKE_PREFIX_PATH}:/home/fabian/yb_support/twist_stamper/install/twist_stamper:/home/fabian/youbot_ws/install/youbot:/opt/ros/rolling DEBUGINFOD_URLS=https://debuginfod.ubuntu.com /usr/bin/cmake /home/fabian/yb_support/mecanum_drive_controller -DAMENT_CMAKE_SYMLINK_INSTALL=1 -DCMAKE_INSTALL_PREFIX=/home/fabian/yb_support/mecanum_drive_controller/install/mecanum_drive_controller
[5.259s] DEBUG:colcon.colcon_core.event_handler.log_command:Invoking command in '/home/fabian/yb_support/mecanum_drive_controller/build/mecanum_drive_controller': CMAKE_PREFIX_PATH=${CMAKE_PREFIX_PATH}:/home/fabian/yb_support/twist_stamper/install/twist_stamper:/home/fabian/youbot_ws/install/youbot:/opt/ros/rolling DEBUGINFOD_URLS=https://debuginfod.ubuntu.com /usr/bin/cmake --build /home/fabian/yb_support/mecanum_drive_controller/build/mecanum_drive_controller -- -j7 -l7
[23.311s] DEBUG:colcon.colcon_core.event_handler.log_command:Invoked command in '/home/fabian/yb_support/mecanum_drive_controller/build/mecanum_drive_controller' returned '0': CMAKE_PREFIX_PATH=${CMAKE_PREFIX_PATH}:/home/fabian/yb_support/twist_stamper/install/twist_stamper:/home/fabian/youbot_ws/install/youbot:/opt/ros/rolling DEBUGINFOD_URLS=https://debuginfod.ubuntu.com /usr/bin/cmake --build /home/fabian/yb_support/mecanum_drive_controller/build/mecanum_drive_controller -- -j7 -l7
[23.326s] DEBUG:colcon.colcon_core.event_handler.log_command:Invoking command in '/home/fabian/yb_support/mecanum_drive_controller/build/mecanum_drive_controller': CMAKE_PREFIX_PATH=${CMAKE_PREFIX_PATH}:/home/fabian/yb_support/twist_stamper/install/twist_stamper:/home/fabian/youbot_ws/install/youbot:/opt/ros/rolling DEBUGINFOD_URLS=https://debuginfod.ubuntu.com /usr/bin/cmake --install /home/fabian/yb_support/mecanum_drive_controller/build/mecanum_drive_controller
[23.728s] Level 1:colcon.colcon_core.environment:create_environment_scripts_only(mecanum_drive_controller)
[23.729s] DEBUG:colcon.colcon_core.event_handler.log_command:Invoked command in '/home/fabian/yb_support/mecanum_drive_controller/build/mecanum_drive_controller' returned '0': CMAKE_PREFIX_PATH=${CMAKE_PREFIX_PATH}:/home/fabian/yb_support/twist_stamper/install/twist_stamper:/home/fabian/youbot_ws/install/youbot:/opt/ros/rolling DEBUGINFOD_URLS=https://debuginfod.ubuntu.com /usr/bin/cmake --install /home/fabian/yb_support/mecanum_drive_controller/build/mecanum_drive_controller
[23.731s] Level 1:colcon.colcon_core.environment:checking '/home/fabian/yb_support/mecanum_drive_controller/install/mecanum_drive_controller' for CMake module files
[23.731s] Level 1:colcon.colcon_core.environment:checking '/home/fabian/yb_support/mecanum_drive_controller/install/mecanum_drive_controller' for CMake config files
[23.732s] Level 1:colcon.colcon_core.shell:create_environment_hook('mecanum_drive_controller', 'cmake_prefix_path')
[23.732s] INFO:colcon.colcon_core.shell:Creating environment hook '/home/fabian/yb_support/mecanum_drive_controller/install/mecanum_drive_controller/share/mecanum_drive_controller/hook/cmake_prefix_path.ps1'
[23.736s] INFO:colcon.colcon_core.shell:Creating environment descriptor '/home/fabian/yb_support/mecanum_drive_controller/install/mecanum_drive_controller/share/mecanum_drive_controller/hook/cmake_prefix_path.dsv'
[23.737s] INFO:colcon.colcon_core.shell:Creating environment hook '/home/fabian/yb_support/mecanum_drive_controller/install/mecanum_drive_controller/share/mecanum_drive_controller/hook/cmake_prefix_path.sh'
[23.738s] Level 1:colcon.colcon_core.environment:checking '/home/fabian/yb_support/mecanum_drive_controller/install/mecanum_drive_controller/lib'
[23.738s] Level 1:colcon.colcon_core.shell:create_environment_hook('mecanum_drive_controller', 'ld_library_path_lib')
[23.738s] INFO:colcon.colcon_core.shell:Creating environment hook '/home/fabian/yb_support/mecanum_drive_controller/install/mecanum_drive_controller/share/mecanum_drive_controller/hook/ld_library_path_lib.ps1'
[23.739s] INFO:colcon.colcon_core.shell:Creating environment descriptor '/home/fabian/yb_support/mecanum_drive_controller/install/mecanum_drive_controller/share/mecanum_drive_controller/hook/ld_library_path_lib.dsv'
[23.739s] INFO:colcon.colcon_core.shell:Creating environment hook '/home/fabian/yb_support/mecanum_drive_controller/install/mecanum_drive_controller/share/mecanum_drive_controller/hook/ld_library_path_lib.sh'
[23.739s] Level 1:colcon.colcon_core.environment:checking '/home/fabian/yb_support/mecanum_drive_controller/install/mecanum_drive_controller/bin'
[23.739s] Level 1:colcon.colcon_core.environment:checking '/home/fabian/yb_support/mecanum_drive_controller/install/mecanum_drive_controller/lib/pkgconfig/mecanum_drive_controller.pc'
[23.740s] Level 1:colcon.colcon_core.environment:checking '/home/fabian/yb_support/mecanum_drive_controller/install/mecanum_drive_controller/lib/python3.12/site-packages'
[23.740s] Level 1:colcon.colcon_core.environment:checking '/home/fabian/yb_support/mecanum_drive_controller/install/mecanum_drive_controller/bin'
[23.740s] INFO:colcon.colcon_core.shell:Creating package script '/home/fabian/yb_support/mecanum_drive_controller/install/mecanum_drive_controller/share/mecanum_drive_controller/package.ps1'
[23.741s] INFO:colcon.colcon_core.shell:Creating package descriptor '/home/fabian/yb_support/mecanum_drive_controller/install/mecanum_drive_controller/share/mecanum_drive_controller/package.dsv'
[23.742s] INFO:colcon.colcon_core.shell:Creating package script '/home/fabian/yb_support/mecanum_drive_controller/install/mecanum_drive_controller/share/mecanum_drive_controller/package.sh'
[23.743s] INFO:colcon.colcon_core.shell:Creating package script '/home/fabian/yb_support/mecanum_drive_controller/install/mecanum_drive_controller/share/mecanum_drive_controller/package.bash'
[23.743s] INFO:colcon.colcon_core.shell:Creating package script '/home/fabian/yb_support/mecanum_drive_controller/install/mecanum_drive_controller/share/mecanum_drive_controller/package.zsh'
[23.744s] Level 1:colcon.colcon_core.environment:create_file_with_runtime_dependencies(/home/fabian/yb_support/mecanum_drive_controller/install/mecanum_drive_controller/share/colcon-core/packages/mecanum_drive_controller)
[23.744s] Level 1:colcon.colcon_core.environment:create_environment_scripts_only(mecanum_drive_controller)
[23.744s] Level 1:colcon.colcon_core.environment:checking '/home/fabian/yb_support/mecanum_drive_controller/install/mecanum_drive_controller' for CMake module files
[23.745s] Level 1:colcon.colcon_core.environment:checking '/home/fabian/yb_support/mecanum_drive_controller/install/mecanum_drive_controller' for CMake config files
[23.745s] Level 1:colcon.colcon_core.shell:create_environment_hook('mecanum_drive_controller', 'cmake_prefix_path')
[23.746s] INFO:colcon.colcon_core.shell:Creating environment hook '/home/fabian/yb_support/mecanum_drive_controller/install/mecanum_drive_controller/share/mecanum_drive_controller/hook/cmake_prefix_path.ps1'
[23.746s] INFO:colcon.colcon_core.shell:Creating environment descriptor '/home/fabian/yb_support/mecanum_drive_controller/install/mecanum_drive_controller/share/mecanum_drive_controller/hook/cmake_prefix_path.dsv'
[23.746s] INFO:colcon.colcon_core.shell:Creating environment hook '/home/fabian/yb_support/mecanum_drive_controller/install/mecanum_drive_controller/share/mecanum_drive_controller/hook/cmake_prefix_path.sh'
[23.747s] Level 1:colcon.colcon_core.environment:checking '/home/fabian/yb_support/mecanum_drive_controller/install/mecanum_drive_controller/lib'
[23.747s] Level 1:colcon.colcon_core.shell:create_environment_hook('mecanum_drive_controller', 'ld_library_path_lib')
[23.747s] INFO:colcon.colcon_core.shell:Creating environment hook '/home/fabian/yb_support/mecanum_drive_controller/install/mecanum_drive_controller/share/mecanum_drive_controller/hook/ld_library_path_lib.ps1'
[23.748s] INFO:colcon.colcon_core.shell:Creating environment descriptor '/home/fabian/yb_support/mecanum_drive_controller/install/mecanum_drive_controller/share/mecanum_drive_controller/hook/ld_library_path_lib.dsv'
[23.748s] INFO:colcon.colcon_core.shell:Creating environment hook '/home/fabian/yb_support/mecanum_drive_controller/install/mecanum_drive_controller/share/mecanum_drive_controller/hook/ld_library_path_lib.sh'
[23.748s] Level 1:colcon.colcon_core.environment:checking '/home/fabian/yb_support/mecanum_drive_controller/install/mecanum_drive_controller/bin'
[23.748s] Level 1:colcon.colcon_core.environment:checking '/home/fabian/yb_support/mecanum_drive_controller/install/mecanum_drive_controller/lib/pkgconfig/mecanum_drive_controller.pc'
[23.749s] Level 1:colcon.colcon_core.environment:checking '/home/fabian/yb_support/mecanum_drive_controller/install/mecanum_drive_controller/lib/python3.12/site-packages'
[23.749s] Level 1:colcon.colcon_core.environment:checking '/home/fabian/yb_support/mecanum_drive_controller/install/mecanum_drive_controller/bin'
[23.749s] INFO:colcon.colcon_core.shell:Creating package script '/home/fabian/yb_support/mecanum_drive_controller/install/mecanum_drive_controller/share/mecanum_drive_controller/package.ps1'
[23.750s] INFO:colcon.colcon_core.shell:Creating package descriptor '/home/fabian/yb_support/mecanum_drive_controller/install/mecanum_drive_controller/share/mecanum_drive_controller/package.dsv'
[23.750s] INFO:colcon.colcon_core.shell:Creating package script '/home/fabian/yb_support/mecanum_drive_controller/install/mecanum_drive_controller/share/mecanum_drive_controller/package.sh'
[23.751s] INFO:colcon.colcon_core.shell:Creating package script '/home/fabian/yb_support/mecanum_drive_controller/install/mecanum_drive_controller/share/mecanum_drive_controller/package.bash'
[23.751s] INFO:colcon.colcon_core.shell:Creating package script '/home/fabian/yb_support/mecanum_drive_controller/install/mecanum_drive_controller/share/mecanum_drive_controller/package.zsh'
[23.751s] Level 1:colcon.colcon_core.environment:create_file_with_runtime_dependencies(/home/fabian/yb_support/mecanum_drive_controller/install/mecanum_drive_controller/share/colcon-core/packages/mecanum_drive_controller)
[23.752s] DEBUG:colcon.colcon_parallel_executor.executor.parallel:closing loop
[23.752s] DEBUG:colcon.colcon_parallel_executor.executor.parallel:loop closed
[23.752s] DEBUG:colcon.colcon_parallel_executor.executor.parallel:run_until_complete finished with '0'
[23.752s] DEBUG:colcon.colcon_core.event_reactor:joining thread
[23.813s] INFO:colcon.colcon_core.plugin_system:Skipping extension 'colcon_notification.desktop_notification.notify_send': Could not find 'notify-send'
[23.813s] INFO:colcon.colcon_core.plugin_system:Skipping extension 'colcon_notification.desktop_notification.terminal_notifier': Not used on non-Darwin systems
[23.813s] INFO:colcon.colcon_core.plugin_system:Skipping extension 'colcon_notification.desktop_notification.win32': Not used on non-Windows systems
[23.813s] INFO:colcon.colcon_notification.desktop_notification:Sending desktop notification using 'notify2'
[23.814s] DEBUG:colcon.colcon_notification.desktop_notification.notify2:Failed to initialize notify2: org.freedesktop.DBus.Error.ServiceUnknown: The name org.freedesktop.Notifications was not provided by any .service files
[23.814s] DEBUG:colcon.colcon_core.event_reactor:joined thread
[23.815s] INFO:colcon.colcon_core.shell:Creating prefix script '/home/fabian/yb_support/mecanum_drive_controller/install/local_setup.ps1'
[23.815s] INFO:colcon.colcon_core.shell:Creating prefix util module '/home/fabian/yb_support/mecanum_drive_controller/install/_local_setup_util_ps1.py'
[23.816s] INFO:colcon.colcon_core.shell:Creating prefix chain script '/home/fabian/yb_support/mecanum_drive_controller/install/setup.ps1'
[23.818s] INFO:colcon.colcon_core.shell:Creating prefix script '/home/fabian/yb_support/mecanum_drive_controller/install/local_setup.sh'
[23.818s] INFO:colcon.colcon_core.shell:Creating prefix util module '/home/fabian/yb_support/mecanum_drive_controller/install/_local_setup_util_sh.py'
[23.819s] INFO:colcon.colcon_core.shell:Creating prefix chain script '/home/fabian/yb_support/mecanum_drive_controller/install/setup.sh'
[23.820s] INFO:colcon.colcon_core.shell:Creating prefix script '/home/fabian/yb_support/mecanum_drive_controller/install/local_setup.bash'
[23.820s] INFO:colcon.colcon_core.shell:Creating prefix chain script '/home/fabian/yb_support/mecanum_drive_controller/install/setup.bash'
[23.822s] INFO:colcon.colcon_core.shell:Creating prefix script '/home/fabian/yb_support/mecanum_drive_controller/install/local_setup.zsh'
[23.822s] INFO:colcon.colcon_core.shell:Creating prefix chain script '/home/fabian/yb_support/mecanum_drive_controller/install/setup.zsh'
