[0.015s] Invoking command in '/home/fabian/yb_support/mecanum_drive_controller/build/mecanum_drive_controller': CMAKE_PREFIX_PATH=${CMAKE_PREFIX_PATH}:/home/fabian/yb_support/twist_stamper/install/twist_stamper:/home/fabian/youbot_ws/install/youbot:/opt/ros/rolling DEBUGINFOD_URLS=https://debuginfod.ubuntu.com /usr/bin/cmake /home/fabian/yb_support/mecanum_drive_controller -DAMENT_CMAKE_SYMLINK_INSTALL=1 -DCMAKE_INSTALL_PREFIX=/home/fabian/yb_support/mecanum_drive_controller/install/mecanum_drive_controller
[0.237s] -- The CXX compiler identification is GNU 13.3.0
[1.156s] -- Detecting CXX compiler ABI info
[1.574s] -- Detecting CXX compiler ABI info - done
[1.584s] -- Check for working CXX compiler: /usr/bin/c++ - skipped
[1.585s] -- Detecting CXX compile features
[1.586s] -- Detecting CXX compile features - done
[1.626s] -- Found ament_cmake: 2.7.2 (/opt/ros/rolling/share/ament_cmake/cmake)
[1.863s] -- Found Python3: /usr/bin/python3 (found version "3.12.3") found components: Interpreter 
[1.975s] -- Override CMake install command with custom implementation using symlinks instead of copying resources
[2.119s] -- Found controller_interface: 4.27.0 (/opt/ros/rolling/share/controller_interface/cmake)
[2.466s] -- Found rosidl_generator_c: 4.9.3 (/opt/ros/rolling/share/rosidl_generator_c/cmake)
[2.503s] -- Found rosidl_generator_cpp: 4.9.3 (/opt/ros/rolling/share/rosidl_generator_cpp/cmake)
[2.552s] -- Using all available rosidl_typesupport_c: rosidl_typesupport_fastrtps_c;rosidl_typesupport_introspection_c
[2.600s] -- Using all available rosidl_typesupport_cpp: rosidl_typesupport_fastrtps_cpp;rosidl_typesupport_introspection_cpp
[3.058s] -- Found TinyXML2 via Config file: /usr/lib/x86_64-linux-gnu/cmake/tinyxml2
[3.191s] -- Found rmw_implementation_cmake: 7.8.1 (/opt/ros/rolling/share/rmw_implementation_cmake/cmake)
[3.202s] -- Found rmw_fastrtps_cpp: 9.3.1 (/opt/ros/rolling/share/rmw_fastrtps_cpp/cmake)
[3.308s] -- Found TinyXML2 via Config file: /usr/lib/x86_64-linux-gnu/cmake/tinyxml2
[3.411s] -- Found OpenSSL: /usr/lib/x86_64-linux-gnu/libcrypto.so (found version "3.0.13")  
[3.419s] -- Found TinyXML2 via Config file: /usr/lib/x86_64-linux-gnu/cmake/tinyxml2
[3.428s] -- Using RMW implementation 'rmw_fastrtps_cpp' as default
[4.314s] -- Found generate_parameter_library: 0.4.0 (/opt/ros/rolling/share/generate_parameter_library/cmake)
[4.329s] -- Found parameter_traits: 0.4.0 (/opt/ros/rolling/share/parameter_traits/cmake)
[4.379s] -- Found nav_msgs: 5.5.0 (/opt/ros/rolling/share/nav_msgs/cmake)
[4.430s] -- Found tf2: 0.40.1 (/opt/ros/rolling/share/tf2/cmake)
[4.443s] -- Found tf2_msgs: 0.40.1 (/opt/ros/rolling/share/tf2_msgs/cmake)
[4.496s] -- Found ament_cmake_gmock: 2.7.2 (/opt/ros/rolling/share/ament_cmake_gmock/cmake)
[4.506s] -- Found controller_manager: 4.27.0 (/opt/ros/rolling/share/controller_manager/cmake)
[4.630s] -- Found ros2_control_test_assets: 4.27.0 (/opt/ros/rolling/share/ros2_control_test_assets/cmake)
[4.751s] -- Configuring done (4.7s)
[4.827s] -- Generating done (0.1s)
[4.834s] -- Build files have been written to: /home/fabian/yb_support/mecanum_drive_controller/build/mecanum_drive_controller
[4.848s] Invoked command in '/home/fabian/yb_support/mecanum_drive_controller/build/mecanum_drive_controller' returned '0': CMAKE_PREFIX_PATH=${CMAKE_PREFIX_PATH}:/home/fabian/yb_support/twist_stamper/install/twist_stamper:/home/fabian/youbot_ws/install/youbot:/opt/ros/rolling DEBUGINFOD_URLS=https://debuginfod.ubuntu.com /usr/bin/cmake /home/fabian/yb_support/mecanum_drive_controller -DAMENT_CMAKE_SYMLINK_INSTALL=1 -DCMAKE_INSTALL_PREFIX=/home/fabian/yb_support/mecanum_drive_controller/install/mecanum_drive_controller
[4.849s] Invoking command in '/home/fabian/yb_support/mecanum_drive_controller/build/mecanum_drive_controller': CMAKE_PREFIX_PATH=${CMAKE_PREFIX_PATH}:/home/fabian/yb_support/twist_stamper/install/twist_stamper:/home/fabian/youbot_ws/install/youbot:/opt/ros/rolling DEBUGINFOD_URLS=https://debuginfod.ubuntu.com /usr/bin/cmake --build /home/fabian/yb_support/mecanum_drive_controller/build/mecanum_drive_controller -- -j7 -l7
[4.930s] [ 16%] [34m[1mRunning `/opt/ros/rolling/bin/generate_parameter_library_cpp /home/fabian/yb_support/mecanum_drive_controller/build/mecanum_drive_controller/include/mecanum_drive_controller/mecanum_drive_controller_parameters.hpp /home/fabian/yb_support/mecanum_drive_controller/src/mecanum_drive_controller_parameter.yaml `[0m
[6.423s] [ 33%] [34m[1mCreating deprecated header file /home/fabian/yb_support/mecanum_drive_controller/build/mecanum_drive_controller/include/mecanum_drive_controller_parameters.hpp[0m
[6.496s] [ 33%] Built target mecanum_drive_controller_parameters
[6.530s] [ 50%] [32mBuilding CXX object CMakeFiles/mecanum_drive_controller.dir/src/mecanum_drive_controller.cpp.o[0m
[6.532s] [ 66%] [32mBuilding CXX object CMakeFiles/mecanum_drive_controller.dir/src/speed_limiter.cpp.o[0m
[6.533s] [ 83%] [32mBuilding CXX object CMakeFiles/mecanum_drive_controller.dir/src/odometry.cpp.o[0m
[21.567s] [100%] [32m[1mLinking CXX shared library libmecanum_drive_controller.so[0m
[22.883s] [100%] Built target mecanum_drive_controller
[22.900s] Invoked command in '/home/fabian/yb_support/mecanum_drive_controller/build/mecanum_drive_controller' returned '0': CMAKE_PREFIX_PATH=${CMAKE_PREFIX_PATH}:/home/fabian/yb_support/twist_stamper/install/twist_stamper:/home/fabian/youbot_ws/install/youbot:/opt/ros/rolling DEBUGINFOD_URLS=https://debuginfod.ubuntu.com /usr/bin/cmake --build /home/fabian/yb_support/mecanum_drive_controller/build/mecanum_drive_controller -- -j7 -l7
[22.915s] Invoking command in '/home/fabian/yb_support/mecanum_drive_controller/build/mecanum_drive_controller': CMAKE_PREFIX_PATH=${CMAKE_PREFIX_PATH}:/home/fabian/yb_support/twist_stamper/install/twist_stamper:/home/fabian/youbot_ws/install/youbot:/opt/ros/rolling DEBUGINFOD_URLS=https://debuginfod.ubuntu.com /usr/bin/cmake --install /home/fabian/yb_support/mecanum_drive_controller/build/mecanum_drive_controller
[22.927s] -- Install configuration: ""
[22.928s] -- Execute custom install script
[22.929s] -- Symlinking: /home/fabian/yb_support/mecanum_drive_controller/install/mecanum_drive_controller/include/mecanum_drive_controller/mecanum_drive_controller_parameters.hpp
[22.944s] -- Symlinking: /home/fabian/yb_support/mecanum_drive_controller/install/mecanum_drive_controller/share/mecanum_drive_controller//mecanum_drive_plugin.xml
[22.958s] -- Symlinking: /home/fabian/yb_support/mecanum_drive_controller/install/mecanum_drive_controller/include/mecanum_drive_controller/mecanum_drive_controller/mecanum_drive_controller.hpp
[22.973s] -- Symlinking: /home/fabian/yb_support/mecanum_drive_controller/install/mecanum_drive_controller/include/mecanum_drive_controller/mecanum_drive_controller/odometry.hpp
[22.987s] -- Symlinking: /home/fabian/yb_support/mecanum_drive_controller/install/mecanum_drive_controller/include/mecanum_drive_controller/mecanum_drive_controller/speed_limiter.hpp
[23.001s] -- Symlinking: /home/fabian/yb_support/mecanum_drive_controller/install/mecanum_drive_controller/include/mecanum_drive_controller/mecanum_drive_controller/visibility_control.h
[23.016s] -- Symlinking: /home/fabian/yb_support/mecanum_drive_controller/install/mecanum_drive_controller/share/mecanum_drive_controller/environment/library_path.sh
[23.031s] -- Symlinking: /home/fabian/yb_support/mecanum_drive_controller/install/mecanum_drive_controller/share/mecanum_drive_controller/environment/library_path.dsv
[23.046s] -- Symlinking: /home/fabian/yb_support/mecanum_drive_controller/install/mecanum_drive_controller/share/ament_index/resource_index/package_run_dependencies/mecanum_drive_controller
[23.060s] -- Symlinking: /home/fabian/yb_support/mecanum_drive_controller/install/mecanum_drive_controller/share/ament_index/resource_index/parent_prefix_path/mecanum_drive_controller
[23.074s] -- Symlinking: /home/fabian/yb_support/mecanum_drive_controller/install/mecanum_drive_controller/share/mecanum_drive_controller/environment/ament_prefix_path.sh
[23.089s] -- Symlinking: /home/fabian/yb_support/mecanum_drive_controller/install/mecanum_drive_controller/share/mecanum_drive_controller/environment/ament_prefix_path.dsv
[23.103s] -- Symlinking: /home/fabian/yb_support/mecanum_drive_controller/install/mecanum_drive_controller/share/mecanum_drive_controller/environment/path.sh
[23.118s] -- Symlinking: /home/fabian/yb_support/mecanum_drive_controller/install/mecanum_drive_controller/share/mecanum_drive_controller/environment/path.dsv
[23.132s] -- Symlinking: /home/fabian/yb_support/mecanum_drive_controller/install/mecanum_drive_controller/share/mecanum_drive_controller/local_setup.bash
[23.147s] -- Symlinking: /home/fabian/yb_support/mecanum_drive_controller/install/mecanum_drive_controller/share/mecanum_drive_controller/local_setup.sh
[23.161s] -- Symlinking: /home/fabian/yb_support/mecanum_drive_controller/install/mecanum_drive_controller/share/mecanum_drive_controller/local_setup.zsh
[23.175s] -- Symlinking: /home/fabian/yb_support/mecanum_drive_controller/install/mecanum_drive_controller/share/mecanum_drive_controller/local_setup.dsv
[23.190s] -- Symlinking: /home/fabian/yb_support/mecanum_drive_controller/install/mecanum_drive_controller/share/mecanum_drive_controller/package.dsv
[23.205s] -- Symlinking: /home/fabian/yb_support/mecanum_drive_controller/install/mecanum_drive_controller/share/ament_index/resource_index/packages/mecanum_drive_controller
[23.220s] -- Symlinking: /home/fabian/yb_support/mecanum_drive_controller/install/mecanum_drive_controller/share/ament_index/resource_index/controller_interface__pluginlib__plugin/mecanum_drive_controller
[23.235s] -- Symlinking: /home/fabian/yb_support/mecanum_drive_controller/install/mecanum_drive_controller/share/mecanum_drive_controller/cmake/ament_cmake_export_dependencies-extras.cmake
[23.249s] -- Symlinking: /home/fabian/yb_support/mecanum_drive_controller/install/mecanum_drive_controller/share/mecanum_drive_controller/cmake/ament_cmake_export_targets-extras.cmake
[23.264s] -- Symlinking: /home/fabian/yb_support/mecanum_drive_controller/install/mecanum_drive_controller/share/mecanum_drive_controller/cmake/mecanum_drive_controllerConfig.cmake
[23.278s] -- Symlinking: /home/fabian/yb_support/mecanum_drive_controller/install/mecanum_drive_controller/share/mecanum_drive_controller/cmake/mecanum_drive_controllerConfig-version.cmake
[23.292s] -- Symlinking: /home/fabian/yb_support/mecanum_drive_controller/install/mecanum_drive_controller/share/mecanum_drive_controller/package.xml
[23.307s] -- Installing: /home/fabian/yb_support/mecanum_drive_controller/install/mecanum_drive_controller/lib/libmecanum_drive_controller.so
[23.315s] -- Set non-toolchain portion of runtime path of "/home/fabian/yb_support/mecanum_drive_controller/install/mecanum_drive_controller/lib/libmecanum_drive_controller.so" to ""
[23.316s] -- Installing: /home/fabian/yb_support/mecanum_drive_controller/install/mecanum_drive_controller/share/mecanum_drive_controller/cmake/export_mecanum_drive_controllerExport.cmake
[23.316s] -- Installing: /home/fabian/yb_support/mecanum_drive_controller/install/mecanum_drive_controller/share/mecanum_drive_controller/cmake/export_mecanum_drive_controllerExport-noconfig.cmake
[23.318s] Invoked command in '/home/fabian/yb_support/mecanum_drive_controller/build/mecanum_drive_controller' returned '0': CMAKE_PREFIX_PATH=${CMAKE_PREFIX_PATH}:/home/fabian/yb_support/twist_stamper/install/twist_stamper:/home/fabian/youbot_ws/install/youbot:/opt/ros/rolling DEBUGINFOD_URLS=https://debuginfod.ubuntu.com /usr/bin/cmake --install /home/fabian/yb_support/mecanum_drive_controller/build/mecanum_drive_controller
