[0.009s] Invoking command in '/home/nbf2/support/tutorial_interfaces/build/tutorial_interfaces': CMAKE_PREFIX_PATH=${CMAKE_PREFIX_PATH}:/home/nbf2/youbot_ws/install/youbot:/home/nbf2/twist_stamper/install/twist_stamper:/opt/ros/rolling DEBUGINFOD_URLS=https://debuginfod.ubuntu.com /usr/bin/cmake /home/nbf2/support/tutorial_interfaces -DCMAKE_INSTALL_PREFIX=/home/nbf2/support/tutorial_interfaces/install/tutorial_interfaces
[0.101s] -- The C compiler identification is GNU 13.3.0
[0.182s] -- The CXX compiler identification is GNU 13.3.0
[0.208s] -- Detecting C compiler ABI info
[0.323s] -- Detecting C compiler ABI info - done
[0.337s] -- Check for working C compiler: /usr/bin/cc - skipped
[0.338s] -- Detecting C compile features
[0.339s] -- Detecting C compile features - done
[0.353s] -- Detecting CXX compiler ABI info
[0.474s] -- Detecting CXX compiler ABI info - done
[0.483s] -- Check for working CXX compiler: /usr/bin/c++ - skipped
[0.483s] -- Detecting CXX compile features
[0.484s] -- Detecting CXX compile features - done
[0.491s] -- Found ament_cmake: 2.8.2 (/opt/ros/rolling/share/ament_cmake/cmake)
[0.639s] -- Found Python3: /usr/bin/python3 (found version "3.12.3") found components: Interpreter 
[0.752s] -- Found ament_lint_auto: 0.20.0 (/opt/ros/rolling/share/ament_lint_auto/cmake)
[0.838s] -- Added test 'cppcheck' to perform static code analysis on C / C++ code
[0.838s] -- Configured cppcheck include dirs: 
[0.838s] -- Configured cppcheck exclude dirs and/or files: 
[0.840s] -- Added test 'lint_cmake' to check CMake code style
[0.843s] -- Added test 'uncrustify' to check C / C++ code style
[0.843s] -- Configured uncrustify additional arguments: 
[0.844s] -- Added test 'xmllint' to check XML markup files
[0.845s] -- Configuring done (0.8s)
[0.847s] -- Generating done (0.0s)
[0.848s] -- Build files have been written to: /home/nbf2/support/tutorial_interfaces/build/tutorial_interfaces
[0.853s] Invoked command in '/home/nbf2/support/tutorial_interfaces/build/tutorial_interfaces' returned '0': CMAKE_PREFIX_PATH=${CMAKE_PREFIX_PATH}:/home/nbf2/youbot_ws/install/youbot:/home/nbf2/twist_stamper/install/twist_stamper:/opt/ros/rolling DEBUGINFOD_URLS=https://debuginfod.ubuntu.com /usr/bin/cmake /home/nbf2/support/tutorial_interfaces -DCMAKE_INSTALL_PREFIX=/home/nbf2/support/tutorial_interfaces/install/tutorial_interfaces
[0.853s] Invoking command in '/home/nbf2/support/tutorial_interfaces/build/tutorial_interfaces': CMAKE_PREFIX_PATH=${CMAKE_PREFIX_PATH}:/home/nbf2/youbot_ws/install/youbot:/home/nbf2/twist_stamper/install/twist_stamper:/opt/ros/rolling DEBUGINFOD_URLS=https://debuginfod.ubuntu.com /usr/bin/cmake --build /home/nbf2/support/tutorial_interfaces/build/tutorial_interfaces -- -j12 -l12
[0.903s] Invoked command in '/home/nbf2/support/tutorial_interfaces/build/tutorial_interfaces' returned '0': CMAKE_PREFIX_PATH=${CMAKE_PREFIX_PATH}:/home/nbf2/youbot_ws/install/youbot:/home/nbf2/twist_stamper/install/twist_stamper:/opt/ros/rolling DEBUGINFOD_URLS=https://debuginfod.ubuntu.com /usr/bin/cmake --build /home/nbf2/support/tutorial_interfaces/build/tutorial_interfaces -- -j12 -l12
[0.913s] Invoking command in '/home/nbf2/support/tutorial_interfaces/build/tutorial_interfaces': CMAKE_PREFIX_PATH=${CMAKE_PREFIX_PATH}:/home/nbf2/youbot_ws/install/youbot:/home/nbf2/twist_stamper/install/twist_stamper:/opt/ros/rolling DEBUGINFOD_URLS=https://debuginfod.ubuntu.com /usr/bin/cmake --install /home/nbf2/support/tutorial_interfaces/build/tutorial_interfaces
[0.919s] -- Install configuration: ""
[0.919s] -- Installing: /home/nbf2/support/tutorial_interfaces/install/tutorial_interfaces/share/ament_index/resource_index/package_run_dependencies/tutorial_interfaces
[0.920s] -- Installing: /home/nbf2/support/tutorial_interfaces/install/tutorial_interfaces/share/ament_index/resource_index/parent_prefix_path/tutorial_interfaces
[0.920s] -- Installing: /home/nbf2/support/tutorial_interfaces/install/tutorial_interfaces/share/tutorial_interfaces/environment/ament_prefix_path.sh
[0.920s] -- Installing: /home/nbf2/support/tutorial_interfaces/install/tutorial_interfaces/share/tutorial_interfaces/environment/ament_prefix_path.dsv
[0.920s] -- Installing: /home/nbf2/support/tutorial_interfaces/install/tutorial_interfaces/share/tutorial_interfaces/environment/path.sh
[0.920s] -- Installing: /home/nbf2/support/tutorial_interfaces/install/tutorial_interfaces/share/tutorial_interfaces/environment/path.dsv
[0.921s] -- Installing: /home/nbf2/support/tutorial_interfaces/install/tutorial_interfaces/share/tutorial_interfaces/local_setup.bash
[0.921s] -- Installing: /home/nbf2/support/tutorial_interfaces/install/tutorial_interfaces/share/tutorial_interfaces/local_setup.sh
[0.921s] -- Installing: /home/nbf2/support/tutorial_interfaces/install/tutorial_interfaces/share/tutorial_interfaces/local_setup.zsh
[0.921s] -- Installing: /home/nbf2/support/tutorial_interfaces/install/tutorial_interfaces/share/tutorial_interfaces/local_setup.dsv
[0.921s] -- Installing: /home/nbf2/support/tutorial_interfaces/install/tutorial_interfaces/share/tutorial_interfaces/package.dsv
[0.921s] -- Installing: /home/nbf2/support/tutorial_interfaces/install/tutorial_interfaces/share/ament_index/resource_index/packages/tutorial_interfaces
[0.922s] -- Installing: /home/nbf2/support/tutorial_interfaces/install/tutorial_interfaces/share/tutorial_interfaces/cmake/tutorial_interfacesConfig.cmake
[0.922s] -- Installing: /home/nbf2/support/tutorial_interfaces/install/tutorial_interfaces/share/tutorial_interfaces/cmake/tutorial_interfacesConfig-version.cmake
[0.922s] -- Installing: /home/nbf2/support/tutorial_interfaces/install/tutorial_interfaces/share/tutorial_interfaces/package.xml
[0.924s] Invoked command in '/home/nbf2/support/tutorial_interfaces/build/tutorial_interfaces' returned '0': CMAKE_PREFIX_PATH=${CMAKE_PREFIX_PATH}:/home/nbf2/youbot_ws/install/youbot:/home/nbf2/twist_stamper/install/twist_stamper:/opt/ros/rolling DEBUGINFOD_URLS=https://debuginfod.ubuntu.com /usr/bin/cmake --install /home/nbf2/support/tutorial_interfaces/build/tutorial_interfaces
