[1.059s] DEBUG:colcon:Command line arguments: ['/usr/bin/colcon', 'build', '--symlink-install']
[1.059s] DEBUG:colcon:Parsed command line arguments: Namespace(log_base=None, log_level=None, verb_name='build', build_base='build', install_base='install', merge_install=False, symlink_install=True, test_result_base=None, continue_on_error=False, executor='parallel', parallel_workers=7, event_handlers=None, ignore_user_meta=False, metas=['./colcon.meta'], base_paths=['.'], packages_ignore=None, packages_ignore_regex=None, paths=None, packages_up_to=None, packages_up_to_regex=None, packages_above=None, packages_above_and_dependencies=None, packages_above_depth=None, packages_select_by_dep=None, packages_skip_by_dep=None, packages_skip_up_to=None, packages_select_build_failed=False, packages_skip_build_finished=False, packages_select_test_failures=False, packages_skip_test_passed=False, packages_select=None, packages_skip=None, packages_select_regex=None, packages_skip_regex=None, packages_start=None, packages_end=None, allow_overriding=[], cmake_args=None, cmake_target=None, cmake_target_skip_unavailable=False, cmake_clean_cache=False, cmake_clean_first=False, cmake_force_configure=False, ament_cmake_args=None, catkin_cmake_args=None, catkin_skip_building_tests=False, mixin_files=None, mixin=None, verb_parser=<colcon_mixin.mixin.mixin_argument.MixinArgumentDecorator object at 0x7f5f17872a80>, verb_extension=<colcon_core.verb.build.BuildVerb object at 0x7f5f179bee40>, main=<bound method BuildVerb.main of <colcon_core.verb.build.BuildVerb object at 0x7f5f179bee40>>, mixin_verb=('build',))
[1.150s] Level 1:colcon.colcon_core.package_discovery:discover_packages(colcon_meta) check parameters
[1.150s] Level 1:colcon.colcon_core.package_discovery:discover_packages(recursive) check parameters
[1.151s] Level 1:colcon.colcon_core.package_discovery:discover_packages(ignore) check parameters
[1.151s] Level 1:colcon.colcon_core.package_discovery:discover_packages(path) check parameters
[1.151s] Level 1:colcon.colcon_core.package_discovery:discover_packages(colcon_meta) discover
[1.151s] Level 1:colcon.colcon_core.package_discovery:discover_packages(recursive) discover
[1.151s] INFO:colcon.colcon_core.package_discovery:Crawling recursively for packages in '/home/fabian/yb_support/unilidar_sdk2'
[1.151s] Level 1:colcon.colcon_core.package_identification:_identify(.) by extensions ['ignore', 'ignore_ament_install']
[1.151s] Level 1:colcon.colcon_core.package_identification:_identify(.) by extension 'ignore'
[1.152s] Level 1:colcon.colcon_core.package_identification:_identify(.) by extension 'ignore_ament_install'
[1.152s] Level 1:colcon.colcon_core.package_identification:_identify(.) by extensions ['colcon_pkg']
[1.152s] Level 1:colcon.colcon_core.package_identification:_identify(.) by extension 'colcon_pkg'
[1.152s] Level 1:colcon.colcon_core.package_identification:_identify(.) by extensions ['colcon_meta']
[1.152s] Level 1:colcon.colcon_core.package_identification:_identify(.) by extension 'colcon_meta'
[1.152s] Level 1:colcon.colcon_core.package_identification:_identify(.) by extensions ['ros']
[1.152s] Level 1:colcon.colcon_core.package_identification:_identify(.) by extension 'ros'
[1.221s] Level 1:colcon.colcon_core.package_identification:_identify(.) by extensions ['cmake', 'python']
[1.221s] Level 1:colcon.colcon_core.package_identification:_identify(.) by extension 'cmake'
[1.221s] Level 1:colcon.colcon_core.package_identification:_identify(.) by extension 'python'
[1.221s] Level 1:colcon.colcon_core.package_identification:_identify(.) by extensions ['python_setup_py']
[1.221s] Level 1:colcon.colcon_core.package_identification:_identify(.) by extension 'python_setup_py'
[1.221s] Level 1:colcon.colcon_core.package_identification:_identify(build) by extensions ['ignore', 'ignore_ament_install']
[1.221s] Level 1:colcon.colcon_core.package_identification:_identify(build) by extension 'ignore'
[1.221s] Level 1:colcon.colcon_core.package_identification:_identify(build) ignored
[1.222s] Level 1:colcon.colcon_core.package_identification:_identify(docs) by extensions ['ignore', 'ignore_ament_install']
[1.223s] Level 1:colcon.colcon_core.package_identification:_identify(docs) by extension 'ignore'
[1.223s] Level 1:colcon.colcon_core.package_identification:_identify(docs) by extension 'ignore_ament_install'
[1.223s] Level 1:colcon.colcon_core.package_identification:_identify(docs) by extensions ['colcon_pkg']
[1.223s] Level 1:colcon.colcon_core.package_identification:_identify(docs) by extension 'colcon_pkg'
[1.223s] Level 1:colcon.colcon_core.package_identification:_identify(docs) by extensions ['colcon_meta']
[1.223s] Level 1:colcon.colcon_core.package_identification:_identify(docs) by extension 'colcon_meta'
[1.223s] Level 1:colcon.colcon_core.package_identification:_identify(docs) by extensions ['ros']
[1.223s] Level 1:colcon.colcon_core.package_identification:_identify(docs) by extension 'ros'
[1.223s] Level 1:colcon.colcon_core.package_identification:_identify(docs) by extensions ['cmake', 'python']
[1.223s] Level 1:colcon.colcon_core.package_identification:_identify(docs) by extension 'cmake'
[1.224s] Level 1:colcon.colcon_core.package_identification:_identify(docs) by extension 'python'
[1.224s] Level 1:colcon.colcon_core.package_identification:_identify(docs) by extensions ['python_setup_py']
[1.224s] Level 1:colcon.colcon_core.package_identification:_identify(docs) by extension 'python_setup_py'
[1.224s] Level 1:colcon.colcon_core.package_identification:_identify(install) by extensions ['ignore', 'ignore_ament_install']
[1.224s] Level 1:colcon.colcon_core.package_identification:_identify(install) by extension 'ignore'
[1.224s] Level 1:colcon.colcon_core.package_identification:_identify(install) ignored
[1.224s] Level 1:colcon.colcon_core.package_identification:_identify(log) by extensions ['ignore', 'ignore_ament_install']
[1.224s] Level 1:colcon.colcon_core.package_identification:_identify(log) by extension 'ignore'
[1.224s] Level 1:colcon.colcon_core.package_identification:_identify(log) ignored
[1.225s] Level 1:colcon.colcon_core.package_identification:_identify(unitree_lidar_ros) by extensions ['ignore', 'ignore_ament_install']
[1.226s] Level 1:colcon.colcon_core.package_identification:_identify(unitree_lidar_ros) by extension 'ignore'
[1.226s] Level 1:colcon.colcon_core.package_identification:_identify(unitree_lidar_ros) by extension 'ignore_ament_install'
[1.226s] Level 1:colcon.colcon_core.package_identification:_identify(unitree_lidar_ros) by extensions ['colcon_pkg']
[1.226s] Level 1:colcon.colcon_core.package_identification:_identify(unitree_lidar_ros) by extension 'colcon_pkg'
[1.226s] Level 1:colcon.colcon_core.package_identification:_identify(unitree_lidar_ros) by extensions ['colcon_meta']
[1.226s] Level 1:colcon.colcon_core.package_identification:_identify(unitree_lidar_ros) by extension 'colcon_meta'
[1.226s] Level 1:colcon.colcon_core.package_identification:_identify(unitree_lidar_ros) by extensions ['ros']
[1.226s] Level 1:colcon.colcon_core.package_identification:_identify(unitree_lidar_ros) by extension 'ros'
[1.226s] Level 1:colcon.colcon_core.package_identification:_identify(unitree_lidar_ros) by extensions ['cmake', 'python']
[1.226s] Level 1:colcon.colcon_core.package_identification:_identify(unitree_lidar_ros) by extension 'cmake'
[1.226s] Level 1:colcon.colcon_core.package_identification:_identify(unitree_lidar_ros) by extension 'python'
[1.226s] Level 1:colcon.colcon_core.package_identification:_identify(unitree_lidar_ros) by extensions ['python_setup_py']
[1.226s] Level 1:colcon.colcon_core.package_identification:_identify(unitree_lidar_ros) by extension 'python_setup_py'
[1.227s] Level 1:colcon.colcon_core.package_identification:_identify(unitree_lidar_ros/src) by extensions ['ignore', 'ignore_ament_install']
[1.228s] Level 1:colcon.colcon_core.package_identification:_identify(unitree_lidar_ros/src) by extension 'ignore'
[1.228s] Level 1:colcon.colcon_core.package_identification:_identify(unitree_lidar_ros/src) by extension 'ignore_ament_install'
[1.228s] Level 1:colcon.colcon_core.package_identification:_identify(unitree_lidar_ros/src) by extensions ['colcon_pkg']
[1.228s] Level 1:colcon.colcon_core.package_identification:_identify(unitree_lidar_ros/src) by extension 'colcon_pkg'
[1.228s] Level 1:colcon.colcon_core.package_identification:_identify(unitree_lidar_ros/src) by extensions ['colcon_meta']
[1.228s] Level 1:colcon.colcon_core.package_identification:_identify(unitree_lidar_ros/src) by extension 'colcon_meta'
[1.228s] Level 1:colcon.colcon_core.package_identification:_identify(unitree_lidar_ros/src) by extensions ['ros']
[1.228s] Level 1:colcon.colcon_core.package_identification:_identify(unitree_lidar_ros/src) by extension 'ros'
[1.228s] Level 1:colcon.colcon_core.package_identification:_identify(unitree_lidar_ros/src) by extensions ['cmake', 'python']
[1.228s] Level 1:colcon.colcon_core.package_identification:_identify(unitree_lidar_ros/src) by extension 'cmake'
[1.228s] Level 1:colcon.colcon_core.package_identification:_identify(unitree_lidar_ros/src) by extension 'python'
[1.228s] Level 1:colcon.colcon_core.package_identification:_identify(unitree_lidar_ros/src) by extensions ['python_setup_py']
[1.228s] Level 1:colcon.colcon_core.package_identification:_identify(unitree_lidar_ros/src) by extension 'python_setup_py'
[1.229s] Level 1:colcon.colcon_core.package_identification:_identify(unitree_lidar_ros/src/unitree_lidar_ros) by extensions ['ignore', 'ignore_ament_install']
[1.229s] Level 1:colcon.colcon_core.package_identification:_identify(unitree_lidar_ros/src/unitree_lidar_ros) by extension 'ignore'
[1.229s] Level 1:colcon.colcon_core.package_identification:_identify(unitree_lidar_ros/src/unitree_lidar_ros) by extension 'ignore_ament_install'
[1.230s] Level 1:colcon.colcon_core.package_identification:_identify(unitree_lidar_ros/src/unitree_lidar_ros) by extensions ['colcon_pkg']
[1.230s] Level 1:colcon.colcon_core.package_identification:_identify(unitree_lidar_ros/src/unitree_lidar_ros) by extension 'colcon_pkg'
[1.230s] Level 1:colcon.colcon_core.package_identification:_identify(unitree_lidar_ros/src/unitree_lidar_ros) by extensions ['colcon_meta']
[1.230s] Level 1:colcon.colcon_core.package_identification:_identify(unitree_lidar_ros/src/unitree_lidar_ros) by extension 'colcon_meta'
[1.230s] Level 1:colcon.colcon_core.package_identification:_identify(unitree_lidar_ros/src/unitree_lidar_ros) by extensions ['ros']
[1.230s] Level 1:colcon.colcon_core.package_identification:_identify(unitree_lidar_ros/src/unitree_lidar_ros) by extension 'ros'
[1.237s] DEBUG:colcon.colcon_core.package_identification:Package 'unitree_lidar_ros/src/unitree_lidar_ros' with type 'ros.catkin' and name 'unitree_lidar_ros'
[1.237s] Level 1:colcon.colcon_core.package_identification:_identify(unitree_lidar_ros2) by extensions ['ignore', 'ignore_ament_install']
[1.238s] Level 1:colcon.colcon_core.package_identification:_identify(unitree_lidar_ros2) by extension 'ignore'
[1.238s] Level 1:colcon.colcon_core.package_identification:_identify(unitree_lidar_ros2) by extension 'ignore_ament_install'
[1.238s] Level 1:colcon.colcon_core.package_identification:_identify(unitree_lidar_ros2) by extensions ['colcon_pkg']
[1.238s] Level 1:colcon.colcon_core.package_identification:_identify(unitree_lidar_ros2) by extension 'colcon_pkg'
[1.238s] Level 1:colcon.colcon_core.package_identification:_identify(unitree_lidar_ros2) by extensions ['colcon_meta']
[1.238s] Level 1:colcon.colcon_core.package_identification:_identify(unitree_lidar_ros2) by extension 'colcon_meta'
[1.238s] Level 1:colcon.colcon_core.package_identification:_identify(unitree_lidar_ros2) by extensions ['ros']
[1.238s] Level 1:colcon.colcon_core.package_identification:_identify(unitree_lidar_ros2) by extension 'ros'
[1.238s] Level 1:colcon.colcon_core.package_identification:_identify(unitree_lidar_ros2) by extensions ['cmake', 'python']
[1.238s] Level 1:colcon.colcon_core.package_identification:_identify(unitree_lidar_ros2) by extension 'cmake'
[1.238s] Level 1:colcon.colcon_core.package_identification:_identify(unitree_lidar_ros2) by extension 'python'
[1.238s] Level 1:colcon.colcon_core.package_identification:_identify(unitree_lidar_ros2) by extensions ['python_setup_py']
[1.238s] Level 1:colcon.colcon_core.package_identification:_identify(unitree_lidar_ros2) by extension 'python_setup_py'
[1.239s] Level 1:colcon.colcon_core.package_identification:_identify(unitree_lidar_ros2/src) by extensions ['ignore', 'ignore_ament_install']
[1.239s] Level 1:colcon.colcon_core.package_identification:_identify(unitree_lidar_ros2/src) by extension 'ignore'
[1.239s] Level 1:colcon.colcon_core.package_identification:_identify(unitree_lidar_ros2/src) by extension 'ignore_ament_install'
[1.239s] Level 1:colcon.colcon_core.package_identification:_identify(unitree_lidar_ros2/src) by extensions ['colcon_pkg']
[1.239s] Level 1:colcon.colcon_core.package_identification:_identify(unitree_lidar_ros2/src) by extension 'colcon_pkg'
[1.239s] Level 1:colcon.colcon_core.package_identification:_identify(unitree_lidar_ros2/src) by extensions ['colcon_meta']
[1.239s] Level 1:colcon.colcon_core.package_identification:_identify(unitree_lidar_ros2/src) by extension 'colcon_meta'
[1.239s] Level 1:colcon.colcon_core.package_identification:_identify(unitree_lidar_ros2/src) by extensions ['ros']
[1.239s] Level 1:colcon.colcon_core.package_identification:_identify(unitree_lidar_ros2/src) by extension 'ros'
[1.240s] Level 1:colcon.colcon_core.package_identification:_identify(unitree_lidar_ros2/src) by extensions ['cmake', 'python']
[1.240s] Level 1:colcon.colcon_core.package_identification:_identify(unitree_lidar_ros2/src) by extension 'cmake'
[1.240s] Level 1:colcon.colcon_core.package_identification:_identify(unitree_lidar_ros2/src) by extension 'python'
[1.240s] Level 1:colcon.colcon_core.package_identification:_identify(unitree_lidar_ros2/src) by extensions ['python_setup_py']
[1.240s] Level 1:colcon.colcon_core.package_identification:_identify(unitree_lidar_ros2/src) by extension 'python_setup_py'
[1.240s] Level 1:colcon.colcon_core.package_identification:_identify(unitree_lidar_ros2/src/unitree_lidar_ros2) by extensions ['ignore', 'ignore_ament_install']
[1.241s] Level 1:colcon.colcon_core.package_identification:_identify(unitree_lidar_ros2/src/unitree_lidar_ros2) by extension 'ignore'
[1.241s] Level 1:colcon.colcon_core.package_identification:_identify(unitree_lidar_ros2/src/unitree_lidar_ros2) by extension 'ignore_ament_install'
[1.241s] Level 1:colcon.colcon_core.package_identification:_identify(unitree_lidar_ros2/src/unitree_lidar_ros2) by extensions ['colcon_pkg']
[1.241s] Level 1:colcon.colcon_core.package_identification:_identify(unitree_lidar_ros2/src/unitree_lidar_ros2) by extension 'colcon_pkg'
[1.241s] Level 1:colcon.colcon_core.package_identification:_identify(unitree_lidar_ros2/src/unitree_lidar_ros2) by extensions ['colcon_meta']
[1.241s] Level 1:colcon.colcon_core.package_identification:_identify(unitree_lidar_ros2/src/unitree_lidar_ros2) by extension 'colcon_meta'
[1.241s] Level 1:colcon.colcon_core.package_identification:_identify(unitree_lidar_ros2/src/unitree_lidar_ros2) by extensions ['ros']
[1.241s] Level 1:colcon.colcon_core.package_identification:_identify(unitree_lidar_ros2/src/unitree_lidar_ros2) by extension 'ros'
[1.244s] DEBUG:colcon.colcon_core.package_identification:Package 'unitree_lidar_ros2/src/unitree_lidar_ros2' with type 'ros.ament_cmake' and name 'unitree_lidar_ros2'
[1.246s] Level 1:colcon.colcon_core.package_identification:_identify(unitree_lidar_sdk) by extensions ['ignore', 'ignore_ament_install']
[1.248s] Level 1:colcon.colcon_core.package_identification:_identify(unitree_lidar_sdk) by extension 'ignore'
[1.249s] Level 1:colcon.colcon_core.package_identification:_identify(unitree_lidar_sdk) by extension 'ignore_ament_install'
[1.249s] Level 1:colcon.colcon_core.package_identification:_identify(unitree_lidar_sdk) by extensions ['colcon_pkg']
[1.249s] Level 1:colcon.colcon_core.package_identification:_identify(unitree_lidar_sdk) by extension 'colcon_pkg'
[1.249s] Level 1:colcon.colcon_core.package_identification:_identify(unitree_lidar_sdk) by extensions ['colcon_meta']
[1.249s] Level 1:colcon.colcon_core.package_identification:_identify(unitree_lidar_sdk) by extension 'colcon_meta'
[1.249s] Level 1:colcon.colcon_core.package_identification:_identify(unitree_lidar_sdk) by extensions ['ros']
[1.250s] Level 1:colcon.colcon_core.package_identification:_identify(unitree_lidar_sdk) by extension 'ros'
[1.250s] Level 1:colcon.colcon_core.package_identification:_identify(unitree_lidar_sdk) by extensions ['cmake', 'python']
[1.250s] Level 1:colcon.colcon_core.package_identification:_identify(unitree_lidar_sdk) by extension 'cmake'
[1.289s] Level 1:colcon.colcon_core.package_identification:_identify(unitree_lidar_sdk) by extension 'python'
[1.289s] DEBUG:colcon.colcon_core.package_identification:Package 'unitree_lidar_sdk' with type 'cmake' and name 'unitree_lidar_sdk'
[1.289s] Level 1:colcon.colcon_core.package_discovery:discover_packages(recursive) using defaults
[1.289s] Level 1:colcon.colcon_core.package_discovery:discover_packages(ignore) discover
[1.289s] Level 1:colcon.colcon_core.package_discovery:discover_packages(ignore) using defaults
[1.289s] Level 1:colcon.colcon_core.package_discovery:discover_packages(path) discover
[1.289s] Level 1:colcon.colcon_core.package_discovery:discover_packages(path) using defaults
[1.347s] Level 1:colcon.colcon_core.package_discovery:discover_packages(prefix_path) check parameters
[1.347s] Level 1:colcon.colcon_core.package_discovery:discover_packages(prefix_path) discover
[1.370s] DEBUG:colcon.colcon_installed_package_information.package_discovery:Found 1 installed packages in /home/fabian/yb_support/unilidar_sdk2/unitree_lidar_ros2/src/unitree_lidar_ros2/install
[1.371s] DEBUG:colcon.colcon_installed_package_information.package_discovery:Found 1 installed packages in /home/fabian/yb_lidar/unitree_lidar_ros2/install
[1.372s] DEBUG:colcon.colcon_installed_package_information.package_discovery:Found 1 installed packages in /home/fabian/yb_ros_odrive/odrive_ros2_control/install
[1.373s] DEBUG:colcon.colcon_installed_package_information.package_discovery:Found 1 installed packages in /home/fabian/yb_support/mecanum_drive_controller/install
[1.374s] DEBUG:colcon.colcon_installed_package_information.package_discovery:Found 1 installed packages in /home/fabian/yb_support/twist_stamper/install
[1.374s] DEBUG:colcon.colcon_installed_package_information.package_discovery:Found 2 installed packages in /home/fabian/ros2_ws/install
[1.375s] DEBUG:colcon.colcon_installed_package_information.package_discovery:Found 1 installed packages in /home/fabian/youbot_ws/install
[1.376s] DEBUG:colcon.colcon_installed_package_information.package_discovery:Found 10 installed packages in /home/fabian/yahboom_rosmaster/install
[1.377s] DEBUG:colcon.colcon_installed_package_information.package_discovery:Found 1 installed packages in /home/fabian/yb_support/pointcloud_to_laserscan/install
[1.379s] DEBUG:colcon.colcon_installed_package_information.package_discovery:Found 366 installed packages in /opt/ros/rolling
[1.382s] Level 1:colcon.colcon_core.package_discovery:discover_packages(prefix_path) using defaults
[1.588s] Level 5:colcon.colcon_core.verb:set package 'unitree_lidar_ros' build argument 'cmake_args' from command line to 'None'
[1.588s] Level 5:colcon.colcon_core.verb:set package 'unitree_lidar_ros' build argument 'cmake_target' from command line to 'None'
[1.588s] Level 5:colcon.colcon_core.verb:set package 'unitree_lidar_ros' build argument 'cmake_target_skip_unavailable' from command line to 'False'
[1.588s] Level 5:colcon.colcon_core.verb:set package 'unitree_lidar_ros' build argument 'cmake_clean_cache' from command line to 'False'
[1.588s] Level 5:colcon.colcon_core.verb:set package 'unitree_lidar_ros' build argument 'cmake_clean_first' from command line to 'False'
[1.588s] Level 5:colcon.colcon_core.verb:set package 'unitree_lidar_ros' build argument 'cmake_force_configure' from command line to 'False'
[1.588s] Level 5:colcon.colcon_core.verb:set package 'unitree_lidar_ros' build argument 'ament_cmake_args' from command line to 'None'
[1.588s] Level 5:colcon.colcon_core.verb:set package 'unitree_lidar_ros' build argument 'catkin_cmake_args' from command line to 'None'
[1.588s] Level 5:colcon.colcon_core.verb:set package 'unitree_lidar_ros' build argument 'catkin_skip_building_tests' from command line to 'False'
[1.588s] DEBUG:colcon.colcon_core.verb:Building package 'unitree_lidar_ros' with the following arguments: {'ament_cmake_args': None, 'build_base': '/home/fabian/yb_support/unilidar_sdk2/build/unitree_lidar_ros', 'catkin_cmake_args': None, 'catkin_skip_building_tests': False, 'cmake_args': None, 'cmake_clean_cache': False, 'cmake_clean_first': False, 'cmake_force_configure': False, 'cmake_target': None, 'cmake_target_skip_unavailable': False, 'install_base': '/home/fabian/yb_support/unilidar_sdk2/install/unitree_lidar_ros', 'merge_install': False, 'path': '/home/fabian/yb_support/unilidar_sdk2/unitree_lidar_ros/src/unitree_lidar_ros', 'symlink_install': True, 'test_result_base': None}
[1.589s] Level 5:colcon.colcon_core.verb:set package 'unitree_lidar_ros2' build argument 'cmake_args' from command line to 'None'
[1.589s] Level 5:colcon.colcon_core.verb:set package 'unitree_lidar_ros2' build argument 'cmake_target' from command line to 'None'
[1.589s] Level 5:colcon.colcon_core.verb:set package 'unitree_lidar_ros2' build argument 'cmake_target_skip_unavailable' from command line to 'False'
[1.589s] Level 5:colcon.colcon_core.verb:set package 'unitree_lidar_ros2' build argument 'cmake_clean_cache' from command line to 'False'
[1.589s] Level 5:colcon.colcon_core.verb:set package 'unitree_lidar_ros2' build argument 'cmake_clean_first' from command line to 'False'
[1.589s] Level 5:colcon.colcon_core.verb:set package 'unitree_lidar_ros2' build argument 'cmake_force_configure' from command line to 'False'
[1.589s] Level 5:colcon.colcon_core.verb:set package 'unitree_lidar_ros2' build argument 'ament_cmake_args' from command line to 'None'
[1.589s] Level 5:colcon.colcon_core.verb:set package 'unitree_lidar_ros2' build argument 'catkin_cmake_args' from command line to 'None'
[1.589s] Level 5:colcon.colcon_core.verb:set package 'unitree_lidar_ros2' build argument 'catkin_skip_building_tests' from command line to 'False'
[1.589s] DEBUG:colcon.colcon_core.verb:Building package 'unitree_lidar_ros2' with the following arguments: {'ament_cmake_args': None, 'build_base': '/home/fabian/yb_support/unilidar_sdk2/build/unitree_lidar_ros2', 'catkin_cmake_args': None, 'catkin_skip_building_tests': False, 'cmake_args': None, 'cmake_clean_cache': False, 'cmake_clean_first': False, 'cmake_force_configure': False, 'cmake_target': None, 'cmake_target_skip_unavailable': False, 'install_base': '/home/fabian/yb_support/unilidar_sdk2/install/unitree_lidar_ros2', 'merge_install': False, 'path': '/home/fabian/yb_support/unilidar_sdk2/unitree_lidar_ros2/src/unitree_lidar_ros2', 'symlink_install': True, 'test_result_base': None}
[1.589s] Level 5:colcon.colcon_core.verb:set package 'unitree_lidar_sdk' build argument 'cmake_args' from command line to 'None'
[1.589s] Level 5:colcon.colcon_core.verb:set package 'unitree_lidar_sdk' build argument 'cmake_target' from command line to 'None'
[1.589s] Level 5:colcon.colcon_core.verb:set package 'unitree_lidar_sdk' build argument 'cmake_target_skip_unavailable' from command line to 'False'
[1.589s] Level 5:colcon.colcon_core.verb:set package 'unitree_lidar_sdk' build argument 'cmake_clean_cache' from command line to 'False'
[1.589s] Level 5:colcon.colcon_core.verb:set package 'unitree_lidar_sdk' build argument 'cmake_clean_first' from command line to 'False'
[1.590s] Level 5:colcon.colcon_core.verb:set package 'unitree_lidar_sdk' build argument 'cmake_force_configure' from command line to 'False'
[1.590s] Level 5:colcon.colcon_core.verb:set package 'unitree_lidar_sdk' build argument 'ament_cmake_args' from command line to 'None'
[1.590s] Level 5:colcon.colcon_core.verb:set package 'unitree_lidar_sdk' build argument 'catkin_cmake_args' from command line to 'None'
[1.590s] Level 5:colcon.colcon_core.verb:set package 'unitree_lidar_sdk' build argument 'catkin_skip_building_tests' from command line to 'False'
[1.590s] DEBUG:colcon.colcon_core.verb:Building package 'unitree_lidar_sdk' with the following arguments: {'ament_cmake_args': None, 'build_base': '/home/fabian/yb_support/unilidar_sdk2/build/unitree_lidar_sdk', 'catkin_cmake_args': None, 'catkin_skip_building_tests': False, 'cmake_args': None, 'cmake_clean_cache': False, 'cmake_clean_first': False, 'cmake_force_configure': False, 'cmake_target': None, 'cmake_target_skip_unavailable': False, 'install_base': '/home/fabian/yb_support/unilidar_sdk2/install/unitree_lidar_sdk', 'merge_install': False, 'path': '/home/fabian/yb_support/unilidar_sdk2/unitree_lidar_sdk', 'symlink_install': True, 'test_result_base': None}
[1.590s] INFO:colcon.colcon_core.executor:Executing jobs using 'parallel' executor
[1.591s] DEBUG:colcon.colcon_parallel_executor.executor.parallel:run_until_complete
[1.591s] INFO:colcon.colcon_ros.task.catkin.build:Building ROS package in '/home/fabian/yb_support/unilidar_sdk2/unitree_lidar_ros/src/unitree_lidar_ros' with build type 'catkin'
[1.592s] INFO:colcon.colcon_cmake.task.cmake.build:Building CMake package in '/home/fabian/yb_support/unilidar_sdk2/unitree_lidar_ros/src/unitree_lidar_ros'
[1.604s] INFO:colcon.colcon_core.plugin_system:Skipping extension 'colcon_core.shell.bat': Not used on non-Windows systems
[1.605s] INFO:colcon.colcon_core.shell:Skip shell extension 'powershell' for command environment: Not usable outside of PowerShell
[1.605s] DEBUG:colcon.colcon_core.shell:Skip shell extension 'dsv' for command environment
[1.617s] INFO:colcon.colcon_ros.task.ament_cmake.build:Building ROS package in '/home/fabian/yb_support/unilidar_sdk2/unitree_lidar_ros2/src/unitree_lidar_ros2' with build type 'ament_cmake'
[1.618s] INFO:colcon.colcon_cmake.task.cmake.build:Building CMake package in '/home/fabian/yb_support/unilidar_sdk2/unitree_lidar_ros2/src/unitree_lidar_ros2'
[1.618s] INFO:colcon.colcon_core.shell:Skip shell extension 'powershell' for command environment: Not usable outside of PowerShell
[1.618s] DEBUG:colcon.colcon_core.shell:Skip shell extension 'dsv' for command environment
[1.632s] INFO:colcon.colcon_cmake.task.cmake.build:Building CMake package in '/home/fabian/yb_support/unilidar_sdk2/unitree_lidar_sdk'
[1.633s] INFO:colcon.colcon_core.shell:Skip shell extension 'powershell' for command environment: Not usable outside of PowerShell
[1.633s] DEBUG:colcon.colcon_core.shell:Skip shell extension 'dsv' for command environment
[1.654s] DEBUG:colcon.colcon_core.event_handler.log_command:Invoking command in '/home/fabian/yb_support/unilidar_sdk2/build/unitree_lidar_ros': DEBUGINFOD_URLS=https://debuginfod.ubuntu.com /usr/bin/cmake /home/fabian/yb_support/unilidar_sdk2/unitree_lidar_ros/src/unitree_lidar_ros -DCATKIN_INSTALL_INTO_PREFIX_ROOT=0 -DCATKIN_SYMLINK_INSTALL=ON -DCMAKE_INSTALL_PREFIX=/home/fabian/yb_support/unilidar_sdk2/install/unitree_lidar_ros
[1.665s] DEBUG:colcon.colcon_core.event_handler.log_command:Invoking command in '/home/fabian/yb_support/unilidar_sdk2/build/unitree_lidar_ros2': CMAKE_PREFIX_PATH=${CMAKE_PREFIX_PATH}:/home/fabian/yb_support/twist_stamper/install/twist_stamper:/home/fabian/youbot_ws/install/youbot:/opt/ros/rolling DEBUGINFOD_URLS=https://debuginfod.ubuntu.com /usr/bin/cmake /home/fabian/yb_support/unilidar_sdk2/unitree_lidar_ros2/src/unitree_lidar_ros2 -DAMENT_CMAKE_SYMLINK_INSTALL=1 -DCMAKE_INSTALL_PREFIX=/home/fabian/yb_support/unilidar_sdk2/install/unitree_lidar_ros2
[1.675s] DEBUG:colcon.colcon_core.event_handler.log_command:Invoking command in '/home/fabian/yb_support/unilidar_sdk2/build/unitree_lidar_sdk': DEBUGINFOD_URLS=https://debuginfod.ubuntu.com /usr/bin/cmake /home/fabian/yb_support/unilidar_sdk2/unitree_lidar_sdk -DCMAKE_INSTALL_PREFIX=/home/fabian/yb_support/unilidar_sdk2/install/unitree_lidar_sdk
[6.318s] DEBUG:colcon.colcon_core.event_handler.log_command:Invoked command in '/home/fabian/yb_support/unilidar_sdk2/build/unitree_lidar_sdk' returned '0': DEBUGINFOD_URLS=https://debuginfod.ubuntu.com /usr/bin/cmake /home/fabian/yb_support/unilidar_sdk2/unitree_lidar_sdk -DCMAKE_INSTALL_PREFIX=/home/fabian/yb_support/unilidar_sdk2/install/unitree_lidar_sdk
[6.320s] DEBUG:colcon.colcon_core.event_handler.log_command:Invoking command in '/home/fabian/yb_support/unilidar_sdk2/build/unitree_lidar_sdk': DEBUGINFOD_URLS=https://debuginfod.ubuntu.com /usr/bin/cmake --build /home/fabian/yb_support/unilidar_sdk2/build/unitree_lidar_sdk -- -j7 -l7
[10.146s] DEBUG:colcon.colcon_core.event_handler.log_command:Invoked command in '/home/fabian/yb_support/unilidar_sdk2/build/unitree_lidar_sdk' returned '0': DEBUGINFOD_URLS=https://debuginfod.ubuntu.com /usr/bin/cmake --build /home/fabian/yb_support/unilidar_sdk2/build/unitree_lidar_sdk -- -j7 -l7
[10.147s] WARNING:colcon.colcon_cmake.task.cmake.build:Could not run installation step for package 'unitree_lidar_sdk' because it has no 'install' target
[10.147s] Level 1:colcon.colcon_core.environment:create_environment_scripts_only(unitree_lidar_sdk)
[10.165s] Level 1:colcon.colcon_core.environment:checking '/home/fabian/yb_support/unilidar_sdk2/install/unitree_lidar_sdk' for CMake module files
[10.167s] Level 1:colcon.colcon_core.environment:checking '/home/fabian/yb_support/unilidar_sdk2/install/unitree_lidar_sdk' for CMake config files
[10.168s] Level 1:colcon.colcon_core.environment:checking '/home/fabian/yb_support/unilidar_sdk2/install/unitree_lidar_sdk/bin'
[10.168s] Level 1:colcon.colcon_core.environment:checking '/home/fabian/yb_support/unilidar_sdk2/install/unitree_lidar_sdk/lib/pkgconfig/unitree_lidar_sdk.pc'
[10.169s] Level 1:colcon.colcon_core.environment:checking '/home/fabian/yb_support/unilidar_sdk2/install/unitree_lidar_sdk/lib/python3.12/site-packages'
[10.169s] Level 1:colcon.colcon_core.environment:checking '/home/fabian/yb_support/unilidar_sdk2/install/unitree_lidar_sdk/bin'
[10.169s] INFO:colcon.colcon_core.shell:Creating package script '/home/fabian/yb_support/unilidar_sdk2/install/unitree_lidar_sdk/share/unitree_lidar_sdk/package.ps1'
[10.174s] INFO:colcon.colcon_core.shell:Creating package descriptor '/home/fabian/yb_support/unilidar_sdk2/install/unitree_lidar_sdk/share/unitree_lidar_sdk/package.dsv'
[10.176s] INFO:colcon.colcon_core.shell:Creating package script '/home/fabian/yb_support/unilidar_sdk2/install/unitree_lidar_sdk/share/unitree_lidar_sdk/package.sh'
[10.177s] INFO:colcon.colcon_core.shell:Creating package script '/home/fabian/yb_support/unilidar_sdk2/install/unitree_lidar_sdk/share/unitree_lidar_sdk/package.bash'
[10.180s] INFO:colcon.colcon_core.shell:Creating package script '/home/fabian/yb_support/unilidar_sdk2/install/unitree_lidar_sdk/share/unitree_lidar_sdk/package.zsh'
[10.183s] Level 1:colcon.colcon_core.environment:create_file_with_runtime_dependencies(/home/fabian/yb_support/unilidar_sdk2/install/unitree_lidar_sdk/share/colcon-core/packages/unitree_lidar_sdk)
[87.335s] DEBUG:colcon.colcon_core.event_handler.log_command:Invoked command in '/home/fabian/yb_support/unilidar_sdk2/build/unitree_lidar_ros' returned '1': DEBUGINFOD_URLS=https://debuginfod.ubuntu.com /usr/bin/cmake /home/fabian/yb_support/unilidar_sdk2/unitree_lidar_ros/src/unitree_lidar_ros -DCATKIN_INSTALL_INTO_PREFIX_ROOT=0 -DCATKIN_SYMLINK_INSTALL=ON -DCMAKE_INSTALL_PREFIX=/home/fabian/yb_support/unilidar_sdk2/install/unitree_lidar_ros
[87.356s] Level 1:colcon.colcon_core.environment:create_environment_scripts_only(unitree_lidar_ros)
[87.356s] Level 1:colcon.colcon_core.environment:checking '/home/fabian/yb_support/unilidar_sdk2/install/unitree_lidar_ros' for CMake module files
[87.356s] Level 1:colcon.colcon_core.environment:checking '/home/fabian/yb_support/unilidar_sdk2/install/unitree_lidar_ros' for CMake config files
[87.356s] Level 1:colcon.colcon_core.environment:checking '/home/fabian/yb_support/unilidar_sdk2/install/unitree_lidar_ros/bin'
[87.357s] Level 1:colcon.colcon_core.environment:checking '/home/fabian/yb_support/unilidar_sdk2/install/unitree_lidar_ros/lib/pkgconfig/unitree_lidar_ros.pc'
[87.357s] Level 1:colcon.colcon_core.environment:checking '/home/fabian/yb_support/unilidar_sdk2/install/unitree_lidar_ros/lib/python3.12/site-packages'
[87.357s] Level 1:colcon.colcon_core.environment:checking '/home/fabian/yb_support/unilidar_sdk2/install/unitree_lidar_ros/bin'
[87.357s] INFO:colcon.colcon_core.shell:Creating package script '/home/fabian/yb_support/unilidar_sdk2/install/unitree_lidar_ros/share/unitree_lidar_ros/package.ps1'
[87.358s] INFO:colcon.colcon_core.shell:Creating package descriptor '/home/fabian/yb_support/unilidar_sdk2/install/unitree_lidar_ros/share/unitree_lidar_ros/package.dsv'
[87.359s] INFO:colcon.colcon_core.shell:Creating package script '/home/fabian/yb_support/unilidar_sdk2/install/unitree_lidar_ros/share/unitree_lidar_ros/package.sh'
[87.359s] INFO:colcon.colcon_core.shell:Creating package script '/home/fabian/yb_support/unilidar_sdk2/install/unitree_lidar_ros/share/unitree_lidar_ros/package.bash'
[87.359s] INFO:colcon.colcon_core.shell:Creating package script '/home/fabian/yb_support/unilidar_sdk2/install/unitree_lidar_ros/share/unitree_lidar_ros/package.zsh'
[87.360s] Level 1:colcon.colcon_core.environment:create_file_with_runtime_dependencies(/home/fabian/yb_support/unilidar_sdk2/install/unitree_lidar_ros/share/colcon-core/packages/unitree_lidar_ros)
[88.742s] DEBUG:colcon.colcon_parallel_executor.executor.parallel:closing loop
[88.742s] DEBUG:colcon.colcon_parallel_executor.executor.parallel:loop closed
[88.742s] DEBUG:colcon.colcon_parallel_executor.executor.parallel:run_until_complete finished with '1'
[88.742s] DEBUG:colcon.colcon_core.event_reactor:joining thread
[88.819s] INFO:colcon.colcon_core.plugin_system:Skipping extension 'colcon_notification.desktop_notification.notify_send': Could not find 'notify-send'
[88.819s] INFO:colcon.colcon_core.plugin_system:Skipping extension 'colcon_notification.desktop_notification.terminal_notifier': Not used on non-Darwin systems
[88.819s] INFO:colcon.colcon_core.plugin_system:Skipping extension 'colcon_notification.desktop_notification.win32': Not used on non-Windows systems
[88.819s] INFO:colcon.colcon_notification.desktop_notification:Sending desktop notification using 'notify2'
[88.848s] DEBUG:colcon.colcon_notification.desktop_notification.notify2:Failed to initialize notify2: org.freedesktop.DBus.Error.ServiceUnknown: The name org.freedesktop.Notifications was not provided by any .service files
[88.848s] DEBUG:colcon.colcon_core.event_reactor:joined thread
[88.848s] INFO:colcon.colcon_core.shell:Creating prefix script '/home/fabian/yb_support/unilidar_sdk2/install/local_setup.ps1'
[88.850s] INFO:colcon.colcon_core.shell:Creating prefix util module '/home/fabian/yb_support/unilidar_sdk2/install/_local_setup_util_ps1.py'
[88.851s] INFO:colcon.colcon_core.shell:Creating prefix chain script '/home/fabian/yb_support/unilidar_sdk2/install/setup.ps1'
[88.851s] WARNING:colcon.colcon_core.prefix_path.colcon:The path '/home/fabian/yb_support/pointcloud_to_laserscan/install' in the environment variable COLCON_PREFIX_PATH doesn't exist
[88.851s] WARNING:colcon.colcon_ros.prefix_path.ament:The path '/home/fabian/yb_support/pointcloud_to_laserscan/install/pointcloud_to_laserscan' in the environment variable AMENT_PREFIX_PATH doesn't exist
[88.853s] WARNING:colcon.colcon_ros.prefix_path.catkin:The path '/home/fabian/yb_support/pointcloud_to_laserscan/install/pointcloud_to_laserscan' in the environment variable CMAKE_PREFIX_PATH doesn't exist
[88.855s] INFO:colcon.colcon_core.shell:Creating prefix script '/home/fabian/yb_support/unilidar_sdk2/install/local_setup.sh'
[88.856s] INFO:colcon.colcon_core.shell:Creating prefix util module '/home/fabian/yb_support/unilidar_sdk2/install/_local_setup_util_sh.py'
[88.856s] INFO:colcon.colcon_core.shell:Creating prefix chain script '/home/fabian/yb_support/unilidar_sdk2/install/setup.sh'
[88.859s] INFO:colcon.colcon_core.shell:Creating prefix script '/home/fabian/yb_support/unilidar_sdk2/install/local_setup.bash'
[88.860s] INFO:colcon.colcon_core.shell:Creating prefix chain script '/home/fabian/yb_support/unilidar_sdk2/install/setup.bash'
[88.863s] INFO:colcon.colcon_core.shell:Creating prefix script '/home/fabian/yb_support/unilidar_sdk2/install/local_setup.zsh'
[88.864s] INFO:colcon.colcon_core.shell:Creating prefix chain script '/home/fabian/yb_support/unilidar_sdk2/install/setup.zsh'
