[ 50%] [32mBuilding CXX object CMakeFiles/unitree_lidar_ros2_node.dir/src/unitree_lidar_ros2_node.cpp.o[0m
[100%] [32m[1mLinking CXX executable unitree_lidar_ros2_node[0m
[100%] Built target unitree_lidar_ros2_node
-- Install configuration: ""
-- Execute custom install script
-- Symlinking: /home/fabian/yb_support/unilidar_sdk2/install/unitree_lidar_ros2/lib/unitree_lidar_ros2/unitree_lidar_ros2_node
-- Symlinking: /home/fabian/yb_support/unilidar_sdk2/install/unitree_lidar_ros2/share/unitree_lidar_ros2/view.rviz
-- Symlinking: /home/fabian/yb_support/unilidar_sdk2/install/unitree_lidar_ros2/share/unitree_lidar_ros2/launch.py
-- Symlinking: /home/fabian/yb_support/unilidar_sdk2/install/unitree_lidar_ros2/share/ament_index/resource_index/package_run_dependencies/unitree_lidar_ros2
-- Symlinking: /home/fabian/yb_support/unilidar_sdk2/install/unitree_lidar_ros2/share/ament_index/resource_index/parent_prefix_path/unitree_lidar_ros2
-- Symlinking: /home/fabian/yb_support/unilidar_sdk2/install/unitree_lidar_ros2/share/unitree_lidar_ros2/environment/ament_prefix_path.sh
-- Symlinking: /home/fabian/yb_support/unilidar_sdk2/install/unitree_lidar_ros2/share/unitree_lidar_ros2/environment/ament_prefix_path.dsv
-- Symlinking: /home/fabian/yb_support/unilidar_sdk2/install/unitree_lidar_ros2/share/unitree_lidar_ros2/environment/path.sh
-- Symlinking: /home/fabian/yb_support/unilidar_sdk2/install/unitree_lidar_ros2/share/unitree_lidar_ros2/environment/path.dsv
-- Symlinking: /home/fabian/yb_support/unilidar_sdk2/install/unitree_lidar_ros2/share/unitree_lidar_ros2/local_setup.bash
-- Symlinking: /home/fabian/yb_support/unilidar_sdk2/install/unitree_lidar_ros2/share/unitree_lidar_ros2/local_setup.sh
-- Symlinking: /home/fabian/yb_support/unilidar_sdk2/install/unitree_lidar_ros2/share/unitree_lidar_ros2/local_setup.zsh
-- Symlinking: /home/fabian/yb_support/unilidar_sdk2/install/unitree_lidar_ros2/share/unitree_lidar_ros2/local_setup.dsv
-- Symlinking: /home/fabian/yb_support/unilidar_sdk2/install/unitree_lidar_ros2/share/unitree_lidar_ros2/package.dsv
-- Symlinking: /home/fabian/yb_support/unilidar_sdk2/install/unitree_lidar_ros2/share/ament_index/resource_index/packages/unitree_lidar_ros2
-- Symlinking: /home/fabian/yb_support/unilidar_sdk2/install/unitree_lidar_ros2/share/unitree_lidar_ros2/cmake/unitree_lidar_ros2Config.cmake
-- Symlinking: /home/fabian/yb_support/unilidar_sdk2/install/unitree_lidar_ros2/share/unitree_lidar_ros2/cmake/unitree_lidar_ros2Config-version.cmake
-- Symlinking: /home/fabian/yb_support/unilidar_sdk2/install/unitree_lidar_ros2/share/unitree_lidar_ros2/package.xml
