[0.069s] DEBUG:colcon:Command line arguments: ['/usr/bin/colcon', 'build', '--packages-select', 'tutorial_interfaces']
[0.069s] DEBUG:colcon:Parsed command line arguments: Namespace(log_base=None, log_level=None, verb_name='build', build_base='build', install_base='install', merge_install=False, symlink_install=False, test_result_base=None, continue_on_error=False, executor='parallel', parallel_workers=12, event_handlers=None, ignore_user_meta=False, metas=['./colcon.meta'], base_paths=['.'], packages_ignore=None, packages_ignore_regex=None, paths=None, packages_up_to=None, packages_up_to_regex=None, packages_above=None, packages_above_and_dependencies=None, packages_above_depth=None, packages_select_by_dep=None, packages_skip_by_dep=None, packages_skip_up_to=None, packages_select_build_failed=False, packages_skip_build_finished=False, packages_select_test_failures=False, packages_skip_test_passed=False, packages_select=['tutorial_interfaces'], packages_skip=None, packages_select_regex=None, packages_skip_regex=None, packages_start=None, packages_end=None, allow_overriding=[], cmake_args=None, cmake_target=None, cmake_target_skip_unavailable=False, cmake_clean_cache=False, cmake_clean_first=False, cmake_force_configure=False, ament_cmake_args=None, catkin_cmake_args=None, catkin_skip_building_tests=False, mixin_files=None, mixin=None, verb_parser=<colcon_mixin.mixin.mixin_argument.MixinArgumentDecorator object at 0x7c623d9b1dc0>, verb_extension=<colcon_core.verb.build.BuildVerb object at 0x7c623d93ba10>, main=<bound method BuildVerb.main of <colcon_core.verb.build.BuildVerb object at 0x7c623d93ba10>>, mixin_verb=('build',))
[0.095s] Level 1:colcon.colcon_core.package_discovery:discover_packages(colcon_meta) check parameters
[0.095s] Level 1:colcon.colcon_core.package_discovery:discover_packages(recursive) check parameters
[0.095s] Level 1:colcon.colcon_core.package_discovery:discover_packages(ignore) check parameters
[0.095s] Level 1:colcon.colcon_core.package_discovery:discover_packages(path) check parameters
[0.095s] Level 1:colcon.colcon_core.package_discovery:discover_packages(colcon_meta) discover
[0.095s] Level 1:colcon.colcon_core.package_discovery:discover_packages(recursive) discover
[0.095s] INFO:colcon.colcon_core.package_discovery:Crawling recursively for packages in '/home/nbf2/support/tutorial_interfaces'
[0.095s] Level 1:colcon.colcon_core.package_identification:_identify(.) by extensions ['ignore', 'ignore_ament_install']
[0.095s] Level 1:colcon.colcon_core.package_identification:_identify(.) by extension 'ignore'
[0.095s] Level 1:colcon.colcon_core.package_identification:_identify(.) by extension 'ignore_ament_install'
[0.095s] Level 1:colcon.colcon_core.package_identification:_identify(.) by extensions ['colcon_pkg']
[0.095s] Level 1:colcon.colcon_core.package_identification:_identify(.) by extension 'colcon_pkg'
[0.095s] Level 1:colcon.colcon_core.package_identification:_identify(.) by extensions ['colcon_meta']
[0.095s] Level 1:colcon.colcon_core.package_identification:_identify(.) by extension 'colcon_meta'
[0.095s] Level 1:colcon.colcon_core.package_identification:_identify(.) by extensions ['ros']
[0.095s] Level 1:colcon.colcon_core.package_identification:_identify(.) by extension 'ros'
[0.114s] DEBUG:colcon.colcon_core.package_identification:Package '.' with type 'ros.ament_cmake' and name 'tutorial_interfaces'
[0.114s] Level 1:colcon.colcon_core.package_discovery:discover_packages(recursive) using defaults
[0.114s] Level 1:colcon.colcon_core.package_discovery:discover_packages(ignore) discover
[0.114s] Level 1:colcon.colcon_core.package_discovery:discover_packages(ignore) using defaults
[0.114s] Level 1:colcon.colcon_core.package_discovery:discover_packages(path) discover
[0.114s] Level 1:colcon.colcon_core.package_discovery:discover_packages(path) using defaults
[0.126s] Level 1:colcon.colcon_core.package_discovery:discover_packages(prefix_path) check parameters
[0.126s] Level 1:colcon.colcon_core.package_discovery:discover_packages(prefix_path) discover
[0.127s] DEBUG:colcon.colcon_installed_package_information.package_discovery:Found 3 installed packages in /home/nbf2/ros_odrive/install
[0.128s] DEBUG:colcon.colcon_installed_package_information.package_discovery:Found 1 installed packages in /home/nbf2/youbot_ws/install
[0.128s] DEBUG:colcon.colcon_installed_package_information.package_discovery:Found 1 installed packages in /home/nbf2/yb_mecanum_drive_controller/install
[0.128s] DEBUG:colcon.colcon_installed_package_information.package_discovery:Found 1 installed packages in /home/nbf2/ros2_control_demos/example_8/install
[0.128s] DEBUG:colcon.colcon_installed_package_information.package_discovery:Found 1 installed packages in /home/nbf2/ros2_control_demos/example_3/install
[0.128s] DEBUG:colcon.colcon_installed_package_information.package_discovery:Found 1 installed packages in /home/nbf2/ros2_control_demos/ros2_control_demo_description/install
[0.128s] DEBUG:colcon.colcon_installed_package_information.package_discovery:Found 1 installed packages in /home/nbf2/ros2_control_demos/example_12/install
[0.129s] DEBUG:colcon.colcon_installed_package_information.package_discovery:Found 1 installed packages in /home/nbf2/twist_stamper/install
[0.129s] DEBUG:colcon.colcon_installed_package_information.package_discovery:Found 1 installed packages in /home/nbf2/articubot_one/install
[0.130s] DEBUG:colcon.colcon_installed_package_information.package_discovery:Found 376 installed packages in /opt/ros/rolling
[0.131s] Level 1:colcon.colcon_core.package_discovery:discover_packages(prefix_path) using defaults
[0.163s] Level 5:colcon.colcon_core.verb:set package 'tutorial_interfaces' build argument 'cmake_args' from command line to 'None'
[0.163s] Level 5:colcon.colcon_core.verb:set package 'tutorial_interfaces' build argument 'cmake_target' from command line to 'None'
[0.163s] Level 5:colcon.colcon_core.verb:set package 'tutorial_interfaces' build argument 'cmake_target_skip_unavailable' from command line to 'False'
[0.163s] Level 5:colcon.colcon_core.verb:set package 'tutorial_interfaces' build argument 'cmake_clean_cache' from command line to 'False'
[0.163s] Level 5:colcon.colcon_core.verb:set package 'tutorial_interfaces' build argument 'cmake_clean_first' from command line to 'False'
[0.163s] Level 5:colcon.colcon_core.verb:set package 'tutorial_interfaces' build argument 'cmake_force_configure' from command line to 'False'
[0.163s] Level 5:colcon.colcon_core.verb:set package 'tutorial_interfaces' build argument 'ament_cmake_args' from command line to 'None'
[0.163s] Level 5:colcon.colcon_core.verb:set package 'tutorial_interfaces' build argument 'catkin_cmake_args' from command line to 'None'
[0.163s] Level 5:colcon.colcon_core.verb:set package 'tutorial_interfaces' build argument 'catkin_skip_building_tests' from command line to 'False'
[0.163s] DEBUG:colcon.colcon_core.verb:Building package 'tutorial_interfaces' with the following arguments: {'ament_cmake_args': None, 'build_base': '/home/nbf2/support/tutorial_interfaces/build/tutorial_interfaces', 'catkin_cmake_args': None, 'catkin_skip_building_tests': False, 'cmake_args': None, 'cmake_clean_cache': False, 'cmake_clean_first': False, 'cmake_force_configure': False, 'cmake_target': None, 'cmake_target_skip_unavailable': False, 'install_base': '/home/nbf2/support/tutorial_interfaces/install/tutorial_interfaces', 'merge_install': False, 'path': '/home/nbf2/support/tutorial_interfaces', 'symlink_install': False, 'test_result_base': None}
[0.163s] INFO:colcon.colcon_core.executor:Executing jobs using 'parallel' executor
[0.165s] DEBUG:colcon.colcon_parallel_executor.executor.parallel:run_until_complete
[0.165s] INFO:colcon.colcon_ros.task.ament_cmake.build:Building ROS package in '/home/nbf2/support/tutorial_interfaces' with build type 'ament_cmake'
[0.165s] INFO:colcon.colcon_cmake.task.cmake.build:Building CMake package in '/home/nbf2/support/tutorial_interfaces'
[0.167s] INFO:colcon.colcon_core.plugin_system:Skipping extension 'colcon_core.shell.bat': Not used on non-Windows systems
[0.168s] INFO:colcon.colcon_core.shell:Skip shell extension 'powershell' for command environment: Not usable outside of PowerShell
[0.168s] DEBUG:colcon.colcon_core.shell:Skip shell extension 'dsv' for command environment
[0.184s] DEBUG:colcon.colcon_core.event_handler.log_command:Invoking command in '/home/nbf2/support/tutorial_interfaces/build/tutorial_interfaces': CMAKE_PREFIX_PATH=${CMAKE_PREFIX_PATH}:/home/nbf2/youbot_ws/install/youbot:/home/nbf2/twist_stamper/install/twist_stamper:/opt/ros/rolling DEBUGINFOD_URLS=https://debuginfod.ubuntu.com /usr/bin/cmake --build /home/nbf2/support/tutorial_interfaces/build/tutorial_interfaces -- -j12 -l12
[4.815s] DEBUG:colcon.colcon_core.event_handler.log_command:Invoked command in '/home/nbf2/support/tutorial_interfaces/build/tutorial_interfaces' returned '0': CMAKE_PREFIX_PATH=${CMAKE_PREFIX_PATH}:/home/nbf2/youbot_ws/install/youbot:/home/nbf2/twist_stamper/install/twist_stamper:/opt/ros/rolling DEBUGINFOD_URLS=https://debuginfod.ubuntu.com /usr/bin/cmake --build /home/nbf2/support/tutorial_interfaces/build/tutorial_interfaces -- -j12 -l12
[4.829s] DEBUG:colcon.colcon_core.event_handler.log_command:Invoking command in '/home/nbf2/support/tutorial_interfaces/build/tutorial_interfaces': CMAKE_PREFIX_PATH=${CMAKE_PREFIX_PATH}:/home/nbf2/youbot_ws/install/youbot:/home/nbf2/twist_stamper/install/twist_stamper:/opt/ros/rolling DEBUGINFOD_URLS=https://debuginfod.ubuntu.com /usr/bin/cmake --install /home/nbf2/support/tutorial_interfaces/build/tutorial_interfaces
[4.899s] Level 1:colcon.colcon_core.environment:create_environment_scripts_only(tutorial_interfaces)
[4.900s] DEBUG:colcon.colcon_core.event_handler.log_command:Invoked command in '/home/nbf2/support/tutorial_interfaces/build/tutorial_interfaces' returned '0': CMAKE_PREFIX_PATH=${CMAKE_PREFIX_PATH}:/home/nbf2/youbot_ws/install/youbot:/home/nbf2/twist_stamper/install/twist_stamper:/opt/ros/rolling DEBUGINFOD_URLS=https://debuginfod.ubuntu.com /usr/bin/cmake --install /home/nbf2/support/tutorial_interfaces/build/tutorial_interfaces
[4.902s] Level 1:colcon.colcon_core.environment:checking '/home/nbf2/support/tutorial_interfaces/install/tutorial_interfaces' for CMake module files
[4.903s] Level 1:colcon.colcon_core.environment:checking '/home/nbf2/support/tutorial_interfaces/install/tutorial_interfaces' for CMake config files
[4.904s] Level 1:colcon.colcon_core.shell:create_environment_hook('tutorial_interfaces', 'cmake_prefix_path')
[4.904s] INFO:colcon.colcon_core.shell:Creating environment hook '/home/nbf2/support/tutorial_interfaces/install/tutorial_interfaces/share/tutorial_interfaces/hook/cmake_prefix_path.ps1'
[4.905s] INFO:colcon.colcon_core.shell:Creating environment descriptor '/home/nbf2/support/tutorial_interfaces/install/tutorial_interfaces/share/tutorial_interfaces/hook/cmake_prefix_path.dsv'
[4.905s] INFO:colcon.colcon_core.shell:Creating environment hook '/home/nbf2/support/tutorial_interfaces/install/tutorial_interfaces/share/tutorial_interfaces/hook/cmake_prefix_path.sh'
[4.906s] Level 1:colcon.colcon_core.environment:checking '/home/nbf2/support/tutorial_interfaces/install/tutorial_interfaces/lib'
[4.906s] Level 1:colcon.colcon_core.shell:create_environment_hook('tutorial_interfaces', 'ld_library_path_lib')
[4.906s] INFO:colcon.colcon_core.shell:Creating environment hook '/home/nbf2/support/tutorial_interfaces/install/tutorial_interfaces/share/tutorial_interfaces/hook/ld_library_path_lib.ps1'
[4.907s] INFO:colcon.colcon_core.shell:Creating environment descriptor '/home/nbf2/support/tutorial_interfaces/install/tutorial_interfaces/share/tutorial_interfaces/hook/ld_library_path_lib.dsv'
[4.907s] INFO:colcon.colcon_core.shell:Creating environment hook '/home/nbf2/support/tutorial_interfaces/install/tutorial_interfaces/share/tutorial_interfaces/hook/ld_library_path_lib.sh'
[4.908s] Level 1:colcon.colcon_core.environment:checking '/home/nbf2/support/tutorial_interfaces/install/tutorial_interfaces/bin'
[4.908s] Level 1:colcon.colcon_core.environment:checking '/home/nbf2/support/tutorial_interfaces/install/tutorial_interfaces/lib/pkgconfig/tutorial_interfaces.pc'
[4.908s] Level 1:colcon.colcon_core.environment:checking '/home/nbf2/support/tutorial_interfaces/install/tutorial_interfaces/lib/python3.12/site-packages'
[4.908s] Level 1:colcon.colcon_core.shell:create_environment_hook('tutorial_interfaces', 'pythonpath')
[4.908s] INFO:colcon.colcon_core.shell:Creating environment hook '/home/nbf2/support/tutorial_interfaces/install/tutorial_interfaces/share/tutorial_interfaces/hook/pythonpath.ps1'
[4.909s] INFO:colcon.colcon_core.shell:Creating environment descriptor '/home/nbf2/support/tutorial_interfaces/install/tutorial_interfaces/share/tutorial_interfaces/hook/pythonpath.dsv'
[4.909s] INFO:colcon.colcon_core.shell:Creating environment hook '/home/nbf2/support/tutorial_interfaces/install/tutorial_interfaces/share/tutorial_interfaces/hook/pythonpath.sh'
[4.910s] Level 1:colcon.colcon_core.environment:checking '/home/nbf2/support/tutorial_interfaces/install/tutorial_interfaces/bin'
[4.910s] INFO:colcon.colcon_core.shell:Creating package script '/home/nbf2/support/tutorial_interfaces/install/tutorial_interfaces/share/tutorial_interfaces/package.ps1'
[4.911s] INFO:colcon.colcon_core.shell:Creating package descriptor '/home/nbf2/support/tutorial_interfaces/install/tutorial_interfaces/share/tutorial_interfaces/package.dsv'
[4.912s] INFO:colcon.colcon_core.shell:Creating package script '/home/nbf2/support/tutorial_interfaces/install/tutorial_interfaces/share/tutorial_interfaces/package.sh'
[4.913s] INFO:colcon.colcon_core.shell:Creating package script '/home/nbf2/support/tutorial_interfaces/install/tutorial_interfaces/share/tutorial_interfaces/package.bash'
[4.913s] INFO:colcon.colcon_core.shell:Creating package script '/home/nbf2/support/tutorial_interfaces/install/tutorial_interfaces/share/tutorial_interfaces/package.zsh'
[4.914s] Level 1:colcon.colcon_core.environment:create_file_with_runtime_dependencies(/home/nbf2/support/tutorial_interfaces/install/tutorial_interfaces/share/colcon-core/packages/tutorial_interfaces)
[4.915s] Level 1:colcon.colcon_core.environment:create_environment_scripts_only(tutorial_interfaces)
[4.915s] Level 1:colcon.colcon_core.environment:checking '/home/nbf2/support/tutorial_interfaces/install/tutorial_interfaces' for CMake module files
[4.916s] Level 1:colcon.colcon_core.environment:checking '/home/nbf2/support/tutorial_interfaces/install/tutorial_interfaces' for CMake config files
[4.916s] Level 1:colcon.colcon_core.shell:create_environment_hook('tutorial_interfaces', 'cmake_prefix_path')
[4.916s] INFO:colcon.colcon_core.shell:Creating environment hook '/home/nbf2/support/tutorial_interfaces/install/tutorial_interfaces/share/tutorial_interfaces/hook/cmake_prefix_path.ps1'
[4.916s] INFO:colcon.colcon_core.shell:Creating environment descriptor '/home/nbf2/support/tutorial_interfaces/install/tutorial_interfaces/share/tutorial_interfaces/hook/cmake_prefix_path.dsv'
[4.917s] INFO:colcon.colcon_core.shell:Creating environment hook '/home/nbf2/support/tutorial_interfaces/install/tutorial_interfaces/share/tutorial_interfaces/hook/cmake_prefix_path.sh'
[4.917s] Level 1:colcon.colcon_core.environment:checking '/home/nbf2/support/tutorial_interfaces/install/tutorial_interfaces/lib'
[4.917s] Level 1:colcon.colcon_core.shell:create_environment_hook('tutorial_interfaces', 'ld_library_path_lib')
[4.917s] INFO:colcon.colcon_core.shell:Creating environment hook '/home/nbf2/support/tutorial_interfaces/install/tutorial_interfaces/share/tutorial_interfaces/hook/ld_library_path_lib.ps1'
[4.917s] INFO:colcon.colcon_core.shell:Creating environment descriptor '/home/nbf2/support/tutorial_interfaces/install/tutorial_interfaces/share/tutorial_interfaces/hook/ld_library_path_lib.dsv'
[4.917s] INFO:colcon.colcon_core.shell:Creating environment hook '/home/nbf2/support/tutorial_interfaces/install/tutorial_interfaces/share/tutorial_interfaces/hook/ld_library_path_lib.sh'
[4.918s] Level 1:colcon.colcon_core.environment:checking '/home/nbf2/support/tutorial_interfaces/install/tutorial_interfaces/bin'
[4.918s] Level 1:colcon.colcon_core.environment:checking '/home/nbf2/support/tutorial_interfaces/install/tutorial_interfaces/lib/pkgconfig/tutorial_interfaces.pc'
[4.918s] Level 1:colcon.colcon_core.environment:checking '/home/nbf2/support/tutorial_interfaces/install/tutorial_interfaces/lib/python3.12/site-packages'
[4.918s] Level 1:colcon.colcon_core.shell:create_environment_hook('tutorial_interfaces', 'pythonpath')
[4.918s] INFO:colcon.colcon_core.shell:Creating environment hook '/home/nbf2/support/tutorial_interfaces/install/tutorial_interfaces/share/tutorial_interfaces/hook/pythonpath.ps1'
[4.918s] INFO:colcon.colcon_core.shell:Creating environment descriptor '/home/nbf2/support/tutorial_interfaces/install/tutorial_interfaces/share/tutorial_interfaces/hook/pythonpath.dsv'
[4.918s] INFO:colcon.colcon_core.shell:Creating environment hook '/home/nbf2/support/tutorial_interfaces/install/tutorial_interfaces/share/tutorial_interfaces/hook/pythonpath.sh'
[4.919s] Level 1:colcon.colcon_core.environment:checking '/home/nbf2/support/tutorial_interfaces/install/tutorial_interfaces/bin'
[4.919s] INFO:colcon.colcon_core.shell:Creating package script '/home/nbf2/support/tutorial_interfaces/install/tutorial_interfaces/share/tutorial_interfaces/package.ps1'
[4.919s] INFO:colcon.colcon_core.shell:Creating package descriptor '/home/nbf2/support/tutorial_interfaces/install/tutorial_interfaces/share/tutorial_interfaces/package.dsv'
[4.919s] INFO:colcon.colcon_core.shell:Creating package script '/home/nbf2/support/tutorial_interfaces/install/tutorial_interfaces/share/tutorial_interfaces/package.sh'
[4.920s] INFO:colcon.colcon_core.shell:Creating package script '/home/nbf2/support/tutorial_interfaces/install/tutorial_interfaces/share/tutorial_interfaces/package.bash'
[4.920s] INFO:colcon.colcon_core.shell:Creating package script '/home/nbf2/support/tutorial_interfaces/install/tutorial_interfaces/share/tutorial_interfaces/package.zsh'
[4.920s] Level 1:colcon.colcon_core.environment:create_file_with_runtime_dependencies(/home/nbf2/support/tutorial_interfaces/install/tutorial_interfaces/share/colcon-core/packages/tutorial_interfaces)
[4.920s] DEBUG:colcon.colcon_parallel_executor.executor.parallel:closing loop
[4.921s] DEBUG:colcon.colcon_parallel_executor.executor.parallel:loop closed
[4.921s] DEBUG:colcon.colcon_parallel_executor.executor.parallel:run_until_complete finished with '0'
[4.921s] DEBUG:colcon.colcon_core.event_reactor:joining thread
[4.929s] INFO:colcon.colcon_core.plugin_system:Skipping extension 'colcon_notification.desktop_notification.terminal_notifier': Not used on non-Darwin systems
[4.929s] INFO:colcon.colcon_core.plugin_system:Skipping extension 'colcon_notification.desktop_notification.win32': Not used on non-Windows systems
[4.929s] INFO:colcon.colcon_notification.desktop_notification:Sending desktop notification using 'notify2'
[4.944s] DEBUG:colcon.colcon_core.event_reactor:joined thread
[4.944s] INFO:colcon.colcon_core.shell:Creating prefix script '/home/nbf2/support/tutorial_interfaces/install/local_setup.ps1'
[4.945s] INFO:colcon.colcon_core.shell:Creating prefix util module '/home/nbf2/support/tutorial_interfaces/install/_local_setup_util_ps1.py'
[4.946s] INFO:colcon.colcon_core.shell:Creating prefix chain script '/home/nbf2/support/tutorial_interfaces/install/setup.ps1'
[4.947s] INFO:colcon.colcon_core.shell:Creating prefix script '/home/nbf2/support/tutorial_interfaces/install/local_setup.sh'
[4.947s] INFO:colcon.colcon_core.shell:Creating prefix util module '/home/nbf2/support/tutorial_interfaces/install/_local_setup_util_sh.py'
[4.948s] INFO:colcon.colcon_core.shell:Creating prefix chain script '/home/nbf2/support/tutorial_interfaces/install/setup.sh'
[4.949s] INFO:colcon.colcon_core.shell:Creating prefix script '/home/nbf2/support/tutorial_interfaces/install/local_setup.bash'
[4.949s] INFO:colcon.colcon_core.shell:Creating prefix chain script '/home/nbf2/support/tutorial_interfaces/install/setup.bash'
[4.950s] INFO:colcon.colcon_core.shell:Creating prefix script '/home/nbf2/support/tutorial_interfaces/install/local_setup.zsh'
[4.951s] INFO:colcon.colcon_core.shell:Creating prefix chain script '/home/nbf2/support/tutorial_interfaces/install/setup.zsh'
