[0.481s] DEBUG:colcon:Command line arguments: ['/usr/bin/colcon', 'build']
[0.481s] DEBUG:colcon:Parsed command line arguments: Namespace(log_base=None, log_level=None, verb_name='build', build_base='build', install_base='install', merge_install=False, symlink_install=False, test_result_base=None, continue_on_error=False, executor='parallel', parallel_workers=7, event_handlers=None, ignore_user_meta=False, metas=['./colcon.meta'], base_paths=['.'], packages_ignore=None, packages_ignore_regex=None, paths=None, packages_up_to=None, packages_up_to_regex=None, packages_above=None, packages_above_and_dependencies=None, packages_above_depth=None, packages_select_by_dep=None, packages_skip_by_dep=None, packages_skip_up_to=None, packages_select_build_failed=False, packages_skip_build_finished=False, packages_select_test_failures=False, packages_skip_test_passed=False, packages_select=None, packages_skip=None, packages_select_regex=None, packages_skip_regex=None, packages_start=None, packages_end=None, allow_overriding=[], cmake_args=None, cmake_target=None, cmake_target_skip_unavailable=False, cmake_clean_cache=False, cmake_clean_first=False, cmake_force_configure=False, ament_cmake_args=None, catkin_cmake_args=None, catkin_skip_building_tests=False, mixin_files=None, mixin=None, verb_parser=<colcon_mixin.mixin.mixin_argument.MixinArgumentDecorator object at 0x7f5badd92600>, verb_extension=<colcon_core.verb.build.BuildVerb object at 0x7f5badeba330>, main=<bound method BuildVerb.main of <colcon_core.verb.build.BuildVerb object at 0x7f5badeba330>>, mixin_verb=('build',))
[0.594s] Level 1:colcon.colcon_core.package_discovery:discover_packages(colcon_meta) check parameters
[0.594s] Level 1:colcon.colcon_core.package_discovery:discover_packages(recursive) check parameters
[0.594s] Level 1:colcon.colcon_core.package_discovery:discover_packages(ignore) check parameters
[0.594s] Level 1:colcon.colcon_core.package_discovery:discover_packages(path) check parameters
[0.594s] Level 1:colcon.colcon_core.package_discovery:discover_packages(colcon_meta) discover
[0.594s] Level 1:colcon.colcon_core.package_discovery:discover_packages(recursive) discover
[0.594s] INFO:colcon.colcon_core.package_discovery:Crawling recursively for packages in '/home/fabian/yb_support/mecanum_drive_controller'
[0.594s] Level 1:colcon.colcon_core.package_identification:_identify(.) by extensions ['ignore', 'ignore_ament_install']
[0.594s] Level 1:colcon.colcon_core.package_identification:_identify(.) by extension 'ignore'
[0.594s] Level 1:colcon.colcon_core.package_identification:_identify(.) by extension 'ignore_ament_install'
[0.594s] Level 1:colcon.colcon_core.package_identification:_identify(.) by extensions ['colcon_pkg']
[0.594s] Level 1:colcon.colcon_core.package_identification:_identify(.) by extension 'colcon_pkg'
[0.595s] Level 1:colcon.colcon_core.package_identification:_identify(.) by extensions ['colcon_meta']
[0.595s] Level 1:colcon.colcon_core.package_identification:_identify(.) by extension 'colcon_meta'
[0.595s] Level 1:colcon.colcon_core.package_identification:_identify(.) by extensions ['ros']
[0.595s] Level 1:colcon.colcon_core.package_identification:_identify(.) by extension 'ros'
[0.651s] DEBUG:colcon.colcon_core.package_identification:Package '.' with type 'ros.ament_cmake' and name 'mecanum_drive_controller'
[0.651s] Level 1:colcon.colcon_core.package_discovery:discover_packages(recursive) using defaults
[0.651s] Level 1:colcon.colcon_core.package_discovery:discover_packages(ignore) discover
[0.651s] Level 1:colcon.colcon_core.package_discovery:discover_packages(ignore) using defaults
[0.651s] Level 1:colcon.colcon_core.package_discovery:discover_packages(path) discover
[0.651s] Level 1:colcon.colcon_core.package_discovery:discover_packages(path) using defaults
[0.692s] Level 1:colcon.colcon_core.package_discovery:discover_packages(prefix_path) check parameters
[0.692s] Level 1:colcon.colcon_core.package_discovery:discover_packages(prefix_path) discover
[0.703s] DEBUG:colcon.colcon_installed_package_information.package_discovery:Found 1 installed packages in /home/fabian/yb_support/twist_stamper/install
[0.704s] DEBUG:colcon.colcon_installed_package_information.package_discovery:Found 2 installed packages in /home/fabian/ros2_ws/install
[0.705s] DEBUG:colcon.colcon_installed_package_information.package_discovery:Found 1 installed packages in /home/fabian/youbot_ws/install
[0.706s] DEBUG:colcon.colcon_installed_package_information.package_discovery:Found 1 installed packages in /home/fabian/yb_ros_odrive/odrive_ros2_control/install
[0.707s] DEBUG:colcon.colcon_installed_package_information.package_discovery:Found 1 installed packages in /home/fabian/yb_mecanum_drive_controller/install
[0.711s] DEBUG:colcon.colcon_installed_package_information.package_discovery:Found 366 installed packages in /opt/ros/rolling
[0.713s] Level 1:colcon.colcon_core.package_discovery:discover_packages(prefix_path) using defaults
[0.909s] WARNING:colcon.colcon_core.package_selection:Some selected packages are already built in one or more underlay workspaces:
	'mecanum_drive_controller' is in: /opt/ros/rolling
If a package in a merged underlay workspace is overridden and it installs headers, then all packages in the overlay must sort their include directories by workspace order. Failure to do so may result in build failures or undefined behavior at run time.
If the overridden package is used by another package in any underlay, then the overriding package in the overlay must be API and ABI compatible or undefined behavior at run time may occur.

If you understand the risks and want to override a package anyways, add the following to the command line:
	--allow-overriding mecanum_drive_controller

This may be promoted to an error in a future release of colcon-override-check.
[0.910s] Level 5:colcon.colcon_core.verb:set package 'mecanum_drive_controller' build argument 'cmake_args' from command line to 'None'
[0.910s] Level 5:colcon.colcon_core.verb:set package 'mecanum_drive_controller' build argument 'cmake_target' from command line to 'None'
[0.910s] Level 5:colcon.colcon_core.verb:set package 'mecanum_drive_controller' build argument 'cmake_target_skip_unavailable' from command line to 'False'
[0.910s] Level 5:colcon.colcon_core.verb:set package 'mecanum_drive_controller' build argument 'cmake_clean_cache' from command line to 'False'
[0.910s] Level 5:colcon.colcon_core.verb:set package 'mecanum_drive_controller' build argument 'cmake_clean_first' from command line to 'False'
[0.910s] Level 5:colcon.colcon_core.verb:set package 'mecanum_drive_controller' build argument 'cmake_force_configure' from command line to 'False'
[0.910s] Level 5:colcon.colcon_core.verb:set package 'mecanum_drive_controller' build argument 'ament_cmake_args' from command line to 'None'
[0.910s] Level 5:colcon.colcon_core.verb:set package 'mecanum_drive_controller' build argument 'catkin_cmake_args' from command line to 'None'
[0.911s] Level 5:colcon.colcon_core.verb:set package 'mecanum_drive_controller' build argument 'catkin_skip_building_tests' from command line to 'False'
[0.911s] DEBUG:colcon.colcon_core.verb:Building package 'mecanum_drive_controller' with the following arguments: {'ament_cmake_args': None, 'build_base': '/home/fabian/yb_support/mecanum_drive_controller/build/mecanum_drive_controller', 'catkin_cmake_args': None, 'catkin_skip_building_tests': False, 'cmake_args': None, 'cmake_clean_cache': False, 'cmake_clean_first': False, 'cmake_force_configure': False, 'cmake_target': None, 'cmake_target_skip_unavailable': False, 'install_base': '/home/fabian/yb_support/mecanum_drive_controller/install/mecanum_drive_controller', 'merge_install': False, 'path': '/home/fabian/yb_support/mecanum_drive_controller', 'symlink_install': False, 'test_result_base': None}
[0.911s] INFO:colcon.colcon_core.executor:Executing jobs using 'parallel' executor
[0.912s] DEBUG:colcon.colcon_parallel_executor.executor.parallel:run_until_complete
[0.912s] INFO:colcon.colcon_ros.task.ament_cmake.build:Building ROS package in '/home/fabian/yb_support/mecanum_drive_controller' with build type 'ament_cmake'
[0.912s] INFO:colcon.colcon_cmake.task.cmake.build:Building CMake package in '/home/fabian/yb_support/mecanum_drive_controller'
[0.920s] INFO:colcon.colcon_core.plugin_system:Skipping extension 'colcon_core.shell.bat': Not used on non-Windows systems
[0.921s] INFO:colcon.colcon_core.shell:Skip shell extension 'powershell' for command environment: Not usable outside of PowerShell
[0.921s] DEBUG:colcon.colcon_core.shell:Skip shell extension 'dsv' for command environment
[0.936s] DEBUG:colcon.colcon_core.event_handler.log_command:Invoking command in '/home/fabian/yb_support/mecanum_drive_controller/build/mecanum_drive_controller': CMAKE_PREFIX_PATH=${CMAKE_PREFIX_PATH}:/home/fabian/yb_support/twist_stamper/install/twist_stamper:/home/fabian/youbot_ws/install/youbot:/opt/ros/rolling DEBUGINFOD_URLS=https://debuginfod.ubuntu.com /usr/bin/cmake /home/fabian/yb_support/mecanum_drive_controller -DCMAKE_INSTALL_PREFIX=/home/fabian/yb_support/mecanum_drive_controller/install/mecanum_drive_controller
[1.602s] DEBUG:colcon.colcon_parallel_executor.executor.parallel:run_until_complete was interrupted
[1.602s] DEBUG:colcon.colcon_parallel_executor.executor.parallel:run_until_complete again
[1.605s] DEBUG:colcon.colcon_core.event_handler.log_command:Invoked command in '/home/fabian/yb_support/mecanum_drive_controller/build/mecanum_drive_controller' returned '-2': CMAKE_PREFIX_PATH=${CMAKE_PREFIX_PATH}:/home/fabian/yb_support/twist_stamper/install/twist_stamper:/home/fabian/youbot_ws/install/youbot:/opt/ros/rolling DEBUGINFOD_URLS=https://debuginfod.ubuntu.com /usr/bin/cmake /home/fabian/yb_support/mecanum_drive_controller -DCMAKE_INSTALL_PREFIX=/home/fabian/yb_support/mecanum_drive_controller/install/mecanum_drive_controller
[1.605s] Level 1:colcon.colcon_core.environment:create_environment_scripts_only(mecanum_drive_controller)
[1.613s] Level 1:colcon.colcon_core.environment:checking '/home/fabian/yb_support/mecanum_drive_controller/install/mecanum_drive_controller' for CMake module files
[1.614s] Level 1:colcon.colcon_core.environment:checking '/home/fabian/yb_support/mecanum_drive_controller/install/mecanum_drive_controller' for CMake config files
[1.614s] Level 1:colcon.colcon_core.environment:checking '/home/fabian/yb_support/mecanum_drive_controller/install/mecanum_drive_controller/bin'
[1.614s] Level 1:colcon.colcon_core.environment:checking '/home/fabian/yb_support/mecanum_drive_controller/install/mecanum_drive_controller/lib/pkgconfig/mecanum_drive_controller.pc'
[1.614s] Level 1:colcon.colcon_core.environment:checking '/home/fabian/yb_support/mecanum_drive_controller/install/mecanum_drive_controller/lib/python3.12/site-packages'
[1.615s] Level 1:colcon.colcon_core.environment:checking '/home/fabian/yb_support/mecanum_drive_controller/install/mecanum_drive_controller/bin'
[1.615s] INFO:colcon.colcon_core.shell:Creating package script '/home/fabian/yb_support/mecanum_drive_controller/install/mecanum_drive_controller/share/mecanum_drive_controller/package.ps1'
[1.617s] INFO:colcon.colcon_core.shell:Creating package descriptor '/home/fabian/yb_support/mecanum_drive_controller/install/mecanum_drive_controller/share/mecanum_drive_controller/package.dsv'
[1.618s] INFO:colcon.colcon_core.shell:Creating package script '/home/fabian/yb_support/mecanum_drive_controller/install/mecanum_drive_controller/share/mecanum_drive_controller/package.sh'
[1.619s] INFO:colcon.colcon_core.shell:Creating package script '/home/fabian/yb_support/mecanum_drive_controller/install/mecanum_drive_controller/share/mecanum_drive_controller/package.bash'
[1.620s] INFO:colcon.colcon_core.shell:Creating package script '/home/fabian/yb_support/mecanum_drive_controller/install/mecanum_drive_controller/share/mecanum_drive_controller/package.zsh'
[1.621s] Level 1:colcon.colcon_core.environment:create_file_with_runtime_dependencies(/home/fabian/yb_support/mecanum_drive_controller/install/mecanum_drive_controller/share/colcon-core/packages/mecanum_drive_controller)
[1.632s] DEBUG:colcon.colcon_parallel_executor.executor.parallel:run_until_complete finished
[1.633s] DEBUG:colcon.colcon_parallel_executor.executor.parallel:closing loop
[1.633s] DEBUG:colcon.colcon_parallel_executor.executor.parallel:loop closed
[1.633s] DEBUG:colcon.colcon_core.event_reactor:joining thread
[1.728s] INFO:colcon.colcon_core.plugin_system:Skipping extension 'colcon_notification.desktop_notification.notify_send': Could not find 'notify-send'
[1.729s] INFO:colcon.colcon_core.plugin_system:Skipping extension 'colcon_notification.desktop_notification.terminal_notifier': Not used on non-Darwin systems
[1.729s] INFO:colcon.colcon_core.plugin_system:Skipping extension 'colcon_notification.desktop_notification.win32': Not used on non-Windows systems
[1.729s] INFO:colcon.colcon_notification.desktop_notification:Sending desktop notification using 'notify2'
[1.731s] DEBUG:colcon.colcon_notification.desktop_notification.notify2:Failed to initialize notify2: org.freedesktop.DBus.Error.ServiceUnknown: The name org.freedesktop.Notifications was not provided by any .service files
[1.731s] DEBUG:colcon.colcon_core.event_reactor:joined thread
[1.731s] INFO:colcon.colcon_core.shell:Creating prefix script '/home/fabian/yb_support/mecanum_drive_controller/install/local_setup.ps1'
[1.733s] INFO:colcon.colcon_core.shell:Creating prefix util module '/home/fabian/yb_support/mecanum_drive_controller/install/_local_setup_util_ps1.py'
[1.734s] INFO:colcon.colcon_core.shell:Creating prefix chain script '/home/fabian/yb_support/mecanum_drive_controller/install/setup.ps1'
[1.736s] INFO:colcon.colcon_core.shell:Creating prefix script '/home/fabian/yb_support/mecanum_drive_controller/install/local_setup.sh'
[1.737s] INFO:colcon.colcon_core.shell:Creating prefix util module '/home/fabian/yb_support/mecanum_drive_controller/install/_local_setup_util_sh.py'
[1.738s] INFO:colcon.colcon_core.shell:Creating prefix chain script '/home/fabian/yb_support/mecanum_drive_controller/install/setup.sh'
[1.740s] INFO:colcon.colcon_core.shell:Creating prefix script '/home/fabian/yb_support/mecanum_drive_controller/install/local_setup.bash'
[1.741s] INFO:colcon.colcon_core.shell:Creating prefix chain script '/home/fabian/yb_support/mecanum_drive_controller/install/setup.bash'
[1.743s] INFO:colcon.colcon_core.shell:Creating prefix script '/home/fabian/yb_support/mecanum_drive_controller/install/local_setup.zsh'
[1.744s] INFO:colcon.colcon_core.shell:Creating prefix chain script '/home/fabian/yb_support/mecanum_drive_controller/install/setup.zsh'
