[0.050s] Invoking command in '/home/fabian/unilidar_sdk2/build/unitree_lidar_ros2': CMAKE_PREFIX_PATH=${CMAKE_PREFIX_PATH}:/home/fabian/yb_support/twist_stamper/install/twist_stamper:/home/fabian/youbot_ws/install/youbot:/opt/ros/rolling DEBUGINFOD_URLS=https://debuginfod.ubuntu.com /usr/bin/cmake /home/fabian/unilidar_sdk2/unitree_lidar_ros2/src/unitree_lidar_ros2 -DAMENT_CMAKE_SYMLINK_INSTALL=1 -DCMAKE_INSTALL_PREFIX=/home/fabian/unilidar_sdk2/install/unitree_lidar_ros2
[0.595s] -- The C compiler identification is GNU 13.3.0
[2.559s] -- The CXX compiler identification is GNU 13.3.0
[4.337s] -- Detecting C compiler ABI info
[5.337s] -- Detecting C compiler ABI info - done
[5.367s] -- Check for working C compiler: /usr/bin/cc - skipped
[5.368s] -- Detecting C compile features
[5.369s] -- Detecting C compile features - done
[5.704s] -- Detecting CXX compiler ABI info
[6.730s] -- Detecting CXX compiler ABI info - done
[6.762s] -- Check for working CXX compiler: /usr/bin/c++ - skipped
[6.764s] -- Detecting CXX compile features
[6.765s] -- Detecting CXX compile features - done
[6.795s] -- Found ament_cmake: 2.7.2 (/opt/ros/rolling/share/ament_cmake/cmake)
[7.658s] -- Found Python3: /usr/bin/python3 (found version "3.12.3") found components: Interpreter 
[8.379s] -- Override CMake install command with custom implementation using symlinks instead of copying resources
[8.798s] -- Found rclcpp: 29.4.0 (/opt/ros/rolling/share/rclcpp/cmake)
[9.771s] -- Found rosidl_generator_c: 4.9.3 (/opt/ros/rolling/share/rosidl_generator_c/cmake)
[9.841s] -- Found rosidl_generator_cpp: 4.9.3 (/opt/ros/rolling/share/rosidl_generator_cpp/cmake)
[9.922s] -- Using all available rosidl_typesupport_c: rosidl_typesupport_fastrtps_c;rosidl_typesupport_introspection_c
[10.035s] -- Using all available rosidl_typesupport_cpp: rosidl_typesupport_fastrtps_cpp;rosidl_typesupport_introspection_cpp
[10.384s] -- Found rmw_implementation_cmake: 7.8.1 (/opt/ros/rolling/share/rmw_implementation_cmake/cmake)
[10.405s] -- Found rmw_fastrtps_cpp: 9.3.1 (/opt/ros/rolling/share/rmw_fastrtps_cpp/cmake)
[10.943s] -- Found OpenSSL: /usr/lib/x86_64-linux-gnu/libcrypto.so (found version "3.0.13")  
[10.980s] -- Using RMW implementation 'rmw_fastrtps_cpp' as default
[11.849s] -- Found std_msgs: 5.5.0 (/opt/ros/rolling/share/std_msgs/cmake)
[11.878s] -- Found geometry_msgs: 5.5.0 (/opt/ros/rolling/share/geometry_msgs/cmake)
[11.909s] -- Found pcl_conversions: 2.6.3 (/opt/ros/rolling/share/pcl_conversions/cmake)
[12.132s] [33mCMake Warning (dev) at /usr/lib/x86_64-linux-gnu/cmake/pcl/Modules/FindFLANN.cmake:45 (find_package):
[12.133s]   Policy CMP0144 is not set: find_package uses upper-case <PACKAGENAME>_ROOT
[12.133s]   variables.  Run "cmake --help-policy CMP0144" for policy details.  Use the
[12.133s]   cmake_policy command to set the policy and suppress this warning.
[12.133s] 
[12.133s]   CMake variable FLANN_ROOT is set to:
[12.133s] 
[12.134s]     /usr
[12.134s] 
[12.134s]   For compatibility, find_package is ignoring the variable, but code in a
[12.134s]   .cmake module might still use it.
[12.134s] Call Stack (most recent call first):
[12.134s]   /usr/lib/x86_64-linux-gnu/cmake/pcl/PCLConfig.cmake:261 (find_package)
[12.135s]   /usr/lib/x86_64-linux-gnu/cmake/pcl/PCLConfig.cmake:306 (find_flann)
[12.135s]   /usr/lib/x86_64-linux-gnu/cmake/pcl/PCLConfig.cmake:570 (find_external_library)
[12.135s]   /opt/ros/rolling/share/pcl_conversions/cmake/ament_cmake_export_dependencies-extras.cmake:21 (find_package)
[12.135s]   /opt/ros/rolling/share/pcl_conversions/cmake/pcl_conversionsConfig.cmake:41 (include)
[12.135s]   CMakeLists.txt:22 (find_package)
[12.135s] This warning is for project developers.  Use -Wno-dev to suppress it.
[12.135s] [0m
[12.136s] -- Found flann version 1.9.2
[13.293s] -- Found OpenMP_CXX: -fopenmp (found version "4.5") 
[13.293s] -- Found OpenMP: TRUE (found version "4.5") found components: CXX 
[28.938s] -- Checking for module 'libusb-1.0'
[28.962s] --   Found libusb-1.0, version 1.0.27
[29.135s] -- Found libusb: /usr/lib/x86_64-linux-gnu/libusb-1.0.so  
[29.137s] -- OpenNI found (version: 1.5.4.0, include: /usr/include/ni, lib: /usr/lib/libOpenNI.so;libusb::libusb)
[29.445s] -- OpenNI2 found (version: 2.2.0.33, include: /usr/include/openni2, lib: /usr/lib/x86_64-linux-gnu/libOpenNI2.so;libusb::libusb)
[29.573s] -- Could NOT find Pcap (missing: PCAP_LIBRARIES PCAP_INCLUDE_DIRS) 
[30.041s] -- Found ZLIB: /usr/lib/x86_64-linux-gnu/libz.so (found version "1.3")  
[30.435s] -- Found PNG: /usr/lib/x86_64-linux-gnu/libpng.so (found version "1.6.43") 
[41.547s] -- OpenNI found (version: 1.5.4.0, include: /usr/include/ni, lib: /usr/lib/libOpenNI.so;libusb::libusb)
[41.557s] -- OpenNI2 found (version: 2.2.0.33, include: /usr/include/openni2, lib: /usr/lib/x86_64-linux-gnu/libOpenNI2.so;libusb::libusb)
[53.091s] -- Found Qhull version 8.0.2
[61.787s] -- OpenNI found (version: 1.5.4.0, include: /usr/include/ni, lib: /usr/lib/libOpenNI.so;libusb::libusb)
[70.023s] -- Found PCL_COMMON: /usr/lib/x86_64-linux-gnu/libpcl_common.so  
[70.024s] -- Found PCL_KDTREE: /usr/lib/x86_64-linux-gnu/libpcl_kdtree.so  
[70.026s] -- Found PCL_OCTREE: /usr/lib/x86_64-linux-gnu/libpcl_octree.so  
[70.027s] -- Found PCL_SEARCH: /usr/lib/x86_64-linux-gnu/libpcl_search.so  
[70.028s] -- Found PCL_SAMPLE_CONSENSUS: /usr/lib/x86_64-linux-gnu/libpcl_sample_consensus.so  
[70.029s] -- Found PCL_FILTERS: /usr/lib/x86_64-linux-gnu/libpcl_filters.so  
[70.030s] -- Found PCL_2D: /usr/include/pcl-1.14  
[70.030s] -- Found PCL_GEOMETRY: /usr/include/pcl-1.14  
[70.031s] -- Found PCL_IO: /usr/lib/x86_64-linux-gnu/libpcl_io.so  
[70.033s] -- Found PCL_FEATURES: /usr/lib/x86_64-linux-gnu/libpcl_features.so  
[70.034s] -- Found PCL_ML: /usr/lib/x86_64-linux-gnu/libpcl_ml.so  
[70.035s] -- Found PCL_SEGMENTATION: /usr/lib/x86_64-linux-gnu/libpcl_segmentation.so  
[70.036s] -- Found PCL_VISUALIZATION: /usr/lib/x86_64-linux-gnu/libpcl_visualization.so  
[70.038s] -- Found PCL_SURFACE: /usr/lib/x86_64-linux-gnu/libpcl_surface.so  
[70.039s] -- Found PCL_REGISTRATION: /usr/lib/x86_64-linux-gnu/libpcl_registration.so  
[70.040s] -- Found PCL_KEYPOINTS: /usr/lib/x86_64-linux-gnu/libpcl_keypoints.so  
[70.042s] -- Found PCL_TRACKING: /usr/lib/x86_64-linux-gnu/libpcl_tracking.so  
[70.043s] -- Found PCL_RECOGNITION: /usr/lib/x86_64-linux-gnu/libpcl_recognition.so  
[70.045s] -- Found PCL_STEREO: /usr/lib/x86_64-linux-gnu/libpcl_stereo.so  
[70.046s] -- Found PCL_APPS: /usr/lib/x86_64-linux-gnu/libpcl_apps.so  
[70.047s] -- Found PCL_IN_HAND_SCANNER: /usr/include/pcl-1.14  
[70.048s] -- Found PCL_MODELER: /usr/include/pcl-1.14  
[70.048s] -- Found PCL_POINT_CLOUD_EDITOR: /usr/include/pcl-1.14  
[70.050s] -- Found PCL_OUTOFCORE: /usr/lib/x86_64-linux-gnu/libpcl_outofcore.so  
[70.051s] -- Found PCL_PEOPLE: /usr/lib/x86_64-linux-gnu/libpcl_people.so  
[70.054s] [33mCMake Warning (dev) at CMakeLists.txt:23 (find_package):
[70.054s]   Policy CMP0074 is not set: find_package uses <PackageName>_ROOT variables.
[70.054s]   Run "cmake --help-policy CMP0074" for policy details.  Use the cmake_policy
[70.054s]   command to set the policy and suppress this warning.
[70.054s] 
[70.054s]   CMake variable PCL_ROOT is set to:
[70.054s] 
[70.054s]     /usr
[70.055s] 
[70.055s]   For compatibility, CMake is ignoring the variable.
[70.055s] This warning is for project developers.  Use -Wno-dev to suppress it.
[70.055s] [0m
[70.071s] -- Found tf2_ros: 0.40.1 (/opt/ros/rolling/share/tf2_ros/cmake)
[70.432s] -- Configuring done (70.3s)
[70.575s] -- Generating done (0.1s)
[70.583s] -- Build files have been written to: /home/fabian/unilidar_sdk2/build/unitree_lidar_ros2
[70.614s] Invoked command in '/home/fabian/unilidar_sdk2/build/unitree_lidar_ros2' returned '0': CMAKE_PREFIX_PATH=${CMAKE_PREFIX_PATH}:/home/fabian/yb_support/twist_stamper/install/twist_stamper:/home/fabian/youbot_ws/install/youbot:/opt/ros/rolling DEBUGINFOD_URLS=https://debuginfod.ubuntu.com /usr/bin/cmake /home/fabian/unilidar_sdk2/unitree_lidar_ros2/src/unitree_lidar_ros2 -DAMENT_CMAKE_SYMLINK_INSTALL=1 -DCMAKE_INSTALL_PREFIX=/home/fabian/unilidar_sdk2/install/unitree_lidar_ros2
[70.616s] Invoking command in '/home/fabian/unilidar_sdk2/build/unitree_lidar_ros2': CMAKE_PREFIX_PATH=${CMAKE_PREFIX_PATH}:/home/fabian/yb_support/twist_stamper/install/twist_stamper:/home/fabian/youbot_ws/install/youbot:/opt/ros/rolling DEBUGINFOD_URLS=https://debuginfod.ubuntu.com /usr/bin/cmake --build /home/fabian/unilidar_sdk2/build/unitree_lidar_ros2 -- -j7 -l7
[70.715s] [ 50%] [32mBuilding CXX object CMakeFiles/unitree_lidar_ros2_node.dir/src/unitree_lidar_ros2_node.cpp.o[0m
[89.774s] [100%] [32m[1mLinking CXX executable unitree_lidar_ros2_node[0m
[91.209s] [100%] Built target unitree_lidar_ros2_node
