[0.332s] DEBUG:colcon:Command line arguments: ['/usr/bin/colcon', 'build', '--symlink-install']
[0.332s] DEBUG:colcon:Parsed command line arguments: Namespace(log_base=None, log_level=None, verb_name='build', build_base='build', install_base='install', merge_install=False, symlink_install=True, test_result_base=None, continue_on_error=False, executor='parallel', parallel_workers=7, event_handlers=None, ignore_user_meta=False, metas=['./colcon.meta'], base_paths=['.'], packages_ignore=None, packages_ignore_regex=None, paths=None, packages_up_to=None, packages_up_to_regex=None, packages_above=None, packages_above_and_dependencies=None, packages_above_depth=None, packages_select_by_dep=None, packages_skip_by_dep=None, packages_skip_up_to=None, packages_select_build_failed=False, packages_skip_build_finished=False, packages_select_test_failures=False, packages_skip_test_passed=False, packages_select=None, packages_skip=None, packages_select_regex=None, packages_skip_regex=None, packages_start=None, packages_end=None, allow_overriding=[], cmake_args=None, cmake_target=None, cmake_target_skip_unavailable=False, cmake_clean_cache=False, cmake_clean_first=False, cmake_force_configure=False, ament_cmake_args=None, catkin_cmake_args=None, catkin_skip_building_tests=False, mixin_files=None, mixin=None, verb_parser=<colcon_mixin.mixin.mixin_argument.MixinArgumentDecorator object at 0x78fec0296f60>, verb_extension=<colcon_core.verb.build.BuildVerb object at 0x78fec03bf020>, main=<bound method BuildVerb.main of <colcon_core.verb.build.BuildVerb object at 0x78fec03bf020>>, mixin_verb=('build',))
[0.393s] Level 1:colcon.colcon_core.package_discovery:discover_packages(colcon_meta) check parameters
[0.393s] Level 1:colcon.colcon_core.package_discovery:discover_packages(recursive) check parameters
[0.393s] Level 1:colcon.colcon_core.package_discovery:discover_packages(ignore) check parameters
[0.393s] Level 1:colcon.colcon_core.package_discovery:discover_packages(path) check parameters
[0.393s] Level 1:colcon.colcon_core.package_discovery:discover_packages(colcon_meta) discover
[0.393s] Level 1:colcon.colcon_core.package_discovery:discover_packages(recursive) discover
[0.393s] INFO:colcon.colcon_core.package_discovery:Crawling recursively for packages in '/home/fabian/yb_support/unilidar_sdk2'
[0.393s] Level 1:colcon.colcon_core.package_identification:_identify(.) by extensions ['ignore', 'ignore_ament_install']
[0.393s] Level 1:colcon.colcon_core.package_identification:_identify(.) by extension 'ignore'
[0.393s] Level 1:colcon.colcon_core.package_identification:_identify(.) by extension 'ignore_ament_install'
[0.394s] Level 1:colcon.colcon_core.package_identification:_identify(.) by extensions ['colcon_pkg']
[0.394s] Level 1:colcon.colcon_core.package_identification:_identify(.) by extension 'colcon_pkg'
[0.394s] Level 1:colcon.colcon_core.package_identification:_identify(.) by extensions ['colcon_meta']
[0.394s] Level 1:colcon.colcon_core.package_identification:_identify(.) by extension 'colcon_meta'
[0.394s] Level 1:colcon.colcon_core.package_identification:_identify(.) by extensions ['ros']
[0.394s] Level 1:colcon.colcon_core.package_identification:_identify(.) by extension 'ros'
[0.436s] Level 1:colcon.colcon_core.package_identification:_identify(.) by extensions ['cmake', 'python']
[0.436s] Level 1:colcon.colcon_core.package_identification:_identify(.) by extension 'cmake'
[0.436s] Level 1:colcon.colcon_core.package_identification:_identify(.) by extension 'python'
[0.436s] Level 1:colcon.colcon_core.package_identification:_identify(.) by extensions ['python_setup_py']
[0.436s] Level 1:colcon.colcon_core.package_identification:_identify(.) by extension 'python_setup_py'
[0.437s] Level 1:colcon.colcon_core.package_identification:_identify(build) by extensions ['ignore', 'ignore_ament_install']
[0.437s] Level 1:colcon.colcon_core.package_identification:_identify(build) by extension 'ignore'
[0.437s] Level 1:colcon.colcon_core.package_identification:_identify(build) ignored
[0.437s] Level 1:colcon.colcon_core.package_identification:_identify(docs) by extensions ['ignore', 'ignore_ament_install']
[0.437s] Level 1:colcon.colcon_core.package_identification:_identify(docs) by extension 'ignore'
[0.437s] Level 1:colcon.colcon_core.package_identification:_identify(docs) by extension 'ignore_ament_install'
[0.437s] Level 1:colcon.colcon_core.package_identification:_identify(docs) by extensions ['colcon_pkg']
[0.437s] Level 1:colcon.colcon_core.package_identification:_identify(docs) by extension 'colcon_pkg'
[0.437s] Level 1:colcon.colcon_core.package_identification:_identify(docs) by extensions ['colcon_meta']
[0.437s] Level 1:colcon.colcon_core.package_identification:_identify(docs) by extension 'colcon_meta'
[0.437s] Level 1:colcon.colcon_core.package_identification:_identify(docs) by extensions ['ros']
[0.438s] Level 1:colcon.colcon_core.package_identification:_identify(docs) by extension 'ros'
[0.438s] Level 1:colcon.colcon_core.package_identification:_identify(docs) by extensions ['cmake', 'python']
[0.438s] Level 1:colcon.colcon_core.package_identification:_identify(docs) by extension 'cmake'
[0.438s] Level 1:colcon.colcon_core.package_identification:_identify(docs) by extension 'python'
[0.438s] Level 1:colcon.colcon_core.package_identification:_identify(docs) by extensions ['python_setup_py']
[0.438s] Level 1:colcon.colcon_core.package_identification:_identify(docs) by extension 'python_setup_py'
[0.438s] Level 1:colcon.colcon_core.package_identification:_identify(install) by extensions ['ignore', 'ignore_ament_install']
[0.438s] Level 1:colcon.colcon_core.package_identification:_identify(install) by extension 'ignore'
[0.438s] Level 1:colcon.colcon_core.package_identification:_identify(install) ignored
[0.438s] Level 1:colcon.colcon_core.package_identification:_identify(log) by extensions ['ignore', 'ignore_ament_install']
[0.438s] Level 1:colcon.colcon_core.package_identification:_identify(log) by extension 'ignore'
[0.438s] Level 1:colcon.colcon_core.package_identification:_identify(log) ignored
[0.438s] Level 1:colcon.colcon_core.package_identification:_identify(unitree_lidar_ros2) by extensions ['ignore', 'ignore_ament_install']
[0.439s] Level 1:colcon.colcon_core.package_identification:_identify(unitree_lidar_ros2) by extension 'ignore'
[0.439s] Level 1:colcon.colcon_core.package_identification:_identify(unitree_lidar_ros2) by extension 'ignore_ament_install'
[0.439s] Level 1:colcon.colcon_core.package_identification:_identify(unitree_lidar_ros2) by extensions ['colcon_pkg']
[0.439s] Level 1:colcon.colcon_core.package_identification:_identify(unitree_lidar_ros2) by extension 'colcon_pkg'
[0.439s] Level 1:colcon.colcon_core.package_identification:_identify(unitree_lidar_ros2) by extensions ['colcon_meta']
[0.439s] Level 1:colcon.colcon_core.package_identification:_identify(unitree_lidar_ros2) by extension 'colcon_meta'
[0.439s] Level 1:colcon.colcon_core.package_identification:_identify(unitree_lidar_ros2) by extensions ['ros']
[0.439s] Level 1:colcon.colcon_core.package_identification:_identify(unitree_lidar_ros2) by extension 'ros'
[0.439s] Level 1:colcon.colcon_core.package_identification:_identify(unitree_lidar_ros2) by extensions ['cmake', 'python']
[0.439s] Level 1:colcon.colcon_core.package_identification:_identify(unitree_lidar_ros2) by extension 'cmake'
[0.439s] Level 1:colcon.colcon_core.package_identification:_identify(unitree_lidar_ros2) by extension 'python'
[0.439s] Level 1:colcon.colcon_core.package_identification:_identify(unitree_lidar_ros2) by extensions ['python_setup_py']
[0.439s] Level 1:colcon.colcon_core.package_identification:_identify(unitree_lidar_ros2) by extension 'python_setup_py'
[0.439s] Level 1:colcon.colcon_core.package_identification:_identify(unitree_lidar_ros2/src) by extensions ['ignore', 'ignore_ament_install']
[0.439s] Level 1:colcon.colcon_core.package_identification:_identify(unitree_lidar_ros2/src) by extension 'ignore'
[0.439s] Level 1:colcon.colcon_core.package_identification:_identify(unitree_lidar_ros2/src) by extension 'ignore_ament_install'
[0.440s] Level 1:colcon.colcon_core.package_identification:_identify(unitree_lidar_ros2/src) by extensions ['colcon_pkg']
[0.440s] Level 1:colcon.colcon_core.package_identification:_identify(unitree_lidar_ros2/src) by extension 'colcon_pkg'
[0.440s] Level 1:colcon.colcon_core.package_identification:_identify(unitree_lidar_ros2/src) by extensions ['colcon_meta']
[0.440s] Level 1:colcon.colcon_core.package_identification:_identify(unitree_lidar_ros2/src) by extension 'colcon_meta'
[0.440s] Level 1:colcon.colcon_core.package_identification:_identify(unitree_lidar_ros2/src) by extensions ['ros']
[0.440s] Level 1:colcon.colcon_core.package_identification:_identify(unitree_lidar_ros2/src) by extension 'ros'
[0.440s] Level 1:colcon.colcon_core.package_identification:_identify(unitree_lidar_ros2/src) by extensions ['cmake', 'python']
[0.440s] Level 1:colcon.colcon_core.package_identification:_identify(unitree_lidar_ros2/src) by extension 'cmake'
[0.440s] Level 1:colcon.colcon_core.package_identification:_identify(unitree_lidar_ros2/src) by extension 'python'
[0.440s] Level 1:colcon.colcon_core.package_identification:_identify(unitree_lidar_ros2/src) by extensions ['python_setup_py']
[0.440s] Level 1:colcon.colcon_core.package_identification:_identify(unitree_lidar_ros2/src) by extension 'python_setup_py'
[0.440s] Level 1:colcon.colcon_core.package_identification:_identify(unitree_lidar_ros2/src/unitree_lidar_ros2) by extensions ['ignore', 'ignore_ament_install']
[0.440s] Level 1:colcon.colcon_core.package_identification:_identify(unitree_lidar_ros2/src/unitree_lidar_ros2) by extension 'ignore'
[0.440s] Level 1:colcon.colcon_core.package_identification:_identify(unitree_lidar_ros2/src/unitree_lidar_ros2) by extension 'ignore_ament_install'
[0.440s] Level 1:colcon.colcon_core.package_identification:_identify(unitree_lidar_ros2/src/unitree_lidar_ros2) by extensions ['colcon_pkg']
[0.440s] Level 1:colcon.colcon_core.package_identification:_identify(unitree_lidar_ros2/src/unitree_lidar_ros2) by extension 'colcon_pkg'
[0.440s] Level 1:colcon.colcon_core.package_identification:_identify(unitree_lidar_ros2/src/unitree_lidar_ros2) by extensions ['colcon_meta']
[0.440s] Level 1:colcon.colcon_core.package_identification:_identify(unitree_lidar_ros2/src/unitree_lidar_ros2) by extension 'colcon_meta'
[0.441s] Level 1:colcon.colcon_core.package_identification:_identify(unitree_lidar_ros2/src/unitree_lidar_ros2) by extensions ['ros']
[0.441s] Level 1:colcon.colcon_core.package_identification:_identify(unitree_lidar_ros2/src/unitree_lidar_ros2) by extension 'ros'
[0.444s] DEBUG:colcon.colcon_core.package_identification:Package 'unitree_lidar_ros2/src/unitree_lidar_ros2' with type 'ros.ament_cmake' and name 'unitree_lidar_ros2'
[0.444s] Level 1:colcon.colcon_core.package_identification:_identify(unitree_lidar_sdk) by extensions ['ignore', 'ignore_ament_install']
[0.444s] Level 1:colcon.colcon_core.package_identification:_identify(unitree_lidar_sdk) by extension 'ignore'
[0.444s] Level 1:colcon.colcon_core.package_identification:_identify(unitree_lidar_sdk) by extension 'ignore_ament_install'
[0.444s] Level 1:colcon.colcon_core.package_identification:_identify(unitree_lidar_sdk) by extensions ['colcon_pkg']
[0.444s] Level 1:colcon.colcon_core.package_identification:_identify(unitree_lidar_sdk) by extension 'colcon_pkg'
[0.444s] Level 1:colcon.colcon_core.package_identification:_identify(unitree_lidar_sdk) by extensions ['colcon_meta']
[0.444s] Level 1:colcon.colcon_core.package_identification:_identify(unitree_lidar_sdk) by extension 'colcon_meta'
[0.445s] Level 1:colcon.colcon_core.package_identification:_identify(unitree_lidar_sdk) by extensions ['ros']
[0.445s] Level 1:colcon.colcon_core.package_identification:_identify(unitree_lidar_sdk) by extension 'ros'
[0.445s] Level 1:colcon.colcon_core.package_identification:_identify(unitree_lidar_sdk) by extensions ['cmake', 'python']
[0.445s] Level 1:colcon.colcon_core.package_identification:_identify(unitree_lidar_sdk) by extension 'cmake'
[0.450s] Level 1:colcon.colcon_core.package_identification:_identify(unitree_lidar_sdk) by extension 'python'
[0.451s] DEBUG:colcon.colcon_core.package_identification:Package 'unitree_lidar_sdk' with type 'cmake' and name 'unitree_lidar_sdk'
[0.451s] Level 1:colcon.colcon_core.package_discovery:discover_packages(recursive) using defaults
[0.451s] Level 1:colcon.colcon_core.package_discovery:discover_packages(ignore) discover
[0.451s] Level 1:colcon.colcon_core.package_discovery:discover_packages(ignore) using defaults
[0.451s] Level 1:colcon.colcon_core.package_discovery:discover_packages(path) discover
[0.451s] Level 1:colcon.colcon_core.package_discovery:discover_packages(path) using defaults
[0.476s] Level 1:colcon.colcon_core.package_discovery:discover_packages(prefix_path) check parameters
[0.476s] Level 1:colcon.colcon_core.package_discovery:discover_packages(prefix_path) discover
[0.477s] WARNING:colcon.colcon_ros.prefix_path.ament:The path '/home/fabian/yb_support/pointcloud_to_laserscan/install/pointcloud_to_laserscan' in the environment variable AMENT_PREFIX_PATH doesn't exist
[0.479s] WARNING:colcon.colcon_ros.prefix_path.catkin:The path '/home/fabian/yb_support/pointcloud_to_laserscan/install/pointcloud_to_laserscan' in the environment variable CMAKE_PREFIX_PATH doesn't exist
[0.481s] DEBUG:colcon.colcon_installed_package_information.package_discovery:Found 1 installed packages in /home/fabian/yb_support/unilidar_sdk2/unitree_lidar_ros2/src/unitree_lidar_ros2/install
[0.481s] DEBUG:colcon.colcon_installed_package_information.package_discovery:Found 1 installed packages in /home/fabian/yb_lidar/unitree_lidar_ros2/install
[0.482s] DEBUG:colcon.colcon_installed_package_information.package_discovery:Found 1 installed packages in /home/fabian/yb_ros_odrive/odrive_ros2_control/install
[0.483s] DEBUG:colcon.colcon_installed_package_information.package_discovery:Found 1 installed packages in /home/fabian/yb_support/mecanum_drive_controller/install
[0.483s] DEBUG:colcon.colcon_installed_package_information.package_discovery:Found 1 installed packages in /home/fabian/yb_support/twist_stamper/install
[0.484s] DEBUG:colcon.colcon_installed_package_information.package_discovery:Found 2 installed packages in /home/fabian/ros2_ws/install
[0.485s] DEBUG:colcon.colcon_installed_package_information.package_discovery:Found 1 installed packages in /home/fabian/youbot_ws/install
[0.486s] DEBUG:colcon.colcon_installed_package_information.package_discovery:Found 10 installed packages in /home/fabian/yahboom_rosmaster/install
[0.487s] DEBUG:colcon.colcon_installed_package_information.package_discovery:Found 0 installed packages in /home/fabian/yb_support/pointcloud_to_laserscan/install
[0.490s] DEBUG:colcon.colcon_installed_package_information.package_discovery:Found 366 installed packages in /opt/ros/rolling
[0.493s] Level 1:colcon.colcon_core.package_discovery:discover_packages(prefix_path) using defaults
[0.589s] Level 5:colcon.colcon_core.verb:set package 'unitree_lidar_ros2' build argument 'cmake_args' from command line to 'None'
[0.589s] Level 5:colcon.colcon_core.verb:set package 'unitree_lidar_ros2' build argument 'cmake_target' from command line to 'None'
[0.589s] Level 5:colcon.colcon_core.verb:set package 'unitree_lidar_ros2' build argument 'cmake_target_skip_unavailable' from command line to 'False'
[0.589s] Level 5:colcon.colcon_core.verb:set package 'unitree_lidar_ros2' build argument 'cmake_clean_cache' from command line to 'False'
[0.589s] Level 5:colcon.colcon_core.verb:set package 'unitree_lidar_ros2' build argument 'cmake_clean_first' from command line to 'False'
[0.589s] Level 5:colcon.colcon_core.verb:set package 'unitree_lidar_ros2' build argument 'cmake_force_configure' from command line to 'False'
[0.589s] Level 5:colcon.colcon_core.verb:set package 'unitree_lidar_ros2' build argument 'ament_cmake_args' from command line to 'None'
[0.589s] Level 5:colcon.colcon_core.verb:set package 'unitree_lidar_ros2' build argument 'catkin_cmake_args' from command line to 'None'
[0.589s] Level 5:colcon.colcon_core.verb:set package 'unitree_lidar_ros2' build argument 'catkin_skip_building_tests' from command line to 'False'
[0.589s] DEBUG:colcon.colcon_core.verb:Building package 'unitree_lidar_ros2' with the following arguments: {'ament_cmake_args': None, 'build_base': '/home/fabian/yb_support/unilidar_sdk2/build/unitree_lidar_ros2', 'catkin_cmake_args': None, 'catkin_skip_building_tests': False, 'cmake_args': None, 'cmake_clean_cache': False, 'cmake_clean_first': False, 'cmake_force_configure': False, 'cmake_target': None, 'cmake_target_skip_unavailable': False, 'install_base': '/home/fabian/yb_support/unilidar_sdk2/install/unitree_lidar_ros2', 'merge_install': False, 'path': '/home/fabian/yb_support/unilidar_sdk2/unitree_lidar_ros2/src/unitree_lidar_ros2', 'symlink_install': True, 'test_result_base': None}
[0.590s] Level 5:colcon.colcon_core.verb:set package 'unitree_lidar_sdk' build argument 'cmake_args' from command line to 'None'
[0.590s] Level 5:colcon.colcon_core.verb:set package 'unitree_lidar_sdk' build argument 'cmake_target' from command line to 'None'
[0.590s] Level 5:colcon.colcon_core.verb:set package 'unitree_lidar_sdk' build argument 'cmake_target_skip_unavailable' from command line to 'False'
[0.590s] Level 5:colcon.colcon_core.verb:set package 'unitree_lidar_sdk' build argument 'cmake_clean_cache' from command line to 'False'
[0.590s] Level 5:colcon.colcon_core.verb:set package 'unitree_lidar_sdk' build argument 'cmake_clean_first' from command line to 'False'
[0.590s] Level 5:colcon.colcon_core.verb:set package 'unitree_lidar_sdk' build argument 'cmake_force_configure' from command line to 'False'
[0.590s] Level 5:colcon.colcon_core.verb:set package 'unitree_lidar_sdk' build argument 'ament_cmake_args' from command line to 'None'
[0.590s] Level 5:colcon.colcon_core.verb:set package 'unitree_lidar_sdk' build argument 'catkin_cmake_args' from command line to 'None'
[0.590s] Level 5:colcon.colcon_core.verb:set package 'unitree_lidar_sdk' build argument 'catkin_skip_building_tests' from command line to 'False'
[0.590s] DEBUG:colcon.colcon_core.verb:Building package 'unitree_lidar_sdk' with the following arguments: {'ament_cmake_args': None, 'build_base': '/home/fabian/yb_support/unilidar_sdk2/build/unitree_lidar_sdk', 'catkin_cmake_args': None, 'catkin_skip_building_tests': False, 'cmake_args': None, 'cmake_clean_cache': False, 'cmake_clean_first': False, 'cmake_force_configure': False, 'cmake_target': None, 'cmake_target_skip_unavailable': False, 'install_base': '/home/fabian/yb_support/unilidar_sdk2/install/unitree_lidar_sdk', 'merge_install': False, 'path': '/home/fabian/yb_support/unilidar_sdk2/unitree_lidar_sdk', 'symlink_install': True, 'test_result_base': None}
[0.591s] INFO:colcon.colcon_core.executor:Executing jobs using 'parallel' executor
[0.592s] DEBUG:colcon.colcon_parallel_executor.executor.parallel:run_until_complete
[0.593s] INFO:colcon.colcon_ros.task.ament_cmake.build:Building ROS package in '/home/fabian/yb_support/unilidar_sdk2/unitree_lidar_ros2/src/unitree_lidar_ros2' with build type 'ament_cmake'
[0.593s] INFO:colcon.colcon_cmake.task.cmake.build:Building CMake package in '/home/fabian/yb_support/unilidar_sdk2/unitree_lidar_ros2/src/unitree_lidar_ros2'
[0.597s] INFO:colcon.colcon_core.plugin_system:Skipping extension 'colcon_core.shell.bat': Not used on non-Windows systems
[0.598s] INFO:colcon.colcon_core.shell:Skip shell extension 'powershell' for command environment: Not usable outside of PowerShell
[0.598s] DEBUG:colcon.colcon_core.shell:Skip shell extension 'dsv' for command environment
[0.609s] INFO:colcon.colcon_cmake.task.cmake.build:Building CMake package in '/home/fabian/yb_support/unilidar_sdk2/unitree_lidar_sdk'
[0.610s] INFO:colcon.colcon_core.shell:Skip shell extension 'powershell' for command environment: Not usable outside of PowerShell
[0.610s] DEBUG:colcon.colcon_core.shell:Skip shell extension 'dsv' for command environment
[0.635s] DEBUG:colcon.colcon_core.event_handler.log_command:Invoking command in '/home/fabian/yb_support/unilidar_sdk2/build/unitree_lidar_ros2': CMAKE_PREFIX_PATH=${CMAKE_PREFIX_PATH}:/home/fabian/yb_support/twist_stamper/install/twist_stamper:/home/fabian/youbot_ws/install/youbot:/opt/ros/rolling DEBUGINFOD_URLS=https://debuginfod.ubuntu.com /usr/bin/cmake --build /home/fabian/yb_support/unilidar_sdk2/build/unitree_lidar_ros2 -- -j7 -l7
[0.644s] DEBUG:colcon.colcon_core.event_handler.log_command:Invoking command in '/home/fabian/yb_support/unilidar_sdk2/build/unitree_lidar_sdk': DEBUGINFOD_URLS=https://debuginfod.ubuntu.com /usr/bin/cmake --build /home/fabian/yb_support/unilidar_sdk2/build/unitree_lidar_sdk -- -j7 -l7
[0.824s] DEBUG:colcon.colcon_core.event_handler.log_command:Invoked command in '/home/fabian/yb_support/unilidar_sdk2/build/unitree_lidar_sdk' returned '0': DEBUGINFOD_URLS=https://debuginfod.ubuntu.com /usr/bin/cmake --build /home/fabian/yb_support/unilidar_sdk2/build/unitree_lidar_sdk -- -j7 -l7
[0.825s] WARNING:colcon.colcon_cmake.task.cmake.build:Could not run installation step for package 'unitree_lidar_sdk' because it has no 'install' target
[0.825s] Level 1:colcon.colcon_core.environment:create_environment_scripts_only(unitree_lidar_sdk)
[0.828s] Level 1:colcon.colcon_core.environment:checking '/home/fabian/yb_support/unilidar_sdk2/install/unitree_lidar_sdk' for CMake module files
[0.828s] Level 1:colcon.colcon_core.environment:checking '/home/fabian/yb_support/unilidar_sdk2/install/unitree_lidar_sdk' for CMake config files
[0.830s] Level 1:colcon.colcon_core.environment:checking '/home/fabian/yb_support/unilidar_sdk2/install/unitree_lidar_sdk/bin'
[0.830s] Level 1:colcon.colcon_core.environment:checking '/home/fabian/yb_support/unilidar_sdk2/install/unitree_lidar_sdk/lib/pkgconfig/unitree_lidar_sdk.pc'
[0.830s] Level 1:colcon.colcon_core.environment:checking '/home/fabian/yb_support/unilidar_sdk2/install/unitree_lidar_sdk/lib/python3.12/site-packages'
[0.830s] Level 1:colcon.colcon_core.environment:checking '/home/fabian/yb_support/unilidar_sdk2/install/unitree_lidar_sdk/bin'
[0.830s] INFO:colcon.colcon_core.shell:Creating package script '/home/fabian/yb_support/unilidar_sdk2/install/unitree_lidar_sdk/share/unitree_lidar_sdk/package.ps1'
[0.831s] INFO:colcon.colcon_core.shell:Creating package descriptor '/home/fabian/yb_support/unilidar_sdk2/install/unitree_lidar_sdk/share/unitree_lidar_sdk/package.dsv'
[0.832s] INFO:colcon.colcon_core.shell:Creating package script '/home/fabian/yb_support/unilidar_sdk2/install/unitree_lidar_sdk/share/unitree_lidar_sdk/package.sh'
[0.832s] INFO:colcon.colcon_core.shell:Creating package script '/home/fabian/yb_support/unilidar_sdk2/install/unitree_lidar_sdk/share/unitree_lidar_sdk/package.bash'
[0.833s] INFO:colcon.colcon_core.shell:Creating package script '/home/fabian/yb_support/unilidar_sdk2/install/unitree_lidar_sdk/share/unitree_lidar_sdk/package.zsh'
[0.834s] Level 1:colcon.colcon_core.environment:create_file_with_runtime_dependencies(/home/fabian/yb_support/unilidar_sdk2/install/unitree_lidar_sdk/share/colcon-core/packages/unitree_lidar_sdk)
[21.881s] DEBUG:colcon.colcon_core.event_handler.log_command:Invoked command in '/home/fabian/yb_support/unilidar_sdk2/build/unitree_lidar_ros2' returned '0': CMAKE_PREFIX_PATH=${CMAKE_PREFIX_PATH}:/home/fabian/yb_support/twist_stamper/install/twist_stamper:/home/fabian/youbot_ws/install/youbot:/opt/ros/rolling DEBUGINFOD_URLS=https://debuginfod.ubuntu.com /usr/bin/cmake --build /home/fabian/yb_support/unilidar_sdk2/build/unitree_lidar_ros2 -- -j7 -l7
[21.898s] DEBUG:colcon.colcon_core.event_handler.log_command:Invoking command in '/home/fabian/yb_support/unilidar_sdk2/build/unitree_lidar_ros2': CMAKE_PREFIX_PATH=${CMAKE_PREFIX_PATH}:/home/fabian/yb_support/twist_stamper/install/twist_stamper:/home/fabian/youbot_ws/install/youbot:/opt/ros/rolling DEBUGINFOD_URLS=https://debuginfod.ubuntu.com /usr/bin/cmake --install /home/fabian/yb_support/unilidar_sdk2/build/unitree_lidar_ros2
[22.207s] Level 1:colcon.colcon_core.environment:create_environment_scripts_only(unitree_lidar_ros2)
[22.207s] Level 1:colcon.colcon_core.environment:checking '/home/fabian/yb_support/unilidar_sdk2/install/unitree_lidar_ros2' for CMake module files
[22.208s] DEBUG:colcon.colcon_core.event_handler.log_command:Invoked command in '/home/fabian/yb_support/unilidar_sdk2/build/unitree_lidar_ros2' returned '0': CMAKE_PREFIX_PATH=${CMAKE_PREFIX_PATH}:/home/fabian/yb_support/twist_stamper/install/twist_stamper:/home/fabian/youbot_ws/install/youbot:/opt/ros/rolling DEBUGINFOD_URLS=https://debuginfod.ubuntu.com /usr/bin/cmake --install /home/fabian/yb_support/unilidar_sdk2/build/unitree_lidar_ros2
[22.209s] Level 1:colcon.colcon_core.environment:checking '/home/fabian/yb_support/unilidar_sdk2/install/unitree_lidar_ros2' for CMake config files
[22.209s] Level 1:colcon.colcon_core.shell:create_environment_hook('unitree_lidar_ros2', 'cmake_prefix_path')
[22.209s] INFO:colcon.colcon_core.shell:Creating environment hook '/home/fabian/yb_support/unilidar_sdk2/install/unitree_lidar_ros2/share/unitree_lidar_ros2/hook/cmake_prefix_path.ps1'
[22.210s] INFO:colcon.colcon_core.shell:Creating environment descriptor '/home/fabian/yb_support/unilidar_sdk2/install/unitree_lidar_ros2/share/unitree_lidar_ros2/hook/cmake_prefix_path.dsv'
[22.211s] INFO:colcon.colcon_core.shell:Creating environment hook '/home/fabian/yb_support/unilidar_sdk2/install/unitree_lidar_ros2/share/unitree_lidar_ros2/hook/cmake_prefix_path.sh'
[22.211s] Level 1:colcon.colcon_core.environment:checking '/home/fabian/yb_support/unilidar_sdk2/install/unitree_lidar_ros2/lib'
[22.212s] Level 1:colcon.colcon_core.environment:checking '/home/fabian/yb_support/unilidar_sdk2/install/unitree_lidar_ros2/bin'
[22.212s] Level 1:colcon.colcon_core.environment:checking '/home/fabian/yb_support/unilidar_sdk2/install/unitree_lidar_ros2/lib/pkgconfig/unitree_lidar_ros2.pc'
[22.212s] Level 1:colcon.colcon_core.environment:checking '/home/fabian/yb_support/unilidar_sdk2/install/unitree_lidar_ros2/lib/python3.12/site-packages'
[22.212s] Level 1:colcon.colcon_core.environment:checking '/home/fabian/yb_support/unilidar_sdk2/install/unitree_lidar_ros2/bin'
[22.212s] INFO:colcon.colcon_core.shell:Creating package script '/home/fabian/yb_support/unilidar_sdk2/install/unitree_lidar_ros2/share/unitree_lidar_ros2/package.ps1'
[22.213s] INFO:colcon.colcon_core.shell:Creating package descriptor '/home/fabian/yb_support/unilidar_sdk2/install/unitree_lidar_ros2/share/unitree_lidar_ros2/package.dsv'
[22.213s] INFO:colcon.colcon_core.shell:Creating package script '/home/fabian/yb_support/unilidar_sdk2/install/unitree_lidar_ros2/share/unitree_lidar_ros2/package.sh'
[22.213s] INFO:colcon.colcon_core.shell:Creating package script '/home/fabian/yb_support/unilidar_sdk2/install/unitree_lidar_ros2/share/unitree_lidar_ros2/package.bash'
[22.214s] INFO:colcon.colcon_core.shell:Creating package script '/home/fabian/yb_support/unilidar_sdk2/install/unitree_lidar_ros2/share/unitree_lidar_ros2/package.zsh'
[22.214s] Level 1:colcon.colcon_core.environment:create_file_with_runtime_dependencies(/home/fabian/yb_support/unilidar_sdk2/install/unitree_lidar_ros2/share/colcon-core/packages/unitree_lidar_ros2)
[22.215s] Level 1:colcon.colcon_core.environment:create_environment_scripts_only(unitree_lidar_ros2)
[22.215s] Level 1:colcon.colcon_core.environment:checking '/home/fabian/yb_support/unilidar_sdk2/install/unitree_lidar_ros2' for CMake module files
[22.216s] Level 1:colcon.colcon_core.environment:checking '/home/fabian/yb_support/unilidar_sdk2/install/unitree_lidar_ros2' for CMake config files
[22.216s] Level 1:colcon.colcon_core.shell:create_environment_hook('unitree_lidar_ros2', 'cmake_prefix_path')
[22.216s] INFO:colcon.colcon_core.shell:Creating environment hook '/home/fabian/yb_support/unilidar_sdk2/install/unitree_lidar_ros2/share/unitree_lidar_ros2/hook/cmake_prefix_path.ps1'
[22.217s] INFO:colcon.colcon_core.shell:Creating environment descriptor '/home/fabian/yb_support/unilidar_sdk2/install/unitree_lidar_ros2/share/unitree_lidar_ros2/hook/cmake_prefix_path.dsv'
[22.217s] INFO:colcon.colcon_core.shell:Creating environment hook '/home/fabian/yb_support/unilidar_sdk2/install/unitree_lidar_ros2/share/unitree_lidar_ros2/hook/cmake_prefix_path.sh'
[22.218s] Level 1:colcon.colcon_core.environment:checking '/home/fabian/yb_support/unilidar_sdk2/install/unitree_lidar_ros2/lib'
[22.218s] Level 1:colcon.colcon_core.environment:checking '/home/fabian/yb_support/unilidar_sdk2/install/unitree_lidar_ros2/bin'
[22.218s] Level 1:colcon.colcon_core.environment:checking '/home/fabian/yb_support/unilidar_sdk2/install/unitree_lidar_ros2/lib/pkgconfig/unitree_lidar_ros2.pc'
[22.218s] Level 1:colcon.colcon_core.environment:checking '/home/fabian/yb_support/unilidar_sdk2/install/unitree_lidar_ros2/lib/python3.12/site-packages'
[22.218s] Level 1:colcon.colcon_core.environment:checking '/home/fabian/yb_support/unilidar_sdk2/install/unitree_lidar_ros2/bin'
[22.218s] INFO:colcon.colcon_core.shell:Creating package script '/home/fabian/yb_support/unilidar_sdk2/install/unitree_lidar_ros2/share/unitree_lidar_ros2/package.ps1'
[22.219s] INFO:colcon.colcon_core.shell:Creating package descriptor '/home/fabian/yb_support/unilidar_sdk2/install/unitree_lidar_ros2/share/unitree_lidar_ros2/package.dsv'
[22.219s] INFO:colcon.colcon_core.shell:Creating package script '/home/fabian/yb_support/unilidar_sdk2/install/unitree_lidar_ros2/share/unitree_lidar_ros2/package.sh'
[22.220s] INFO:colcon.colcon_core.shell:Creating package script '/home/fabian/yb_support/unilidar_sdk2/install/unitree_lidar_ros2/share/unitree_lidar_ros2/package.bash'
[22.220s] INFO:colcon.colcon_core.shell:Creating package script '/home/fabian/yb_support/unilidar_sdk2/install/unitree_lidar_ros2/share/unitree_lidar_ros2/package.zsh'
[22.221s] Level 1:colcon.colcon_core.environment:create_file_with_runtime_dependencies(/home/fabian/yb_support/unilidar_sdk2/install/unitree_lidar_ros2/share/colcon-core/packages/unitree_lidar_ros2)
[22.221s] DEBUG:colcon.colcon_parallel_executor.executor.parallel:closing loop
[22.222s] DEBUG:colcon.colcon_parallel_executor.executor.parallel:loop closed
[22.222s] DEBUG:colcon.colcon_parallel_executor.executor.parallel:run_until_complete finished with '0'
[22.222s] DEBUG:colcon.colcon_core.event_reactor:joining thread
[22.295s] INFO:colcon.colcon_core.plugin_system:Skipping extension 'colcon_notification.desktop_notification.notify_send': Could not find 'notify-send'
[22.295s] INFO:colcon.colcon_core.plugin_system:Skipping extension 'colcon_notification.desktop_notification.terminal_notifier': Not used on non-Darwin systems
[22.295s] INFO:colcon.colcon_core.plugin_system:Skipping extension 'colcon_notification.desktop_notification.win32': Not used on non-Windows systems
[22.295s] INFO:colcon.colcon_notification.desktop_notification:Sending desktop notification using 'notify2'
[22.296s] DEBUG:colcon.colcon_notification.desktop_notification.notify2:Failed to initialize notify2: org.freedesktop.DBus.Error.ServiceUnknown: The name org.freedesktop.Notifications was not provided by any .service files
[22.297s] DEBUG:colcon.colcon_core.event_reactor:joined thread
[22.297s] INFO:colcon.colcon_core.shell:Creating prefix script '/home/fabian/yb_support/unilidar_sdk2/install/local_setup.ps1'
[22.298s] INFO:colcon.colcon_core.shell:Creating prefix util module '/home/fabian/yb_support/unilidar_sdk2/install/_local_setup_util_ps1.py'
[22.299s] INFO:colcon.colcon_core.shell:Creating prefix chain script '/home/fabian/yb_support/unilidar_sdk2/install/setup.ps1'
[22.301s] INFO:colcon.colcon_core.shell:Creating prefix script '/home/fabian/yb_support/unilidar_sdk2/install/local_setup.sh'
[22.301s] INFO:colcon.colcon_core.shell:Creating prefix util module '/home/fabian/yb_support/unilidar_sdk2/install/_local_setup_util_sh.py'
[22.302s] INFO:colcon.colcon_core.shell:Creating prefix chain script '/home/fabian/yb_support/unilidar_sdk2/install/setup.sh'
[22.304s] INFO:colcon.colcon_core.shell:Creating prefix script '/home/fabian/yb_support/unilidar_sdk2/install/local_setup.bash'
[22.304s] INFO:colcon.colcon_core.shell:Creating prefix chain script '/home/fabian/yb_support/unilidar_sdk2/install/setup.bash'
[22.307s] INFO:colcon.colcon_core.shell:Creating prefix script '/home/fabian/yb_support/unilidar_sdk2/install/local_setup.zsh'
[22.307s] INFO:colcon.colcon_core.shell:Creating prefix chain script '/home/fabian/yb_support/unilidar_sdk2/install/setup.zsh'
