[0mCMake Deprecation Warning at CMakeLists.txt:1 (cmake_minimum_required):
  Compatibility with CMake < 3.5 will be removed from a future version of
  CMake.

  Update the VERSION argument <min> value or use a ...<max> suffix to tell
  CMake that the project does not need compatibility with older versions.

[0m
-- The C compiler identification is GNU 13.3.0
-- The CXX compiler identification is GNU 13.3.0
-- Detecting C compiler ABI info
-- Detecting C compiler ABI info - done
-- Check for working C compiler: /usr/bin/cc - skipped
-- Detecting C compile features
-- Detecting C compile features - done
-- Detecting CXX compiler ABI info
-- Detecting CXX compiler ABI info - done
-- Check for working CXX compiler: /usr/bin/c++ - skipped
-- Detecting CXX compile features
-- Detecting CXX compile features - done
-- Configuring done (4.5s)
-- Generating done (0.0s)
-- Build files have been written to: /home/fabian/yb_support/unilidar_sdk2/build/unitree_lidar_sdk
[ 10%] [32mBuilding CXX object CMakeFiles/set_to_serial_mode.dir/examples/set_to_serial_mode.cpp.o[0m
[ 20%] [32mBuilding CXX object CMakeFiles/example_lidar_udp.dir/examples/example_lidar_udp.cpp.o[0m
[ 30%] [32mBuilding CXX object CMakeFiles/set_to_udp_mode.dir/examples/set_to_udp_mode.cpp.o[0m
[ 40%] [32mBuilding CXX object CMakeFiles/set_ip_address.dir/examples/set_ip_address.cpp.o[0m
[ 50%] [32mBuilding CXX object CMakeFiles/example_lidar_serial.dir/examples/example_lidar_serial.cpp.o[0m
[ 60%] [32m[1mLinking CXX executable /home/fabian/yb_support/unilidar_sdk2/unitree_lidar_sdk/bin/example_lidar_serial[0m
[ 70%] [32m[1mLinking CXX executable /home/fabian/yb_support/unilidar_sdk2/unitree_lidar_sdk/bin/set_to_serial_mode[0m
[ 80%] [32m[1mLinking CXX executable /home/fabian/yb_support/unilidar_sdk2/unitree_lidar_sdk/bin/example_lidar_udp[0m
[ 90%] [32m[1mLinking CXX executable /home/fabian/yb_support/unilidar_sdk2/unitree_lidar_sdk/bin/set_ip_address[0m
[100%] [32m[1mLinking CXX executable /home/fabian/yb_support/unilidar_sdk2/unitree_lidar_sdk/bin/set_to_udp_mode[0m
[100%] Built target example_lidar_udp
[100%] Built target example_lidar_serial
[100%] Built target set_to_serial_mode
[100%] Built target set_to_udp_mode
[100%] Built target set_ip_address
