[0.042s] Invoking command in '/home/fabian/yb_support/unilidar_sdk2/build/unitree_lidar_sdk': DEBUGINFOD_URLS=https://debuginfod.ubuntu.com /usr/bin/cmake /home/fabian/yb_support/unilidar_sdk2/unitree_lidar_sdk -DCMAKE_INSTALL_PREFIX=/home/fabian/yb_support/unilidar_sdk2/install/unitree_lidar_sdk
[0.133s] [0mCMake Deprecation Warning at CMakeLists.txt:1 (cmake_minimum_required):
[0.134s]   Compatibility with CMake < 3.5 will be removed from a future version of
[0.134s]   CMake.
[0.134s] 
[0.134s]   Update the VERSION argument <min> value or use a ...<max> suffix to tell
[0.134s]   CMake that the project does not need compatibility with older versions.
[0.134s] 
[0.135s] [0m
[0.743s] -- The C compiler identification is GNU 13.3.0
[2.084s] -- The CXX compiler identification is GNU 13.3.0
[3.219s] -- Detecting C compiler ABI info
[3.774s] -- Detecting C compiler ABI info - done
[3.802s] -- Check for working C compiler: /usr/bin/cc - skipped
[3.803s] -- Detecting C compile features
[3.804s] -- Detecting C compile features - done
[4.011s] -- Detecting CXX compiler ABI info
[4.600s] -- Detecting CXX compiler ABI info - done
[4.628s] -- Check for working CXX compiler: /usr/bin/c++ - skipped
[4.629s] -- Detecting CXX compile features
[4.630s] -- Detecting CXX compile features - done
[4.633s] -- Configuring done (4.5s)
[4.655s] -- Generating done (0.0s)
[4.679s] -- Build files have been written to: /home/fabian/yb_support/unilidar_sdk2/build/unitree_lidar_sdk
[4.685s] Invoked command in '/home/fabian/yb_support/unilidar_sdk2/build/unitree_lidar_sdk' returned '0': DEBUGINFOD_URLS=https://debuginfod.ubuntu.com /usr/bin/cmake /home/fabian/yb_support/unilidar_sdk2/unitree_lidar_sdk -DCMAKE_INSTALL_PREFIX=/home/fabian/yb_support/unilidar_sdk2/install/unitree_lidar_sdk
[4.687s] Invoking command in '/home/fabian/yb_support/unilidar_sdk2/build/unitree_lidar_sdk': DEBUGINFOD_URLS=https://debuginfod.ubuntu.com /usr/bin/cmake --build /home/fabian/yb_support/unilidar_sdk2/build/unitree_lidar_sdk -- -j7 -l7
[4.798s] [ 10%] [32mBuilding CXX object CMakeFiles/set_to_serial_mode.dir/examples/set_to_serial_mode.cpp.o[0m
[4.801s] [ 20%] [32mBuilding CXX object CMakeFiles/example_lidar_udp.dir/examples/example_lidar_udp.cpp.o[0m
[4.807s] [ 30%] [32mBuilding CXX object CMakeFiles/set_to_udp_mode.dir/examples/set_to_udp_mode.cpp.o[0m
[4.812s] [ 40%] [32mBuilding CXX object CMakeFiles/set_ip_address.dir/examples/set_ip_address.cpp.o[0m
[4.815s] [ 50%] [32mBuilding CXX object CMakeFiles/example_lidar_serial.dir/examples/example_lidar_serial.cpp.o[0m
[7.786s] [ 60%] [32m[1mLinking CXX executable /home/fabian/yb_support/unilidar_sdk2/unitree_lidar_sdk/bin/example_lidar_serial[0m
[7.800s] [ 70%] [32m[1mLinking CXX executable /home/fabian/yb_support/unilidar_sdk2/unitree_lidar_sdk/bin/set_to_serial_mode[0m
[7.808s] [ 80%] [32m[1mLinking CXX executable /home/fabian/yb_support/unilidar_sdk2/unitree_lidar_sdk/bin/example_lidar_udp[0m
[7.820s] [ 90%] [32m[1mLinking CXX executable /home/fabian/yb_support/unilidar_sdk2/unitree_lidar_sdk/bin/set_ip_address[0m
[7.839s] [100%] [32m[1mLinking CXX executable /home/fabian/yb_support/unilidar_sdk2/unitree_lidar_sdk/bin/set_to_udp_mode[0m
[8.394s] [100%] Built target example_lidar_udp
[8.396s] [100%] Built target example_lidar_serial
[8.409s] [100%] Built target set_to_serial_mode
[8.456s] [100%] Built target set_to_udp_mode
[8.476s] [100%] Built target set_ip_address
[8.513s] Invoked command in '/home/fabian/yb_support/unilidar_sdk2/build/unitree_lidar_sdk' returned '0': DEBUGINFOD_URLS=https://debuginfod.ubuntu.com /usr/bin/cmake --build /home/fabian/yb_support/unilidar_sdk2/build/unitree_lidar_sdk -- -j7 -l7
