[0.020s] Invoking command in '/home/fabian/yb_support/pointcloud_to_laserscan/build/pointcloud_to_laserscan': CMAKE_PREFIX_PATH=${CMAKE_PREFIX_PATH}:/home/fabian/yb_support/twist_stamper/install/twist_stamper:/home/fabian/youbot_ws/install/youbot:/opt/ros/rolling DEBUGINFOD_URLS=https://debuginfod.ubuntu.com /usr/bin/cmake /home/fabian/yb_support/pointcloud_to_laserscan -DAMENT_CMAKE_SYMLINK_INSTALL=1 -DCMAKE_INSTALL_PREFIX=/home/fabian/yb_support/pointcloud_to_laserscan/install/pointcloud_to_laserscan
[0.569s] -- The C compiler identification is GNU 13.3.0
[1.670s] -- The CXX compiler identification is GNU 13.3.0
[2.537s] -- Detecting C compiler ABI info
[2.921s] -- Detecting C compiler ABI info - done
[2.930s] -- Check for working C compiler: /usr/bin/cc - skipped
[2.934s] -- Detecting C compile features
[2.934s] -- Detecting C compile features - done
[3.070s] -- Detecting CXX compiler ABI info
[3.457s] -- Detecting CXX compiler ABI info - done
[3.467s] -- Check for working CXX compiler: /usr/bin/c++ - skipped
[3.467s] -- Detecting CXX compile features
[3.467s] -- Detecting CXX compile features - done
[3.512s] -- Found ament_cmake: 2.7.2 (/opt/ros/rolling/share/ament_cmake/cmake)
[3.755s] -- Found Python3: /usr/bin/python3 (found version "3.12.3") found components: Interpreter 
[3.865s] -- Override CMake install command with custom implementation using symlinks instead of copying resources
[4.000s] -- Found laser_geometry: 2.10.0 (/opt/ros/rolling/share/laser_geometry/cmake)
[4.331s] -- Found rosidl_generator_c: 4.9.3 (/opt/ros/rolling/share/rosidl_generator_c/cmake)
[4.369s] -- Found rosidl_generator_cpp: 4.9.3 (/opt/ros/rolling/share/rosidl_generator_cpp/cmake)
[4.423s] -- Using all available rosidl_typesupport_c: rosidl_typesupport_fastrtps_c;rosidl_typesupport_introspection_c
[4.476s] -- Using all available rosidl_typesupport_cpp: rosidl_typesupport_fastrtps_cpp;rosidl_typesupport_introspection_cpp
[4.687s] -- Found message_filters: 7.1.0 (/opt/ros/rolling/share/message_filters/cmake)
[4.834s] -- Found rmw_implementation_cmake: 7.8.1 (/opt/ros/rolling/share/rmw_implementation_cmake/cmake)
[4.848s] -- Found rmw_fastrtps_cpp: 9.3.1 (/opt/ros/rolling/share/rmw_fastrtps_cpp/cmake)
[5.068s] -- Found OpenSSL: /usr/lib/x86_64-linux-gnu/libcrypto.so (found version "3.0.13")  
[5.087s] -- Using RMW implementation 'rmw_fastrtps_cpp' as default
[5.482s] -- Found rclcpp_components: 29.4.0 (/opt/ros/rolling/share/rclcpp_components/cmake)
[5.569s] -- Found tf2_ros: 0.40.1 (/opt/ros/rolling/share/tf2_ros/cmake)
[5.759s] -- Found tf2_sensor_msgs: 0.40.1 (/opt/ros/rolling/share/tf2_sensor_msgs/cmake)
[5.778s] -- Found ament_lint_auto: 0.19.1 (/opt/ros/rolling/share/ament_lint_auto/cmake)
[5.989s] -- Added test 'cppcheck' to perform static code analysis on C / C++ code
[5.989s] -- Configured cppcheck include dirs: $<BUILD_INTERFACE:/home/fabian/yb_support/pointcloud_to_laserscan/include>
[5.989s] -- Configured cppcheck exclude dirs and/or files: 
[6.006s] -- Added test 'cpplint' to check C / C++ code against the Google style
[6.006s] -- Configured cpplint exclude dirs and/or files: 
[6.011s] -- Added test 'flake8' to check Python code syntax and style conventions
[6.011s] -- Configured 'flake8' exclude dirs and/or files: 
[6.017s] -- Added test 'lint_cmake' to check CMake code style
[6.021s] -- Added test 'pep257' to check Python code against some of the docstring style conventions in PEP 257
[6.036s] -- Added test 'uncrustify' to check C / C++ code style
[6.036s] -- Configured uncrustify additional arguments: 
[6.040s] -- Added test 'xmllint' to check XML markup files
[6.048s] -- Configuring done (6.0s)
[6.093s] -- Generating done (0.0s)
[6.103s] -- Build files have been written to: /home/fabian/yb_support/pointcloud_to_laserscan/build/pointcloud_to_laserscan
[6.118s] Invoked command in '/home/fabian/yb_support/pointcloud_to_laserscan/build/pointcloud_to_laserscan' returned '0': CMAKE_PREFIX_PATH=${CMAKE_PREFIX_PATH}:/home/fabian/yb_support/twist_stamper/install/twist_stamper:/home/fabian/youbot_ws/install/youbot:/opt/ros/rolling DEBUGINFOD_URLS=https://debuginfod.ubuntu.com /usr/bin/cmake /home/fabian/yb_support/pointcloud_to_laserscan -DAMENT_CMAKE_SYMLINK_INSTALL=1 -DCMAKE_INSTALL_PREFIX=/home/fabian/yb_support/pointcloud_to_laserscan/install/pointcloud_to_laserscan
[6.119s] Invoking command in '/home/fabian/yb_support/pointcloud_to_laserscan/build/pointcloud_to_laserscan': CMAKE_PREFIX_PATH=${CMAKE_PREFIX_PATH}:/home/fabian/yb_support/twist_stamper/install/twist_stamper:/home/fabian/youbot_ws/install/youbot:/opt/ros/rolling DEBUGINFOD_URLS=https://debuginfod.ubuntu.com /usr/bin/cmake --build /home/fabian/yb_support/pointcloud_to_laserscan/build/pointcloud_to_laserscan -- -j7 -l7
[6.214s] [ 10%] [32mBuilding CXX object CMakeFiles/laserscan_to_pointcloud_node.dir/rclcpp_components/node_main_laserscan_to_pointcloud_node.cpp.o[0m
[6.215s] [ 20%] [32mBuilding CXX object CMakeFiles/pointcloud_to_laserscan.dir/src/pointcloud_to_laserscan_node.cpp.o[0m
[6.215s] [ 30%] [32mBuilding CXX object CMakeFiles/laserscan_to_pointcloud.dir/src/laserscan_to_pointcloud_node.cpp.o[0m
[6.219s] [ 40%] [32mBuilding CXX object CMakeFiles/dummy_pointcloud_publisher.dir/src/dummy_pointcloud_publisher.cpp.o[0m
[6.220s] [ 50%] [32mBuilding CXX object CMakeFiles/pointcloud_to_laserscan_node.dir/rclcpp_components/node_main_pointcloud_to_laserscan_node.cpp.o[0m
[12.687s] [ 60%] [32m[1mLinking CXX executable laserscan_to_pointcloud_node[0m
[12.838s] [ 70%] [32m[1mLinking CXX executable pointcloud_to_laserscan_node[0m
[13.161s] [ 70%] Built target laserscan_to_pointcloud_node
[13.234s] [ 70%] Built target pointcloud_to_laserscan_node
[14.640s] [ 80%] [32m[1mLinking CXX executable dummy_pointcloud_publisher[0m
[15.142s] [ 80%] Built target dummy_pointcloud_publisher
[24.387s] [ 90%] [32m[1mLinking CXX shared library liblaserscan_to_pointcloud.so[0m
[24.389s] [100%] [32m[1mLinking CXX shared library libpointcloud_to_laserscan.so[0m
[25.253s] [100%] Built target laserscan_to_pointcloud
[25.264s] [100%] Built target pointcloud_to_laserscan
[25.282s] Invoked command in '/home/fabian/yb_support/pointcloud_to_laserscan/build/pointcloud_to_laserscan' returned '0': CMAKE_PREFIX_PATH=${CMAKE_PREFIX_PATH}:/home/fabian/yb_support/twist_stamper/install/twist_stamper:/home/fabian/youbot_ws/install/youbot:/opt/ros/rolling DEBUGINFOD_URLS=https://debuginfod.ubuntu.com /usr/bin/cmake --build /home/fabian/yb_support/pointcloud_to_laserscan/build/pointcloud_to_laserscan -- -j7 -l7
[25.297s] Invoking command in '/home/fabian/yb_support/pointcloud_to_laserscan/build/pointcloud_to_laserscan': CMAKE_PREFIX_PATH=${CMAKE_PREFIX_PATH}:/home/fabian/yb_support/twist_stamper/install/twist_stamper:/home/fabian/youbot_ws/install/youbot:/opt/ros/rolling DEBUGINFOD_URLS=https://debuginfod.ubuntu.com /usr/bin/cmake --install /home/fabian/yb_support/pointcloud_to_laserscan/build/pointcloud_to_laserscan
[25.310s] -- Install configuration: ""
[25.310s] -- Execute custom install script
[25.312s] -- Symlinking: /home/fabian/yb_support/pointcloud_to_laserscan/install/pointcloud_to_laserscan/lib/pointcloud_to_laserscan/laserscan_to_pointcloud_node
[25.326s] -- Symlinking: /home/fabian/yb_support/pointcloud_to_laserscan/install/pointcloud_to_laserscan/lib/pointcloud_to_laserscan/pointcloud_to_laserscan_node
[25.341s] -- Symlinking: /home/fabian/yb_support/pointcloud_to_laserscan/install/pointcloud_to_laserscan/lib/pointcloud_to_laserscan/dummy_pointcloud_publisher
[25.357s] -- Symlinking: /home/fabian/yb_support/pointcloud_to_laserscan/install/pointcloud_to_laserscan/include/pointcloud_to_laserscan/include/pointcloud_to_laserscan/laserscan_to_pointcloud_node.hpp
[25.372s] -- Symlinking: /home/fabian/yb_support/pointcloud_to_laserscan/install/pointcloud_to_laserscan/include/pointcloud_to_laserscan/include/pointcloud_to_laserscan/pointcloud_to_laserscan_node.hpp
[25.389s] -- Symlinking: /home/fabian/yb_support/pointcloud_to_laserscan/install/pointcloud_to_laserscan/include/pointcloud_to_laserscan/include/pointcloud_to_laserscan/visibility_control.h
[25.410s] -- Symlinking: /home/fabian/yb_support/pointcloud_to_laserscan/install/pointcloud_to_laserscan/share/pointcloud_to_laserscan/launch/sample_laserscan_to_pointcloud_launch.py
[25.430s] -- Symlinking: /home/fabian/yb_support/pointcloud_to_laserscan/install/pointcloud_to_laserscan/share/pointcloud_to_laserscan/launch/sample_pointcloud_to_laserscan_launch.py
[25.451s] -- Symlinking: /home/fabian/yb_support/pointcloud_to_laserscan/install/pointcloud_to_laserscan/share/ament_index/resource_index/package_run_dependencies/pointcloud_to_laserscan
[25.469s] -- Symlinking: /home/fabian/yb_support/pointcloud_to_laserscan/install/pointcloud_to_laserscan/share/ament_index/resource_index/parent_prefix_path/pointcloud_to_laserscan
[25.484s] -- Symlinking: /home/fabian/yb_support/pointcloud_to_laserscan/install/pointcloud_to_laserscan/share/pointcloud_to_laserscan/environment/ament_prefix_path.sh
[25.500s] -- Symlinking: /home/fabian/yb_support/pointcloud_to_laserscan/install/pointcloud_to_laserscan/share/pointcloud_to_laserscan/environment/ament_prefix_path.dsv
[25.514s] -- Symlinking: /home/fabian/yb_support/pointcloud_to_laserscan/install/pointcloud_to_laserscan/share/pointcloud_to_laserscan/environment/path.sh
[25.529s] -- Symlinking: /home/fabian/yb_support/pointcloud_to_laserscan/install/pointcloud_to_laserscan/share/pointcloud_to_laserscan/environment/path.dsv
[25.544s] -- Symlinking: /home/fabian/yb_support/pointcloud_to_laserscan/install/pointcloud_to_laserscan/share/pointcloud_to_laserscan/local_setup.bash
[25.559s] -- Symlinking: /home/fabian/yb_support/pointcloud_to_laserscan/install/pointcloud_to_laserscan/share/pointcloud_to_laserscan/local_setup.sh
[25.574s] -- Symlinking: /home/fabian/yb_support/pointcloud_to_laserscan/install/pointcloud_to_laserscan/share/pointcloud_to_laserscan/local_setup.zsh
[25.589s] -- Symlinking: /home/fabian/yb_support/pointcloud_to_laserscan/install/pointcloud_to_laserscan/share/pointcloud_to_laserscan/local_setup.dsv
[25.604s] -- Symlinking: /home/fabian/yb_support/pointcloud_to_laserscan/install/pointcloud_to_laserscan/share/pointcloud_to_laserscan/package.dsv
[25.619s] -- Symlinking: /home/fabian/yb_support/pointcloud_to_laserscan/install/pointcloud_to_laserscan/share/ament_index/resource_index/packages/pointcloud_to_laserscan
[25.634s] -- Symlinking: /home/fabian/yb_support/pointcloud_to_laserscan/install/pointcloud_to_laserscan/share/ament_index/resource_index/rclcpp_components/pointcloud_to_laserscan
[25.649s] -- Symlinking: /home/fabian/yb_support/pointcloud_to_laserscan/install/pointcloud_to_laserscan/share/pointcloud_to_laserscan/cmake/ament_cmake_export_dependencies-extras.cmake
[25.664s] -- Symlinking: /home/fabian/yb_support/pointcloud_to_laserscan/install/pointcloud_to_laserscan/share/pointcloud_to_laserscan/cmake/pointcloud_to_laserscanConfig.cmake
[25.679s] -- Symlinking: /home/fabian/yb_support/pointcloud_to_laserscan/install/pointcloud_to_laserscan/share/pointcloud_to_laserscan/cmake/pointcloud_to_laserscanConfig-version.cmake
[25.694s] -- Symlinking: /home/fabian/yb_support/pointcloud_to_laserscan/install/pointcloud_to_laserscan/share/pointcloud_to_laserscan/package.xml
[25.708s] -- Installing: /home/fabian/yb_support/pointcloud_to_laserscan/install/pointcloud_to_laserscan/lib/liblaserscan_to_pointcloud.so
[25.717s] -- Set non-toolchain portion of runtime path of "/home/fabian/yb_support/pointcloud_to_laserscan/install/pointcloud_to_laserscan/lib/liblaserscan_to_pointcloud.so" to ""
[25.717s] -- Installing: /home/fabian/yb_support/pointcloud_to_laserscan/install/pointcloud_to_laserscan/lib/libpointcloud_to_laserscan.so
[25.727s] -- Set non-toolchain portion of runtime path of "/home/fabian/yb_support/pointcloud_to_laserscan/install/pointcloud_to_laserscan/lib/libpointcloud_to_laserscan.so" to ""
[25.730s] Invoked command in '/home/fabian/yb_support/pointcloud_to_laserscan/build/pointcloud_to_laserscan' returned '0': CMAKE_PREFIX_PATH=${CMAKE_PREFIX_PATH}:/home/fabian/yb_support/twist_stamper/install/twist_stamper:/home/fabian/youbot_ws/install/youbot:/opt/ros/rolling DEBUGINFOD_URLS=https://debuginfod.ubuntu.com /usr/bin/cmake --install /home/fabian/yb_support/pointcloud_to_laserscan/build/pointcloud_to_laserscan
